{"numTotalTestSuites":185,"numPassedTestSuites":182,"numFailedTestSuites":3,"numPendingTestSuites":0,"numTotalTests":964,"numPassedTests":962,"numFailedTests":2,"numPendingTests":0,"numTodoTests":0,"snapshot":{"added":0,"failure":false,"filesAdded":0,"filesRemoved":0,"filesRemovedList":[],"filesUnmatched":0,"filesUpdated":0,"matched":7,"total":7,"unchecked":0,"uncheckedKeysByFile":[],"unmatched":0,"updated":0,"didUpdate":false},"startTime":1789688633259,"success":false,"testResults":[{"assertionResults":[{"ancestorTitles":["AI crawler middleware"],"fullName":"AI crawler middleware sends exactly one POST for GPTBot and returns next before the beacon settles","status":"passed","title":"sends exactly one POST for GPTBot and returns next before the beacon settles","duration":22.13066700000013,"failureMessages":[],"meta":{},"tags":[]},{"ancestorTitles":["AI crawler middleware"],"fullName":"AI crawler middleware does not send a beacon for Chrome","status":"passed","title":"does not send a beacon for Chrome","duration":3.241708000000017,"failureMessages":[],"meta":{},"tags":[]},{"ancestorTitles":["AI crawler middleware"],"fullName":"AI crawler middleware excludes /dashboard even for GPTBot","status":"passed","title":"excludes /dashboard even for GPTBot","duration":7.661417000000029,"failureMessages":[],"meta":{},"tags":[]},{"ancestorTitles":["AI crawler middleware"],"fullName":"AI crawler middleware excludes /listings-private even for GPTBot","status":"passed","title":"excludes /listings-private even for GPTBot","duration":3.6762919999998758,"failureMessages":[],"meta":{},"tags":[]},{"ancestorTitles":["AI crawler middleware"],"fullName":"AI crawler middleware excludes /requests-private even for GPTBot","status":"passed","title":"excludes /requests-private even for GPTBot","duration":2.1450419999998758,"failureMessages":[],"meta":{},"tags":[]},{"ancestorTitles":["AI crawler middleware"],"fullName":"AI crawler middleware matches and reports public route /","status":"passed","title":"matches and reports public route /","duration":2.5122080000001006,"failureMessages":[],"meta":{},"tags":[]},{"ancestorTitles":["AI crawler middleware"],"fullName":"AI crawler middleware matches and reports public route /listings","status":"passed","title":"matches and reports public route /listings","duration":2.3105840000000626,"failureMessages":[],"meta":{},"tags":[]},{"ancestorTitles":["AI crawler middleware"],"fullName":"AI crawler middleware matches and reports public route /listings/some-slug","status":"passed","title":"matches and reports public route /listings/some-slug","duration":2.661666999999852,"failureMessages":[],"meta":{},"tags":[]},{"ancestorTitles":["AI crawler middleware"],"fullName":"AI crawler middleware matches and reports public route /requests","status":"passed","title":"matches and reports public route /requests","duration":2.314292000000023,"failureMessages":[],"meta":{},"tags":[]},{"ancestorTitles":["AI crawler middleware"],"fullName":"AI crawler middleware matches and reports public route /requests/some-slug","status":"passed","title":"matches and reports public route /requests/some-slug","duration":2.1172500000000127,"failureMessages":[],"meta":{},"tags":[]},{"ancestorTitles":["AI crawler middleware"],"fullName":"AI crawler middleware matches and reports public route /llms.txt","status":"passed","title":"matches and reports public route /llms.txt","duration":1.3052500000001146,"failureMessages":[],"meta":{},"tags":[]},{"ancestorTitles":["AI crawler middleware"],"fullName":"AI crawler middleware matches and reports public route /llms-full.txt","status":"passed","title":"matches and reports public route /llms-full.txt","duration":0.6159159999999702,"failureMessages":[],"meta":{},"tags":[]},{"ancestorTitles":["AI crawler middleware"],"fullName":"AI crawler middleware matches and reports public route /sitemap.xml","status":"passed","title":"matches and reports public route /sitemap.xml","duration":1.5208330000000387,"failureMessages":[],"meta":{},"tags":[]},{"ancestorTitles":["AI crawler middleware"],"fullName":"AI crawler middleware matches and reports public route /sitemap-listings.xml","status":"passed","title":"matches and reports public route /sitemap-listings.xml","duration":1.7074999999999818,"failureMessages":[],"meta":{},"tags":[]},{"ancestorTitles":["AI crawler middleware"],"fullName":"AI crawler middleware uses the server-side API URL fallback","status":"passed","title":"uses the server-side API URL fallback","duration":1.0074580000000424,"failureMessages":[],"meta":{},"tags":[]},{"ancestorTitles":["AI crawler middleware"],"fullName":"AI crawler middleware skips the beacon when the key is missing","status":"passed","title":"skips the beacon when the key is missing","duration":1.0292919999999413,"failureMessages":[],"meta":{},"tags":[]},{"ancestorTitles":["AI crawler middleware"],"fullName":"AI crawler middleware skips the beacon when the base is missing","status":"passed","title":"skips the beacon when the base is missing","duration":0.5473749999998745,"failureMessages":[],"meta":{},"tags":[]},{"ancestorTitles":["AI crawler middleware"],"fullName":"AI crawler middleware does not use the internal API key when the beacon key is unset","status":"passed","title":"does not use the internal API key when the beacon key is unset","duration":0.46125000000006366,"failureMessages":[],"meta":{},"tags":[]},{"ancestorTitles":["AI crawler middleware"],"fullName":"AI crawler middleware swallows a rejected beacon","status":"passed","title":"swallows a rejected beacon","duration":2.3099590000001626,"failureMessages":[],"meta":{},"tags":[]},{"ancestorTitles":["AI crawler middleware"],"fullName":"AI crawler middleware swallows a synchronous fetch failure","status":"passed","title":"swallows a synchronous fetch failure","duration":1.2635830000001533,"failureMessages":[],"meta":{},"tags":[]},{"ancestorTitles":["AI crawler middleware"],"fullName":"AI crawler middleware preserves Keystatic header rewriting without a beacon","status":"passed","title":"preserves Keystatic header rewriting without a beacon","duration":1.7759169999999358,"failureMessages":[],"meta":{},"tags":[]}],"startTime":1789688753263,"endTime":1789688753327.776,"status":"passed","message":"","name":"/private/var/tmp/koskadeux/minimal-bridge-worktrees/3cdeae8792ea-853fd0/middleware.test.ts"},{"assertionResults":[{"ancestorTitles":["next.config request discovery rewrites"],"fullName":"next.config request discovery rewrites proxies root and well-known requests.txt when API URL is configured","status":"passed","title":"proxies root and well-known requests.txt when API URL is configured","duration":8.798666999999966,"failureMessages":[],"meta":{},"tags":[]},{"ancestorTitles":["next.config request discovery rewrites"],"fullName":"next.config request discovery rewrites uses localhost fallback for requests.txt outside production","status":"passed","title":"uses localhost fallback for requests.txt outside production","duration":1.317542000000003,"failureMessages":[],"meta":{},"tags":[]},{"ancestorTitles":["next.config request discovery rewrites"],"fullName":"next.config request discovery rewrites proxies the share card image to the backend when API URL is configured","status":"passed","title":"proxies the share card image to the backend when API URL is configured","duration":0.925583999999958,"failureMessages":[],"meta":{},"tags":[]},{"ancestorTitles":["next.config request discovery rewrites"],"fullName":"next.config request discovery rewrites uses localhost fallback for the share card image outside production","status":"passed","title":"uses localhost fallback for the share card image outside production","duration":1.066500000000019,"failureMessages":[],"meta":{},"tags":[]}],"startTime":1789688810117,"endTime":1789688810129.0664,"status":"passed","message":"","name":"/private/var/tmp/koskadeux/minimal-bridge-worktrees/3cdeae8792ea-853fd0/next.config.test.ts"},{"assertionResults":[{"ancestorTitles":["anonymous chat API lifecycle"],"fullName":"anonymous chat API lifecycle keeps createAnonymousSession backwards compatible when no options are supplied","status":"passed","title":"keeps createAnonymousSession backwards compatible when no options are supplied","duration":12.227333000000044,"failureMessages":[],"meta":{},"tags":[]},{"ancestorTitles":["anonymous chat API lifecycle"],"fullName":"anonymous chat API lifecycle cancels the reader, releases its lock, and removes the abort listener","status":"passed","title":"cancels the reader, releases its lock, and removes the abort listener","duration":7.1504170000000045,"failureMessages":[],"meta":{},"tags":[]}],"startTime":1789688821168,"endTime":1789688821187.1504,"status":"passed","message":"","name":"/private/var/tmp/koskadeux/minimal-bridge-worktrees/3cdeae8792ea-853fd0/api/anonymousChat.test.ts"},{"assertionResults":[{"ancestorTitles":["auth register API"],"fullName":"auth register API defaults registrations to buyer while preserving the backend payload shape","status":"passed","title":"defaults registrations to buyer while preserving the backend payload shape","duration":9.434042000000034,"failureMessages":[],"meta":{},"tags":[]},{"ancestorTitles":["auth reauthentication API"],"fullName":"auth reauthentication API uses the deployed /auth/reauth contract and preserves its token field","status":"passed","title":"uses the deployed /auth/reauth contract and preserves its token field","duration":3.0655419999999935,"failureMessages":[],"meta":{},"tags":[]}],"startTime":1789688825204,"endTime":1789688825217.0654,"status":"passed","message":"","name":"/private/var/tmp/koskadeux/minimal-bridge-worktrees/3cdeae8792ea-853fd0/api/auth.test.ts"},{"assertionResults":[{"ancestorTitles":["createCheckout"],"fullName":"createCheckout includes version_id when a version is selected","status":"passed","title":"includes version_id when a version is selected","duration":9.186125000000061,"failureMessages":[],"meta":{},"tags":[]},{"ancestorTitles":["createCheckout"],"fullName":"createCheckout omits version_id for legacy/latest checkout","status":"passed","title":"omits version_id for legacy/latest checkout","duration":1.553707999999915,"failureMessages":[],"meta":{},"tags":[]}],"startTime":1789688834201,"endTime":1789688834212.5537,"status":"passed","message":"","name":"/private/var/tmp/koskadeux/minimal-bridge-worktrees/3cdeae8792ea-853fd0/api/checkout.test.ts"},{"assertionResults":[{"ancestorTitles":["refreshAccessToken"],"fullName":"refreshAccessToken waits for Retry-After delta-seconds without retrying early","status":"passed","title":"waits for Retry-After delta-seconds without retrying early","duration":35.96666700000003,"failureMessages":[],"meta":{},"tags":[]},{"ancestorTitles":["refreshAccessToken"],"fullName":"refreshAccessToken parses Retry-After HTTP-date","status":"passed","title":"parses Retry-After HTTP-date","duration":9.437457999999992,"failureMessages":[],"meta":{},"tags":[]},{"ancestorTitles":["refreshAccessToken"],"fullName":"refreshAccessToken falls back to 60 seconds for invalid Retry-After","status":"passed","title":"falls back to 60 seconds for invalid Retry-After","duration":6.010833000000048,"failureMessages":[],"meta":{},"tags":[]},{"ancestorTitles":["refreshAccessToken"],"fullName":"refreshAccessToken falls back to 60 seconds for fractional numeric Retry-After","status":"passed","title":"falls back to 60 seconds for fractional numeric Retry-After","duration":3.53125,"failureMessages":[],"meta":{},"tags":[]},{"ancestorTitles":["refreshAccessToken"],"fullName":"refreshAccessToken falls back to 60 seconds for negative numeric Retry-After","status":"passed","title":"falls back to 60 seconds for negative numeric Retry-After","duration":3.572125000000028,"failureMessages":[],"meta":{},"tags":[]},{"ancestorTitles":["refreshAccessToken"],"fullName":"refreshAccessToken falls back to 60 seconds for explicitly positive numeric Retry-After","status":"passed","title":"falls back to 60 seconds for explicitly positive numeric Retry-After","duration":3.5795000000000528,"failureMessages":[],"meta":{},"tags":[]},{"ancestorTitles":["refreshAccessToken"],"fullName":"refreshAccessToken falls back to 60 seconds for missing Retry-After","status":"passed","title":"falls back to 60 seconds for missing Retry-After","duration":3.2574579999999287,"failureMessages":[],"meta":{},"tags":[]},{"ancestorTitles":["refreshAccessToken"],"fullName":"refreshAccessToken clamps zero Retry-After to the supported bound","status":"passed","title":"clamps zero Retry-After to the supported bound","duration":3.6259579999999687,"failureMessages":[],"meta":{},"tags":[]},{"ancestorTitles":["refreshAccessToken"],"fullName":"refreshAccessToken clamps above maximum Retry-After to the supported bound","status":"passed","title":"clamps above maximum Retry-After to the supported bound","duration":2.461375000000089,"failureMessages":[],"meta":{},"tags":[]},{"ancestorTitles":["refreshAccessToken"],"fullName":"refreshAccessToken keeps concurrent callers on one single-flight through the wait and retry","status":"passed","title":"keeps concurrent callers on one single-flight through the wait and retry","duration":2.4127919999999676,"failureMessages":[],"meta":{},"tags":[]},{"ancestorTitles":["refreshAccessToken"],"fullName":"refreshAccessToken retries exactly once and treats a second 429 as transient","status":"passed","title":"retries exactly once and treats a second 429 as transient","duration":1.9480409999999893,"failureMessages":[],"meta":{},"tags":[]},{"ancestorTitles":["refreshAccessToken"],"fullName":"refreshAccessToken clears auth and redirects for terminal refresh 401","status":"passed","title":"clears auth and redirects for terminal refresh 401","duration":2.495582999999897,"failureMessages":[],"meta":{},"tags":[]},{"ancestorTitles":["refreshAccessToken"],"fullName":"refreshAccessToken clears auth and redirects for terminal refresh 403","status":"passed","title":"clears auth and redirects for terminal refresh 403","duration":3.282958000000008,"failureMessages":[],"meta":{},"tags":[]},{"ancestorTitles":["refreshAccessToken"],"fullName":"refreshAccessToken clears auth without redirecting an anonymous visitor after a terminal 401","status":"passed","title":"clears auth without redirecting an anonymous visitor after a terminal 401","duration":3.5710419999999203,"failureMessages":[],"meta":{},"tags":[]},{"ancestorTitles":["refreshAccessToken"],"fullName":"refreshAccessToken preserves auth for transient network failure","status":"passed","title":"preserves auth for transient network failure","duration":2.9710000000000036,"failureMessages":[],"meta":{},"tags":[]},{"ancestorTitles":["refreshAccessToken"],"fullName":"refreshAccessToken preserves auth for transient server failure","status":"passed","title":"preserves auth for transient server failure","duration":3.0699999999999363,"failureMessages":[],"meta":{},"tags":[]},{"ancestorTitles":["api client response handling"],"fullName":"api client response handling rejects the transient refresh error without redirecting","status":"passed","title":"rejects the transient refresh error without redirecting","duration":9.423041000000012,"failureMessages":[],"meta":{},"tags":[]}],"startTime":1789688700120,"endTime":1789688700221.423,"status":"passed","message":"","name":"/private/var/tmp/koskadeux/minimal-bridge-worktrees/3cdeae8792ea-853fd0/api/client.test.ts"},{"assertionResults":[{"ancestorTitles":["Stripe Connect onboarding redirect"],"fullName":"Stripe Connect onboarding redirect redirects to hosted onboarding_url responses","status":"passed","title":"redirects to hosted onboarding_url responses","duration":6.500375000000076,"failureMessages":[],"meta":{},"tags":[]},{"ancestorTitles":["Stripe Connect onboarding redirect"],"fullName":"Stripe Connect onboarding redirect redirects to legacy url responses","status":"passed","title":"redirects to legacy url responses","duration":0.6740839999999935,"failureMessages":[],"meta":{},"tags":[]},{"ancestorTitles":["Stripe Connect onboarding redirect"],"fullName":"Stripe Connect onboarding redirect rejects missing and invalid onboarding URLs","status":"passed","title":"rejects missing and invalid onboarding URLs","duration":2.273666999999932,"failureMessages":[],"meta":{},"tags":[]},{"ancestorTitles":["Stripe Connect onboarding redirect"],"fullName":"Stripe Connect onboarding redirect identifies the 403 2FA detail used for the info toast branch","status":"passed","title":"identifies the 403 2FA detail used for the info toast branch","duration":0.7983339999999544,"failureMessages":[],"meta":{},"tags":[]},{"ancestorTitles":["Stripe Connect onboarding redirect"],"fullName":"Stripe Connect onboarding redirect does not classify other 403 responses as 2FA-required","status":"passed","title":"does not classify other 403 responses as 2FA-required","duration":0.47004200000003493,"failureMessages":[],"meta":{},"tags":[]}],"startTime":1789688814195,"endTime":1789688814206.47,"status":"passed","message":"","name":"/private/var/tmp/koskadeux/minimal-bridge-worktrees/3cdeae8792ea-853fd0/api/connect.test.ts"},{"assertionResults":[{"ancestorTitles":["dataVerificationPayin API"],"fullName":"dataVerificationPayin API uses authenticated api/client for the exact readiness URL","status":"passed","title":"uses authenticated api/client for the exact readiness URL","duration":6.2075419999999895,"failureMessages":[],"meta":{},"tags":[]},{"ancestorTitles":["dataVerificationPayin API"],"fullName":"dataVerificationPayin API sends the exact versioned setup body and reauth header","status":"passed","title":"sends the exact versioned setup body and reauth header","duration":1.831124999999986,"failureMessages":[],"meta":{},"tags":[]},{"ancestorTitles":["dataVerificationPayin API"],"fullName":"dataVerificationPayin API accepts real RFC3339 UTC instants and rejects normalized impossible dates","status":"passed","title":"accepts real RFC3339 UTC instants and rejects normalized impossible dates","duration":5.192000000000007,"failureMessages":[],"meta":{},"tags":[]},{"ancestorTitles":["dataVerificationPayin API"],"fullName":"dataVerificationPayin API sends the exact versioned reconcile body and fresh reauth header","status":"passed","title":"sends the exact versioned reconcile body and fresh reauth header","duration":0.9280840000000126,"failureMessages":[],"meta":{},"tags":[]},{"ancestorTitles":["dataVerificationPayin API"],"fullName":"dataVerificationPayin API rejects wrong versions, unknown keys, invalid states, and inconsistent readiness booleans","status":"passed","title":"rejects wrong versions, unknown keys, invalid states, and inconsistent readiness booleans","duration":3.741583999999989,"failureMessages":[],"meta":{},"tags":[]},{"ancestorTitles":["dataVerificationPayin API"],"fullName":"dataVerificationPayin API rejects prototype-chain readiness state names","status":"passed","title":"rejects prototype-chain readiness state names","duration":0.7767910000000029,"failureMessages":[],"meta":{},"tags":[]},{"ancestorTitles":["dataVerificationPayin API"],"fullName":"dataVerificationPayin API accepts only opaque setup-attempt and Checkout-session identifiers","status":"passed","title":"accepts only opaque setup-attempt and Checkout-session identifiers","duration":0.9338750000000005,"failureMessages":[],"meta":{},"tags":[]},{"ancestorTitles":["dataVerificationPayin API"],"fullName":"dataVerificationPayin API navigates exactly once through the top-level location boundary","status":"passed","title":"navigates exactly once through the top-level location boundary","duration":0.4732920000000149,"failureMessages":[],"meta":{},"tags":[]},{"ancestorTitles":["dataVerificationPayin API"],"fullName":"dataVerificationPayin API classifies disabled and ineligible surfaces without exposing response details","status":"passed","title":"classifies disabled and ineligible surfaces without exposing response details","duration":0.6487500000000068,"failureMessages":[],"meta":{},"tags":[]},{"ancestorTitles":["dataVerificationPayin API"],"fullName":"dataVerificationPayin API never imports the public lib/api transport","status":"passed","title":"never imports the public lib/api transport","duration":1.1195000000000164,"failureMessages":[],"meta":{},"tags":[]}],"startTime":1789688710187,"endTime":1789688710209.1194,"status":"passed","message":"","name":"/private/var/tmp/koskadeux/minimal-bridge-worktrees/3cdeae8792ea-853fd0/api/dataVerificationPayin.test.ts"},{"assertionResults":[{"ancestorTitles":["getMarketplaceCategoryFacets"],"fullName":"getMarketplaceCategoryFacets returns facets.categories from the public search payload","status":"passed","title":"returns facets.categories from the public search payload","duration":7.045749999999998,"failureMessages":[],"meta":{},"tags":[]},{"ancestorTitles":["getMarketplaceCategoryFacets"],"fullName":"getMarketplaceCategoryFacets fails when the search payload has no category facet data","status":"passed","title":"fails when the search payload has no category facet data","duration":2.46795800000001,"failureMessages":[],"meta":{},"tags":[]}],"startTime":1789688830598,"endTime":1789688830607.468,"status":"passed","message":"","name":"/private/var/tmp/koskadeux/minimal-bridge-worktrees/3cdeae8792ea-853fd0/api/listings.test.ts"},{"assertionResults":[{"ancestorTitles":["notifications API"],"fullName":"notifications API requests the notification list with its filters","status":"passed","title":"requests the notification list with its filters","duration":8.663291999999956,"failureMessages":[],"meta":{},"tags":[]},{"ancestorTitles":["notifications API"],"fullName":"notifications API requests the unread notification count","status":"passed","title":"requests the unread notification count","duration":0.8459169999999858,"failureMessages":[],"meta":{},"tags":[]}],"startTime":1789688835411,"endTime":1789688835420.846,"status":"passed","message":"","name":"/private/var/tmp/koskadeux/minimal-bridge-worktrees/3cdeae8792ea-853fd0/api/notifications.test.ts"},{"assertionResults":[{"ancestorTitles":[],"fullName":"displays list amounts from backend cents while preserving legacy amounts and purchase access","status":"passed","title":"displays list amounts from backend cents while preserving legacy amounts and purchase access","duration":3.9044999999999845,"failureMessages":[],"meta":{},"tags":[]},{"ancestorTitles":[],"fullName":"uses the stored purchase title and cents for Workspace order display","status":"passed","title":"uses the stored purchase title and cents for Workspace order display","duration":0.7902080000000069,"failureMessages":[],"meta":{},"tags":[]}],"startTime":1789688830993,"endTime":1789688830997.7903,"status":"passed","message":"","name":"/private/var/tmp/koskadeux/minimal-bridge-worktrees/3cdeae8792ea-853fd0/api/orders.workspace.test.ts"},{"assertionResults":[{"ancestorTitles":["seller API"],"fullName":"seller API passes the Awaiting delivery query to seller orders","status":"passed","title":"passes the Awaiting delivery query to seller orders","duration":8.23316699999998,"failureMessages":[],"meta":{},"tags":[]},{"ancestorTitles":["seller API"],"fullName":"seller API omits status_filter for All","status":"passed","title":"omits status_filter for All","duration":2.4307080000000383,"failureMessages":[],"meta":{},"tags":[]},{"ancestorTitles":["seller API"],"fullName":"seller API requests typed seller stats","status":"passed","title":"requests typed seller stats","duration":1.7925420000000258,"failureMessages":[],"meta":{},"tags":[]}],"startTime":1789688829805,"endTime":1789688829816.7925,"status":"passed","message":"","name":"/private/var/tmp/koskadeux/minimal-bridge-worktrees/3cdeae8792ea-853fd0/api/seller.test.ts"},{"assertionResults":[{"ancestorTitles":[],"fullName":"reuses the request identity after an unknown response and uses a new identity after success","status":"passed","title":"reuses the request identity after an unknown response and uses a new identity after success","duration":17.737124999999992,"failureMessages":[],"meta":{},"tags":[]},{"ancestorTitles":[],"fullName":"does not discard a newer retry identity when an older response arrives","status":"passed","title":"does not discard a newer retry identity when an older response arrives","duration":1.5404170000000477,"failureMessages":[],"meta":{},"tags":[]}],"startTime":1789688817697,"endTime":1789688817716.5405,"status":"passed","message":"","name":"/private/var/tmp/koskadeux/minimal-bridge-worktrees/3cdeae8792ea-853fd0/api/sellerListingAssistant.test.ts"},{"assertionResults":[{"ancestorTitles":[],"fullName":"publishes only the approval binding and stable request identity","status":"passed","title":"publishes only the approval binding and stable request identity","duration":7.894334000000015,"failureMessages":[],"meta":{},"tags":[]},{"ancestorTitles":[],"fullName":"refuses a receipt from a different approved render","status":"passed","title":"refuses a receipt from a different approved render","duration":1.7613329999999792,"failureMessages":[],"meta":{},"tags":[]},{"ancestorTitles":[],"fullName":"rejects a page for a different request and ignores cancelled responses","status":"passed","title":"rejects a page for a different request and ignores cancelled responses","duration":1.295332999999971,"failureMessages":[],"meta":{},"tags":[]},{"ancestorTitles":[],"fullName":"checks that visibility changes return the same immutable listing","status":"passed","title":"checks that visibility changes return the same immutable listing","duration":1.1830420000000004,"failureMessages":[],"meta":{},"tags":[]}],"startTime":1789688803759,"endTime":1789688803771.183,"status":"passed","message":"","name":"/private/var/tmp/koskadeux/minimal-bridge-worktrees/3cdeae8792ea-853fd0/api/sellerListingPublication.test.ts"},{"assertionResults":[{"ancestorTitles":[],"fullName":"returns only the exact render whose digest was prepared by the backend","status":"passed","title":"returns only the exact render whose digest was prepared by the backend","duration":12.193332999999996,"failureMessages":[],"meta":{},"tags":[]},{"ancestorTitles":[],"fullName":"rejects changed, unsupported or unbounded rendered reviews","status":"passed","title":"rejects changed, unsupported or unbounded rendered reviews","duration":3.877958000000035,"failureMessages":[],"meta":{},"tags":[]},{"ancestorTitles":[],"fullName":"rejects changed, unsupported or unbounded rendered reviews","status":"passed","title":"rejects changed, unsupported or unbounded rendered reviews","duration":1.2900829999999814,"failureMessages":[],"meta":{},"tags":[]},{"ancestorTitles":[],"fullName":"rejects changed, unsupported or unbounded rendered reviews","status":"passed","title":"rejects changed, unsupported or unbounded rendered reviews","duration":0.7799580000000219,"failureMessages":[],"meta":{},"tags":[]},{"ancestorTitles":[],"fullName":"rejects changed, unsupported or unbounded rendered reviews","status":"passed","title":"rejects changed, unsupported or unbounded rendered reviews","duration":1.251374999999996,"failureMessages":[],"meta":{},"tags":[]},{"ancestorTitles":[],"fullName":"does not return a render after navigation cancels the request","status":"passed","title":"does not return a render after navigation cancels the request","duration":2.494708000000003,"failureMessages":[],"meta":{},"tags":[]},{"ancestorTitles":[],"fullName":"sends only exact review identities and explicit confirmations, never source or HTML payloads","status":"passed","title":"sends only exact review identities and explicit confirmations, never source or HTML payloads","duration":1.7850410000000352,"failureMessages":[],"meta":{},"tags":[]},{"ancestorTitles":[],"fullName":"accepts a bounded first page for the full 22,000-file review","status":"passed","title":"accepts a bounded first page for the full 22,000-file review","duration":1.4030419999999708,"failureMessages":[],"meta":{},"tags":[]},{"ancestorTitles":[],"fullName":"refuses a mismatched or incomplete subsequent page: {\"source_hash\":\"cccccccccccccccccccccccccccccccccccccccccccccccccccccccccccccccc\"}","status":"passed","title":"refuses a mismatched or incomplete subsequent page: {\"source_hash\":\"cccccccccccccccccccccccccccccccccccccccccccccccccccccccccccccccc\"}","duration":0.9449169999999754,"failureMessages":[],"meta":{},"tags":[]},{"ancestorTitles":[],"fullName":"refuses a mismatched or incomplete subsequent page: {\"source_version\":2}","status":"passed","title":"refuses a mismatched or incomplete subsequent page: {\"source_version\":2}","duration":0.620790999999997,"failureMessages":[],"meta":{},"tags":[]},{"ancestorTitles":[],"fullName":"refuses a mismatched or incomplete subsequent page: {\"review_hash\":\"cccccccccccccccccccccccccccccccccccccccccccccccccccccccccccccccc\"}","status":"passed","title":"refuses a mismatched or incomplete subsequent page: {\"review_hash\":\"cccccccccccccccccccccccccccccccccccccccccccccccccccccccccccccccc\"}","duration":1.2781250000000455,"failureMessages":[],"meta":{},"tags":[]},{"ancestorTitles":[],"fullName":"refuses a mismatched or incomplete subsequent page: {\"total_count\":21999}","status":"passed","title":"refuses a mismatched or incomplete subsequent page: {\"total_count\":21999}","duration":0.985334000000023,"failureMessages":[],"meta":{},"tags":[]},{"ancestorTitles":[],"fullName":"refuses a mismatched or incomplete subsequent page: {\"total_size_bytes\":21999}","status":"passed","title":"refuses a mismatched or incomplete subsequent page: {\"total_size_bytes\":21999}","duration":0.5389169999999694,"failureMessages":[],"meta":{},"tags":[]},{"ancestorTitles":[],"fullName":"refuses a mismatched or incomplete subsequent page: {\"offset\":51}","status":"passed","title":"refuses a mismatched or incomplete subsequent page: {\"offset\":51}","duration":0.6512089999999944,"failureMessages":[],"meta":{},"tags":[]},{"ancestorTitles":[],"fullName":"refuses a mismatched or incomplete subsequent page: {\"files\":[]}","status":"passed","title":"refuses a mismatched or incomplete subsequent page: {\"files\":[]}","duration":0.3768749999999841,"failureMessages":[],"meta":{},"tags":[]},{"ancestorTitles":[],"fullName":"refuses a mismatched or incomplete subsequent page: {\"next_cursor\":null}","status":"passed","title":"refuses a mismatched or incomplete subsequent page: {\"next_cursor\":null}","duration":0.343832999999961,"failureMessages":[],"meta":{},"tags":[]},{"ancestorTitles":[],"fullName":"refuses a mismatched or incomplete subsequent page: {\"files\":[{\"key\":\"private/0.csv\",\"size\":1,\"etag\":\"e\",\"version_id\":null},{\"key\":\"private/0.csv\",\"size\":1,\"etag\":\"e\",\"version_id\":null}]}","status":"passed","title":"refuses a mismatched or incomplete subsequent page: {\"files\":[{\"key\":\"private/0.csv\",\"size\":1,\"etag\":\"e\",\"version_id\":null},{\"key\":\"private/0.csv\",\"size\":1,\"etag\":\"e\",\"version_id\":null}]}","duration":0.6349170000000299,"failureMessages":[],"meta":{},"tags":[]},{"ancestorTitles":[],"fullName":"refuses a mismatched or incomplete subsequent page: {\"page_size\":50001}","status":"passed","title":"refuses a mismatched or incomplete subsequent page: {\"page_size\":50001}","duration":0.6930420000000481,"failureMessages":[],"meta":{},"tags":[]},{"ancestorTitles":[],"fullName":"requests one cursor-bound page and refuses a cancelled response","status":"passed","title":"requests one cursor-bound page and refuses a cancelled response","duration":1.8185829999999896,"failureMessages":[],"meta":{},"tags":[]}],"startTime":1789688758052,"endTime":1789688758086.8186,"status":"passed","message":"","name":"/private/var/tmp/koskadeux/minimal-bridge-worktrees/3cdeae8792ea-853fd0/api/sellerListingReview.test.ts"},{"assertionResults":[{"ancestorTitles":["Seller Workspace capability truth"],"fullName":"Seller Workspace capability truth does not enable profiling from connect availability or contradictory flags","status":"passed","title":"does not enable profiling from connect availability or contradictory flags","duration":3.4099579999999605,"failureMessages":[],"meta":{},"tags":[]},{"ancestorTitles":["Seller Workspace capability truth"],"fullName":"Seller Workspace capability truth does not require profiling for source discovery or infer discovery from profiling","status":"passed","title":"does not require profiling for source discovery or infer discovery from profiling","duration":0.38287500000001273,"failureMessages":[],"meta":{},"tags":[]},{"ancestorTitles":["Seller Workspace capability truth"],"fullName":"Seller Workspace capability truth uses only the frozen capability endpoint","status":"passed","title":"uses only the frozen capability endpoint","duration":4.437333999999964,"failureMessages":[],"meta":{},"tags":[]},{"ancestorTitles":["Seller Workspace capability truth"],"fullName":"Seller Workspace capability truth defaults off unless both master and AWS connect are explicitly available","status":"passed","title":"defaults off unless both master and AWS connect are explicitly available","duration":0.7084999999999582,"failureMessages":[],"meta":{},"tags":[]},{"ancestorTitles":["Seller Workspace frozen routes"],"fullName":"Seller Workspace frozen routes passes object scope and opaque cursor as query parameters","status":"passed","title":"passes object scope and opaque cursor as query parameters","duration":2.2827499999999645,"failureMessages":[],"meta":{},"tags":[]},{"ancestorTitles":["Seller Workspace frozen routes"],"fullName":"Seller Workspace frozen routes binds cancellation to the observed job version and idempotency key","status":"passed","title":"binds cancellation to the observed job version and idempotency key","duration":0.8885420000000295,"failureMessages":[],"meta":{},"tags":[]},{"ancestorTitles":["Seller Workspace frozen routes"],"fullName":"Seller Workspace frozen routes lists connections and retrieves open authorization without mutation headers","status":"passed","title":"lists connections and retrieves open authorization without mutation headers","duration":0.9949999999998909,"failureMessages":[],"meta":{},"tags":[]},{"ancestorTitles":["Seller Workspace frozen routes"],"fullName":"Seller Workspace frozen routes sends a safe Idempotency-Key on every mutation and never sends principal or ExternalId","status":"passed","title":"sends a safe Idempotency-Key on every mutation and never sends principal or ExternalId","duration":1.7749590000000808,"failureMessages":[],"meta":{},"tags":[]},{"ancestorTitles":["Seller Workspace frozen routes"],"fullName":"Seller Workspace frozen routes generates a backend-safe collision-resistant idempotency key","status":"passed","title":"generates a backend-safe collision-resistant idempotency key","duration":2.1969170000000986,"failureMessages":[],"meta":{},"tags":[]},{"ancestorTitles":["Seller Workspace frozen routes"],"fullName":"Seller Workspace frozen routes rejects unsafe caller-provided idempotency keys before any mutation","status":"passed","title":"rejects unsafe caller-provided idempotency keys before any mutation","duration":1.582416999999964,"failureMessages":[],"meta":{},"tags":[]},{"ancestorTitles":["Seller Workspace safe errors"],"fullName":"Seller Workspace safe errors reduces status 403 to a safe code","status":"passed","title":"reduces status 403 to a safe code","duration":3.332791000000043,"failureMessages":[],"meta":{},"tags":[]},{"ancestorTitles":["Seller Workspace safe errors"],"fullName":"Seller Workspace safe errors reduces status 409 to a safe code","status":"passed","title":"reduces status 409 to a safe code","duration":0.7723750000000109,"failureMessages":[],"meta":{},"tags":[]},{"ancestorTitles":["Seller Workspace safe errors"],"fullName":"Seller Workspace safe errors reduces status 422 to a safe code","status":"passed","title":"reduces status 422 to a safe code","duration":0.6224169999999276,"failureMessages":[],"meta":{},"tags":[]},{"ancestorTitles":["Seller Workspace safe errors"],"fullName":"Seller Workspace safe errors reduces status 422 to a safe code","status":"passed","title":"reduces status 422 to a safe code","duration":0.27320899999995163,"failureMessages":[],"meta":{},"tags":[]},{"ancestorTitles":["Seller Workspace safe errors"],"fullName":"Seller Workspace safe errors reduces status 503 to a safe code","status":"passed","title":"reduces status 503 to a safe code","duration":0.23683299999993324,"failureMessages":[],"meta":{},"tags":[]},{"ancestorTitles":["Seller Workspace safe errors"],"fullName":"Seller Workspace safe errors reduces status 503 to a safe code","status":"passed","title":"reduces status 503 to a safe code","duration":0.20162500000003547,"failureMessages":[],"meta":{},"tags":[]}],"startTime":1789688699387,"endTime":1789688699412.2017,"status":"passed","message":"","name":"/private/var/tmp/koskadeux/minimal-bridge-worktrees/3cdeae8792ea-853fd0/api/sellerWorkspace.test.ts"},{"assertionResults":[{"ancestorTitles":[],"fullName":"accepts the fixed R2  endpoint","status":"passed","title":"accepts the fixed R2  endpoint","duration":9.867250000000013,"failureMessages":[],"meta":{},"tags":[]},{"ancestorTitles":[],"fullName":"accepts the fixed R2 eu. endpoint","status":"passed","title":"accepts the fixed R2 eu. endpoint","duration":1.0071249999999736,"failureMessages":[],"meta":{},"tags":[]},{"ancestorTitles":[],"fullName":"accepts the fixed R2 us. endpoint","status":"passed","title":"accepts the fixed R2 us. endpoint","duration":4.648958999999991,"failureMessages":[],"meta":{},"tags":[]},{"ancestorTitles":[],"fullName":"accepts the fixed R2 fedramp. endpoint","status":"passed","title":"accepts the fixed R2 fedramp. endpoint","duration":0.3951250000000073,"failureMessages":[],"meta":{},"tags":[]},{"ancestorTitles":[],"fullName":"rejects unapproved R2 host evil.r2.cloudflarestorage.com","status":"passed","title":"rejects unapproved R2 host evil.r2.cloudflarestorage.com","duration":2.152500000000032,"failureMessages":[],"meta":{},"tags":[]},{"ancestorTitles":[],"fullName":"rejects unapproved R2 host dddddddddddddddddddddddddddddddd.r2.cloudflarestorage.com.evil.example","status":"passed","title":"rejects unapproved R2 host dddddddddddddddddddddddddddddddd.r2.cloudflarestorage.com.evil.example","duration":0.45799999999997,"failureMessages":[],"meta":{},"tags":[]},{"ancestorTitles":[],"fullName":"rejects unapproved R2 host dddddddddddddddddddddddddddddddd.evil.r2.cloudflarestorage.com","status":"passed","title":"rejects unapproved R2 host dddddddddddddddddddddddddddddddd.evil.r2.cloudflarestorage.com","duration":0.5747910000000047,"failureMessages":[],"meta":{},"tags":[]},{"ancestorTitles":[],"fullName":"waits for 429 then retries the same file in the same session without allocating another download","status":"passed","title":"waits for 429 then retries the same file in the same session without allocating another download","duration":12.771250000000009,"failureMessages":[],"meta":{},"tags":[]},{"ancestorTitles":[],"fullName":"cancels a pending wait without another request","status":"passed","title":"cancels a pending wait without another request","duration":2.2968329999999924,"failureMessages":[],"meta":{},"tags":[]},{"ancestorTitles":[],"fullName":"stops after three rate retries","status":"passed","title":"stops after three rate retries","duration":1.6870000000000118,"failureMessages":[],"meta":{},"tags":[]},{"ancestorTitles":[],"fullName":"does not replay a 403 response","status":"passed","title":"does not replay a 403 response","duration":1.3773330000000215,"failureMessages":[],"meta":{},"tags":[]},{"ancestorTitles":[],"fullName":"does not replay a 404 response","status":"passed","title":"does not replay a 404 response","duration":0.6782500000000482,"failureMessages":[],"meta":{},"tags":[]},{"ancestorTitles":[],"fullName":"does not replay a 409 response","status":"passed","title":"does not replay a 409 response","duration":0.3822499999999991,"failureMessages":[],"meta":{},"tags":[]},{"ancestorTitles":[],"fullName":"does not replay a 503 response","status":"passed","title":"does not replay a 503 response","duration":0.3480409999999665,"failureMessages":[],"meta":{},"tags":[]},{"ancestorTitles":[],"fullName":"does not shorten or guess unsupported Retry-After 120","status":"passed","title":"does not shorten or guess unsupported Retry-After 120","duration":0.4219999999999118,"failureMessages":[],"meta":{},"tags":[]},{"ancestorTitles":[],"fullName":"does not shorten or guess unsupported Retry-After nonsense","status":"passed","title":"does not shorten or guess unsupported Retry-After nonsense","duration":0.4706660000000511,"failureMessages":[],"meta":{},"tags":[]},{"ancestorTitles":[],"fullName":"does not shorten or guess unsupported Retry-After -1","status":"passed","title":"does not shorten or guess unsupported Retry-After -1","duration":0.6617919999999913,"failureMessages":[],"meta":{},"tags":[]},{"ancestorTitles":[],"fullName":"honors an HTTP-date Retry-After","status":"passed","title":"honors an HTTP-date Retry-After","duration":1.8393330000000105,"failureMessages":[],"meta":{},"tags":[]}],"startTime":1789688767826,"endTime":1789688767868.8394,"status":"passed","message":"","name":"/private/var/tmp/koskadeux/minimal-bridge-worktrees/3cdeae8792ea-853fd0/api/sellerWorkspaceDownload.test.ts"},{"assertionResults":[{"ancestorTitles":["filterDiscoverableItems"],"fullName":"filterDiscoverableItems pins unlisted listings as hidden from browse/search surfaces","status":"passed","title":"pins unlisted listings as hidden from browse/search surfaces","duration":7.784334000000058,"failureMessages":[],"meta":{},"tags":[]}],"startTime":1789688826626,"endTime":1789688826633.7844,"status":"passed","message":"","name":"/private/var/tmp/koskadeux/minimal-bridge-worktrees/3cdeae8792ea-853fd0/hooks/useSearchListings.test.ts"},{"assertionResults":[{"ancestorTitles":["SignedOutPurchase"],"fullName":"SignedOutPurchase keeps Buy Now available and explains that sign-in does not charge the buyer","status":"passed","title":"keeps Buy Now available and explains that sign-in does not charge the buyer","duration":53.10374999999999,"failureMessages":[],"meta":{},"tags":[]},{"ancestorTitles":["SignedOutPurchase"],"fullName":"SignedOutPurchase previews known purchase facts and omits unavailable facts","status":"passed","title":"previews known purchase facts and omits unavailable facts","duration":6.200416000000018,"failureMessages":[],"meta":{},"tags":[]}],"startTime":1789688786164,"endTime":1789688786223.2004,"status":"passed","message":"","name":"/private/var/tmp/koskadeux/minimal-bridge-worktrees/3cdeae8792ea-853fd0/components/BuyButton.test.tsx"},{"assertionResults":[{"ancestorTitles":["InquiryWidget"],"fullName":"InquiryWidget creates an anonymous session, sends listing context, and renders streamed deltas","status":"passed","title":"creates an anonymous session, sends listing context, and renders streamed deltas","duration":398.99524999999994,"failureMessages":[],"meta":{},"tags":[]},{"ancestorTitles":["InquiryWidget"],"fullName":"InquiryWidget drops a cached session after a message 404 and creates a fresh session on retry","status":"passed","title":"drops a cached session after a message 404 and creates a fresh session on retry","duration":65.94887500000004,"failureMessages":[],"meta":{},"tags":[]},{"ancestorTitles":["InquiryWidget"],"fullName":"InquiryWidget shows an actionable still-working state after eight seconds and resets on completion","status":"passed","title":"shows an actionable still-working state after eight seconds and resets on completion","duration":85.9855419999999,"failureMessages":[],"meta":{},"tags":[]},{"ancestorTitles":["InquiryWidget"],"fullName":"InquiryWidget keeps the anonymous wait label and notice coherent through an auth hydration flip","status":"passed","title":"keeps the anonymous wait label and notice coherent through an auth hydration flip","duration":54.01233400000001,"failureMessages":[],"meta":{},"tags":[]},{"ancestorTitles":["InquiryWidget"],"fullName":"InquiryWidget keeps a completed anonymous thread visible when auth hydrates mid-attempt","status":"passed","title":"keeps a completed anonymous thread visible when auth hydrates mid-attempt","duration":38.64083299999993,"failureMessages":[],"meta":{},"tags":[]},{"ancestorTitles":["InquiryWidget"],"fullName":"InquiryWidget ends an anonymous attempt at exactly 45 seconds with retry and sign-in recovery","status":"passed","title":"ends an anonymous attempt at exactly 45 seconds with retry and sign-in recovery","duration":58.456750000000284,"failureMessages":[],"meta":{},"tags":[]},{"ancestorTitles":["InquiryWidget"],"fullName":"InquiryWidget preserves a nonempty textarea edit rather than the submitted snapshot on timeout sign-in","status":"passed","title":"preserves a nonempty textarea edit rather than the submitted snapshot on timeout sign-in","duration":37.94066699999985,"failureMessages":[],"meta":{},"tags":[]},{"ancestorTitles":["InquiryWidget"],"fullName":"InquiryWidget retries with a new session after session creation itself reaches the deadline","status":"passed","title":"retries with a new session after session creation itself reaches the deadline","duration":48.88429199999973,"failureMessages":[],"meta":{},"tags":[]},{"ancestorTitles":["InquiryWidget"],"fullName":"InquiryWidget accepts a successful anonymous response immediately before the overall deadline","status":"passed","title":"accepts a successful anonymous response immediately before the overall deadline","duration":39.93025000000034,"failureMessages":[],"meta":{},"tags":[]},{"ancestorTitles":["InquiryWidget"],"fullName":"InquiryWidget does not let a cleared deadline from an ordinary error abort a retry","status":"passed","title":"does not let a cleared deadline from an ordinary error abort a retry","duration":56.94783300000017,"failureMessages":[],"meta":{},"tags":[]},{"ancestorTitles":["InquiryWidget"],"fullName":"InquiryWidget shows only the timeout recovery CTA after a successful attempt then a timed-out attempt","status":"passed","title":"shows only the timeout recovery CTA after a successful attempt then a timed-out attempt","duration":57.07024999999976,"failureMessages":[],"meta":{},"tags":[]},{"ancestorTitles":["InquiryWidget"],"fullName":"InquiryWidget resets the anonymous wait state when a terminal error arrives after eight seconds","status":"passed","title":"resets the anonymous wait state when a terminal error arrives after eight seconds","duration":39.497583000000304,"failureMessages":[],"meta":{},"tags":[]},{"ancestorTitles":["InquiryWidget"],"fullName":"InquiryWidget cleans up without stale timers or state warnings when unmounted before the wait fires","status":"passed","title":"cleans up without stale timers or state warnings when unmounted before the wait fires","duration":19.175624999999854,"failureMessages":[],"meta":{},"tags":[]},{"ancestorTitles":["InquiryWidget"],"fullName":"InquiryWidget cleans up without stale timers or state warnings when unmounted after the wait fires","status":"passed","title":"cleans up without stale timers or state warnings when unmounted after the wait fires","duration":20.645542000000205,"failureMessages":[],"meta":{},"tags":[]},{"ancestorTitles":["InquiryWidget"],"fullName":"InquiryWidget cancels and releases a pending SSE reader without stale updates on unmount","status":"passed","title":"cancels and releases a pending SSE reader without stale updates on unmount","duration":128.68904199999997,"failureMessages":[],"meta":{},"tags":[]},{"ancestorTitles":["InquiryWidget"],"fullName":"InquiryWidget keeps authenticated submission on the existing inquiry path","status":"passed","title":"keeps authenticated submission on the existing inquiry path","duration":25.699667000000318,"failureMessages":[],"meta":{},"tags":[]},{"ancestorTitles":["InquiryWidget"],"fullName":"InquiryWidget keeps an authenticated mediation rejection visible after submission ends","status":"passed","title":"keeps an authenticated mediation rejection visible after submission ends","duration":32.63483300000007,"failureMessages":[],"meta":{},"tags":[]},{"ancestorTitles":["InquiryWidget"],"fullName":"InquiryWidget uses a safe fallback for structured validation details","status":"passed","title":"uses a safe fallback for structured validation details","duration":32.51874999999973,"failureMessages":[],"meta":{},"tags":[]},{"ancestorTitles":["InquiryWidget"],"fullName":"InquiryWidget surfaces an anonymous failure and preserves the typed question","status":"passed","title":"surfaces an anonymous failure and preserves the typed question","duration":28.62787500000013,"failureMessages":[],"meta":{},"tags":[]}],"startTime":1789688647839,"endTime":1789688649109.628,"status":"passed","message":"","name":"/private/var/tmp/koskadeux/minimal-bridge-worktrees/3cdeae8792ea-853fd0/components/InquiryWidget.test.tsx"},{"assertionResults":[{"ancestorTitles":["Layout registration links"],"fullName":"Layout registration links restores a validated listing redirect from both desktop and mobile terms Sign up actions","status":"passed","title":"restores a validated listing redirect from both desktop and mobile terms Sign up actions","duration":362.0924580000001,"failureMessages":[],"meta":{},"tags":[]},{"ancestorTitles":["Layout registration links"],"fullName":"Layout registration links keeps both terms Sign up actions generic for an ordinary terms visit","status":"passed","title":"keeps both terms Sign up actions generic for an ordinary terms visit","duration":133.77595799999972,"failureMessages":[],"meta":{},"tags":[]},{"ancestorTitles":["Layout registration links"],"fullName":"Layout registration links keeps both terms Sign up actions generic for an external redirect","status":"passed","title":"keeps both terms Sign up actions generic for an external redirect","duration":121.1657909999999,"failureMessages":[],"meta":{},"tags":[]},{"ancestorTitles":["Layout registration links"],"fullName":"Layout registration links keeps both terms Sign up actions generic for a protocol-relative redirect","status":"passed","title":"keeps both terms Sign up actions generic for a protocol-relative redirect","duration":120.86229099999991,"failureMessages":[],"meta":{},"tags":[]},{"ancestorTitles":["Layout registration links"],"fullName":"Layout registration links keeps both terms Sign up actions generic for a malformed redirect","status":"passed","title":"keeps both terms Sign up actions generic for a malformed redirect","duration":121.32233300000007,"failureMessages":[],"meta":{},"tags":[]},{"ancestorTitles":["Layout registration links"],"fullName":"Layout registration links keeps both terms Sign up actions generic for a valid non-listing redirect","status":"passed","title":"keeps both terms Sign up actions generic for a valid non-listing redirect","duration":102.25458299999991,"failureMessages":[],"meta":{},"tags":[]},{"ancestorTitles":["Layout registration links"],"fullName":"Layout registration links keeps both terms Sign up actions generic for a non-detail listing redirect","status":"passed","title":"keeps both terms Sign up actions generic for a non-detail listing redirect","duration":113.82300000000032,"failureMessages":[],"meta":{},"tags":[]},{"ancestorTitles":["Layout registration links"],"fullName":"Layout registration links keeps both terms Sign up actions generic for a nested listing path","status":"passed","title":"keeps both terms Sign up actions generic for a nested listing path","duration":132.11729200000036,"failureMessages":[],"meta":{},"tags":[]},{"ancestorTitles":["Layout registration links"],"fullName":"Layout registration links keeps global Sign up actions generic on the exact path /pricing","status":"passed","title":"keeps global Sign up actions generic on the exact path /pricing","duration":112.24354099999982,"failureMessages":[],"meta":{},"tags":[]},{"ancestorTitles":["Layout registration links"],"fullName":"Layout registration links keeps global Sign up actions generic on the exact path /legal/terms/accept","status":"passed","title":"keeps global Sign up actions generic on the exact path /legal/terms/accept","duration":108.78283399999964,"failureMessages":[],"meta":{},"tags":[]},{"ancestorTitles":["Layout registration links"],"fullName":"Layout registration links keeps global Sign up actions generic on the exact path /legal/terms/","status":"passed","title":"keeps global Sign up actions generic on the exact path /legal/terms/","duration":93.6301669999998,"failureMessages":[],"meta":{},"tags":[]}],"startTime":1789688780225,"endTime":1789688781746.6301,"status":"passed","message":"","name":"/private/var/tmp/koskadeux/minimal-bridge-worktrees/3cdeae8792ea-853fd0/components/Layout.test.tsx"},{"assertionResults":[{"ancestorTitles":["ListingPurchaseAdvisory"],"fullName":"ListingPurchaseAdvisory does not render on a free listing","status":"passed","title":"does not render on a free listing","duration":11.217208000000028,"failureMessages":[],"meta":{},"tags":[]},{"ancestorTitles":["ListingPurchaseAdvisory"],"fullName":"ListingPurchaseAdvisory states honestly when no active findings are published","status":"passed","title":"states honestly when no active findings are published","duration":8.067999999999984,"failureMessages":[],"meta":{},"tags":[]},{"ancestorTitles":["ListingPurchaseAdvisory"],"fullName":"ListingPurchaseAdvisory describes published findings as point-in-time and not a guarantee","status":"passed","title":"describes published findings as point-in-time and not a guarantee","duration":1.4807909999999538,"failureMessages":[],"meta":{},"tags":[]},{"ancestorTitles":["ListingPurchaseAdvisory"],"fullName":"ListingPurchaseAdvisory does not treat a withdrawal marker as active findings","status":"passed","title":"does not treat a withdrawal marker as active findings","duration":1.503500000000031,"failureMessages":[],"meta":{},"tags":[]}],"startTime":1789688785237,"endTime":1789688785259.5034,"status":"passed","message":"","name":"/private/var/tmp/koskadeux/minimal-bridge-worktrees/3cdeae8792ea-853fd0/components/ListingPurchaseAdvisory.test.tsx"},{"assertionResults":[{"ancestorTitles":["VersionSelector"],"fullName":"VersionSelector renders a single active version with metadata","status":"passed","title":"renders a single active version with metadata","duration":63.91208299999994,"failureMessages":[],"meta":{},"tags":[]},{"ancestorTitles":["VersionSelector"],"fullName":"VersionSelector defaults to the latest active version and keeps superseded versions visible","status":"passed","title":"defaults to the latest active version and keeps superseded versions visible","duration":3.52145900000005,"failureMessages":[],"meta":{},"tags":[]},{"ancestorTitles":["VersionSelector"],"fullName":"VersionSelector hides quarantined versions defensively","status":"passed","title":"hides quarantined versions defensively","duration":3.9340000000000828,"failureMessages":[],"meta":{},"tags":[]},{"ancestorTitles":["VersionSelector"],"fullName":"VersionSelector honors an explicit selected superseded version without making it latest","status":"passed","title":"honors an explicit selected superseded version without making it latest","duration":0.45799999999997,"failureMessages":[],"meta":{},"tags":[]}],"startTime":1789688799844,"endTime":1789688799916.458,"status":"passed","message":"","name":"/private/var/tmp/koskadeux/minimal-bridge-worktrees/3cdeae8792ea-853fd0/components/ListingPurchasePanel.test.tsx"},{"assertionResults":[{"ancestorTitles":["NotificationList"],"fullName":"NotificationList renders support ticket notification types and read/unread states","status":"passed","title":"renders support ticket notification types and read/unread states","duration":57.807249999999954,"failureMessages":[],"meta":{},"tags":[]},{"ancestorTitles":["NotificationList"],"fullName":"NotificationList routes support ticket notification clicks to allAI instead of the portal URL","status":"passed","title":"routes support ticket notification clicks to allAI instead of the portal URL","duration":2.4259590000000344,"failureMessages":[],"meta":{},"tags":[]},{"ancestorTitles":["NotificationList"],"fullName":"NotificationList keeps generic notification links routable","status":"passed","title":"keeps generic notification links routable","duration":0.4690410000000611,"failureMessages":[],"meta":{},"tags":[]}],"startTime":1789688807234,"endTime":1789688807294.469,"status":"passed","message":"","name":"/private/var/tmp/koskadeux/minimal-bridge-worktrees/3cdeae8792ea-853fd0/components/NotificationCenter.test.tsx"},{"assertionResults":[{"ancestorTitles":["SellDataCta"],"fullName":"SellDataCta keeps registration for signed-out hero CTAs","status":"passed","title":"keeps registration for signed-out hero CTAs","duration":265.5624590000002,"failureMessages":[],"meta":{},"tags":[]},{"ancestorTitles":["SellDataCta"],"fullName":"SellDataCta keeps registration for signed-out inline CTAs","status":"passed","title":"keeps registration for signed-out inline CTAs","duration":13.571667000000161,"failureMessages":[],"meta":{},"tags":[]},{"ancestorTitles":["SellDataCta"],"fullName":"SellDataCta keeps registration for signed-out final CTAs","status":"passed","title":"keeps registration for signed-out final CTAs","duration":14.1127919999999,"failureMessages":[],"meta":{},"tags":[]},{"ancestorTitles":["SellDataCta"],"fullName":"SellDataCta keeps the existing final-section copy when unauthenticated","status":"passed","title":"keeps the existing final-section copy when unauthenticated","duration":24.196249999999964,"failureMessages":[],"meta":{},"tags":[]},{"ancestorTitles":["SellDataCta"],"fullName":"SellDataCta renders seller paths and authenticated final-section copy without a registration link","status":"passed","title":"renders seller paths and authenticated final-section copy without a registration link","duration":26.219125000000076,"failureMessages":[],"meta":{},"tags":[]},{"ancestorTitles":["SellDataCta"],"fullName":"SellDataCta offers both paths in the authenticated inline variant","status":"passed","title":"offers both paths in the authenticated inline variant","duration":17.617499999999836,"failureMessages":[],"meta":{},"tags":[]},{"ancestorTitles":["SellDataCta"],"fullName":"SellDataCta keeps the how-it-works anchor in the authenticated hero variant","status":"passed","title":"keeps the how-it-works anchor in the authenticated hero variant","duration":25.187082999999802,"failureMessages":[],"meta":{},"tags":[]}],"startTime":1789688777660,"endTime":1789688778047.187,"status":"passed","message":"","name":"/private/var/tmp/koskadeux/minimal-bridge-worktrees/3cdeae8792ea-853fd0/components/SellDataCta.test.tsx"},{"assertionResults":[{"ancestorTitles":["TwoFactorChallenge countdown helpers"],"fullName":"TwoFactorChallenge countdown helpers computes remaining time from an absolute expiry timestamp","status":"passed","title":"computes remaining time from an absolute expiry timestamp","duration":5.15620899999999,"failureMessages":[],"meta":{},"tags":[]},{"ancestorTitles":["TwoFactorChallenge countdown helpers"],"fullName":"TwoFactorChallenge countdown helpers clamps expired sessions to 0 and formats mm:ss","status":"passed","title":"clamps expired sessions to 0 and formats mm:ss","duration":1.1013749999999618,"failureMessages":[],"meta":{},"tags":[]}],"startTime":1789688842019,"endTime":1789688842025.1013,"status":"passed","message":"","name":"/private/var/tmp/koskadeux/minimal-bridge-worktrees/3cdeae8792ea-853fd0/components/TwoFactorChallenge.test.tsx"},{"assertionResults":[{"ancestorTitles":["homepage buyer requests"],"fullName":"homepage buyer requests server-renders three genuine requests as live buyer demand","status":"passed","title":"server-renders three genuine requests as live buyer demand","duration":129.14858299999992,"failureMessages":[],"meta":{},"tags":[]},{"ancestorTitles":["homepage buyer requests"],"fullName":"homepage buyer requests shows an invitation without claiming live demand below three requests","status":"passed","title":"shows an invitation without claiming live demand below three requests","duration":10.166291000000001,"failureMessages":[],"meta":{},"tags":[]},{"ancestorTitles":["homepage buyer requests"],"fullName":"homepage buyer requests keeps the homepage available when the request feed is unavailable","status":"passed","title":"keeps the homepage available when the request feed is unavailable","duration":8.667708999999945,"failureMessages":[],"meta":{},"tags":[]}],"startTime":1789688789916,"endTime":1789688790064.6677,"status":"passed","message":"","name":"/private/var/tmp/koskadeux/minimal-bridge-worktrees/3cdeae8792ea-853fd0/app/page.test.tsx"},{"assertionResults":[{"ancestorTitles":["sitemap"],"fullName":"sitemap appends request pages without removing listing pages","status":"passed","title":"appends request pages without removing listing pages","duration":24.598457999999994,"failureMessages":[],"meta":{},"tags":[]},{"ancestorTitles":["sitemap"],"fullName":"sitemap redirects legacy download root and suffix URLs to AIM Data without dropping attribution","status":"passed","title":"redirects legacy download root and suffix URLs to AIM Data without dropping attribution","duration":9.584707999999978,"failureMessages":[],"meta":{},"tags":[]}],"startTime":1789688786714,"endTime":1789688786748.5847,"status":"passed","message":"","name":"/private/var/tmp/koskadeux/minimal-bridge-worktrees/3cdeae8792ea-853fd0/app/sitemap.test.ts"},{"assertionResults":[{"ancestorTitles":["detectAiBot"],"fullName":"detectAiBot detects GPTBot case-insensitively within a user agent","status":"passed","title":"detects GPTBot case-insensitively within a user agent","duration":3.149874999999952,"failureMessages":[],"meta":{},"tags":[]},{"ancestorTitles":["detectAiBot"],"fullName":"detectAiBot detects OAI-SearchBot case-insensitively within a user agent","status":"passed","title":"detects OAI-SearchBot case-insensitively within a user agent","duration":0.4393750000000409,"failureMessages":[],"meta":{},"tags":[]},{"ancestorTitles":["detectAiBot"],"fullName":"detectAiBot detects ChatGPT-User case-insensitively within a user agent","status":"passed","title":"detects ChatGPT-User case-insensitively within a user agent","duration":0.4802500000000691,"failureMessages":[],"meta":{},"tags":[]},{"ancestorTitles":["detectAiBot"],"fullName":"detectAiBot detects ClaudeBot case-insensitively within a user agent","status":"passed","title":"detects ClaudeBot case-insensitively within a user agent","duration":0.4189579999999751,"failureMessages":[],"meta":{},"tags":[]},{"ancestorTitles":["detectAiBot"],"fullName":"detectAiBot detects Claude-Web case-insensitively within a user agent","status":"passed","title":"detects Claude-Web case-insensitively within a user agent","duration":0.397707999999966,"failureMessages":[],"meta":{},"tags":[]},{"ancestorTitles":["detectAiBot"],"fullName":"detectAiBot detects Anthropic-AI case-insensitively within a user agent","status":"passed","title":"detects Anthropic-AI case-insensitively within a user agent","duration":0.32366700000000037,"failureMessages":[],"meta":{},"tags":[]},{"ancestorTitles":["detectAiBot"],"fullName":"detectAiBot detects PerplexityBot case-insensitively within a user agent","status":"passed","title":"detects PerplexityBot case-insensitively within a user agent","duration":1.3764169999999467,"failureMessages":[],"meta":{},"tags":[]},{"ancestorTitles":["detectAiBot"],"fullName":"detectAiBot detects Perplexity-User case-insensitively within a user agent","status":"passed","title":"detects Perplexity-User case-insensitively within a user agent","duration":0.7484580000000278,"failureMessages":[],"meta":{},"tags":[]},{"ancestorTitles":["detectAiBot"],"fullName":"detectAiBot detects Google-Extended case-insensitively within a user agent","status":"passed","title":"detects Google-Extended case-insensitively within a user agent","duration":0.9972080000000005,"failureMessages":[],"meta":{},"tags":[]},{"ancestorTitles":["detectAiBot"],"fullName":"detectAiBot detects Cohere-AI case-insensitively within a user agent","status":"passed","title":"detects Cohere-AI case-insensitively within a user agent","duration":0.8726659999999811,"failureMessages":[],"meta":{},"tags":[]},{"ancestorTitles":["detectAiBot"],"fullName":"detectAiBot detects Meta-ExternalAgent case-insensitively within a user agent","status":"passed","title":"detects Meta-ExternalAgent case-insensitively within a user agent","duration":0.31845799999996416,"failureMessages":[],"meta":{},"tags":[]},{"ancestorTitles":["detectAiBot"],"fullName":"detectAiBot ignores non-AI user agent null","status":"passed","title":"ignores non-AI user agent null","duration":0.33429199999989123,"failureMessages":[],"meta":{},"tags":[]},{"ancestorTitles":["detectAiBot"],"fullName":"detectAiBot ignores non-AI user agent ","status":"passed","title":"ignores non-AI user agent ","duration":0.15899999999999181,"failureMessages":[],"meta":{},"tags":[]},{"ancestorTitles":["detectAiBot"],"fullName":"detectAiBot ignores non-AI user agent Mozilla/5.0 Chrome/130.0.0.0 Safari/537.36","status":"passed","title":"ignores non-AI user agent Mozilla/5.0 Chrome/130.0.0.0 Safari/537.36","duration":0.12158399999998437,"failureMessages":[],"meta":{},"tags":[]},{"ancestorTitles":["detectAiBot"],"fullName":"detectAiBot ignores non-AI user agent Googlebot","status":"passed","title":"ignores non-AI user agent Googlebot","duration":0.12770899999998164,"failureMessages":[],"meta":{},"tags":[]},{"ancestorTitles":["detectAiBot"],"fullName":"detectAiBot ignores non-AI user agent bingbot","status":"passed","title":"ignores non-AI user agent bingbot","duration":0.1139580000000251,"failureMessages":[],"meta":{},"tags":[]}],"startTime":1789688842640,"endTime":1789688842651.159,"status":"passed","message":"","name":"/private/var/tmp/koskadeux/minimal-bridge-worktrees/3cdeae8792ea-853fd0/lib/aiBot.test.ts"},{"assertionResults":[{"ancestorTitles":[],"fullName":"uses all four owner routes, encodes IDs and sends exact bodies and abort signals","status":"passed","title":"uses all four owner routes, encodes IDs and sends exact bodies and abort signals","duration":24.22075000000001,"failureMessages":[],"meta":{},"tags":[]},{"ancestorTitles":[],"fullName":"fetches public summaries without browser caching or credentials and omits absent summaries","status":"passed","title":"fetches public summaries without browser caching or credentials and omits absent summaries","duration":5.634916999999973,"failureMessages":[],"meta":{},"tags":[]}],"startTime":1789688810644,"endTime":1789688810673.635,"status":"passed","message":"","name":"/private/var/tmp/koskadeux/minimal-bridge-worktrees/3cdeae8792ea-853fd0/lib/api.summary.test.ts"},{"assertionResults":[{"ancestorTitles":["fetchPublicListing"],"fullName":"fetchPublicListing bypasses the Next data cache for the mutable public scan projection","status":"passed","title":"bypasses the Next data cache for the mutable public scan projection","duration":9.99958399999997,"failureMessages":[],"meta":{},"tags":[]}],"startTime":1789688843214,"endTime":1789688843223.9995,"status":"passed","message":"","name":"/private/var/tmp/koskadeux/minimal-bridge-worktrees/3cdeae8792ea-853fd0/lib/api.test.ts"},{"assertionResults":[{"ancestorTitles":["getMarketplaceCategories"],"fullName":"getMarketplaceCategories keeps only categories with public inventory and preserves their counts","status":"passed","title":"keeps only categories with public inventory and preserves their counts","duration":4.4752920000000245,"failureMessages":[],"meta":{},"tags":[]},{"ancestorTitles":["getMarketplaceCategories"],"fullName":"getMarketplaceCategories uses the one full static catalog when facet data is unavailable","status":"passed","title":"uses the one full static catalog when facet data is unavailable","duration":1.9711659999999824,"failureMessages":[],"meta":{},"tags":[]},{"ancestorTitles":["getMarketplaceCategories"],"fullName":"getMarketplaceCategories does not render categories whose available facet count is zero","status":"passed","title":"does not render categories whose available facet count is zero","duration":0.22433399999999892,"failureMessages":[],"meta":{},"tags":[]}],"startTime":1789688830209,"endTime":1789688830215.2244,"status":"passed","message":"","name":"/private/var/tmp/koskadeux/minimal-bridge-worktrees/3cdeae8792ea-853fd0/lib/marketplaceCategories.test.ts"},{"assertionResults":[{"ancestorTitles":["validateRedirect"],"fullName":"validateRedirect validates the payment-method return path with its query intact","status":"passed","title":"validates the payment-method return path with its query intact","duration":4.679124999999999,"failureMessages":[],"meta":{},"tags":[]},{"ancestorTitles":["validateListingRedirect"],"fullName":"validateListingRedirect accepts a single listing detail with a query and fragment","status":"passed","title":"accepts a single listing detail with a query and fragment","duration":1.2170419999999922,"failureMessages":[],"meta":{},"tags":[]},{"ancestorTitles":["validateListingRedirect"],"fullName":"validateListingRedirect rejects a decoded TAB anywhere in the redirect","status":"passed","title":"rejects a decoded TAB anywhere in the redirect","duration":0.5908329999999751,"failureMessages":[],"meta":{},"tags":[]},{"ancestorTitles":["validateListingRedirect"],"fullName":"validateListingRedirect rejects a decoded NUL anywhere in the redirect","status":"passed","title":"rejects a decoded NUL anywhere in the redirect","duration":0.16970900000001166,"failureMessages":[],"meta":{},"tags":[]},{"ancestorTitles":["validateListingRedirect"],"fullName":"validateListingRedirect rejects a decoded C0 control anywhere in the redirect","status":"passed","title":"rejects a decoded C0 control anywhere in the redirect","duration":0.10287499999998317,"failureMessages":[],"meta":{},"tags":[]},{"ancestorTitles":["validateListingRedirect"],"fullName":"validateListingRedirect rejects a decoded DEL anywhere in the redirect","status":"passed","title":"rejects a decoded DEL anywhere in the redirect","duration":0.1312499999999659,"failureMessages":[],"meta":{},"tags":[]},{"ancestorTitles":["validateListingRedirect"],"fullName":"validateListingRedirect rejects a decoded C1 control anywhere in the redirect","status":"passed","title":"rejects a decoded C1 control anywhere in the redirect","duration":0.21845799999999826,"failureMessages":[],"meta":{},"tags":[]},{"ancestorTitles":["validateListingRedirect"],"fullName":"validateListingRedirect rejects a decoded CRLF anywhere in the redirect","status":"passed","title":"rejects a decoded CRLF anywhere in the redirect","duration":0.1041670000000181,"failureMessages":[],"meta":{},"tags":[]},{"ancestorTitles":["validateListingRedirect"],"fullName":"validateListingRedirect rejects a decoded Unicode line separator anywhere in the redirect","status":"passed","title":"rejects a decoded Unicode line separator anywhere in the redirect","duration":0.12329099999999471,"failureMessages":[],"meta":{},"tags":[]},{"ancestorTitles":["validateListingRedirect"],"fullName":"validateListingRedirect rejects a decoded Unicode paragraph separator anywhere in the redirect","status":"passed","title":"rejects a decoded Unicode paragraph separator anywhere in the redirect","duration":0.12462499999998045,"failureMessages":[],"meta":{},"tags":[]},{"ancestorTitles":["validateListingRedirect"],"fullName":"validateListingRedirect rejects malformed encoding","status":"passed","title":"rejects malformed encoding","duration":0.19420900000000074,"failureMessages":[],"meta":{},"tags":[]},{"ancestorTitles":["validateListingRedirect"],"fullName":"validateListingRedirect rejects protocol-relative URL","status":"passed","title":"rejects protocol-relative URL","duration":0.14008300000000418,"failureMessages":[],"meta":{},"tags":[]},{"ancestorTitles":["validateListingRedirect"],"fullName":"validateListingRedirect rejects external URL","status":"passed","title":"rejects external URL","duration":0.13012500000002092,"failureMessages":[],"meta":{},"tags":[]},{"ancestorTitles":["validateListingRedirect"],"fullName":"validateListingRedirect rejects backslash","status":"passed","title":"rejects backslash","duration":0.12879099999997834,"failureMessages":[],"meta":{},"tags":[]},{"ancestorTitles":["validateListingRedirect"],"fullName":"validateListingRedirect rejects nested listing route","status":"passed","title":"rejects nested listing route","duration":0.4486249999999927,"failureMessages":[],"meta":{},"tags":[]}],"startTime":1789688821710,"endTime":1789688821719.4487,"status":"passed","message":"","name":"/private/var/tmp/koskadeux/minimal-bridge-worktrees/3cdeae8792ea-853fd0/lib/redirect.test.ts"},{"assertionResults":[{"ancestorTitles":["auth store login-time 2FA"],"fullName":"auth store login-time 2FA detects a challenge, stores only pending 2FA state, and withholds auth","status":"passed","title":"detects a challenge, stores only pending 2FA state, and withholds auth","duration":9.082625000000007,"failureMessages":[],"meta":{},"tags":[]},{"ancestorTitles":["auth store login-time 2FA"],"fullName":"auth store login-time 2FA completes the same session path after successful 2FA verification","status":"passed","title":"completes the same session path after successful 2FA verification","duration":2.4247499999999604,"failureMessages":[],"meta":{},"tags":[]},{"ancestorTitles":["auth store login-time 2FA"],"fullName":"auth store login-time 2FA keeps the challenge open and returns an inline-error reason on 400","status":"passed","title":"keeps the challenge open and returns an inline-error reason on 400","duration":1.102457999999956,"failureMessages":[],"meta":{},"tags":[]},{"ancestorTitles":["auth store login-time 2FA"],"fullName":"auth store login-time 2FA clears the challenge and signals return to login on 401","status":"passed","title":"clears the challenge and signals return to login on 401","duration":0.5799589999999739,"failureMessages":[],"meta":{},"tags":[]},{"ancestorTitles":["auth store login-time 2FA"],"fullName":"auth store login-time 2FA uses completeSession parity for magic link and OAuth token responses","status":"passed","title":"uses completeSession parity for magic link and OAuth token responses","duration":1.1592079999999783,"failureMessages":[],"meta":{},"tags":[]},{"ancestorTitles":["auth store login-time 2FA"],"fullName":"auth store login-time 2FA resolves registration after the backend creates the account without auto-login","status":"passed","title":"resolves registration after the backend creates the account without auto-login","duration":3.383542000000034,"failureMessages":[],"meta":{},"tags":[]},{"ancestorTitles":["auth store login-time 2FA"],"fullName":"auth store login-time 2FA treats email-verification-required from a leftover registration login path as pending verification","status":"passed","title":"treats email-verification-required from a leftover registration login path as pending verification","duration":0.8612909999999943,"failureMessages":[],"meta":{},"tags":[]},{"ancestorTitles":["auth store login-time 2FA"],"fullName":"auth store login-time 2FA marks hydrate complete after successful refresh and user load","status":"passed","title":"marks hydrate complete after successful refresh and user load","duration":1.303583999999944,"failureMessages":[],"meta":{},"tags":[]},{"ancestorTitles":["auth store login-time 2FA"],"fullName":"auth store login-time 2FA marks anonymous hydrate complete without throwing after a 401 refresh failure","status":"passed","title":"marks anonymous hydrate complete without throwing after a 401 refresh failure","duration":1.2242089999999735,"failureMessages":[],"meta":{},"tags":[]},{"ancestorTitles":["auth store login-time 2FA"],"fullName":"auth store login-time 2FA preserves an authenticated store during transient 429 refresh failure","status":"passed","title":"preserves an authenticated store during transient 429 refresh failure","duration":3.735457999999994,"failureMessages":[],"meta":{},"tags":[]},{"ancestorTitles":["auth store login-time 2FA"],"fullName":"auth store login-time 2FA preserves an authenticated store during transient network failure refresh failure","status":"passed","title":"preserves an authenticated store during transient network failure refresh failure","duration":1.044749999999965,"failureMessages":[],"meta":{},"tags":[]},{"ancestorTitles":["auth store login-time 2FA"],"fullName":"auth store login-time 2FA preserves an authenticated store during transient 5xx refresh failure","status":"passed","title":"preserves an authenticated store during transient 5xx refresh failure","duration":1.042333000000042,"failureMessages":[],"meta":{},"tags":[]},{"ancestorTitles":["auth store login-time 2FA"],"fullName":"auth store login-time 2FA does not persist or log the pre-auth token or submitted code","status":"passed","title":"does not persist or log the pre-auth token or submitted code","duration":1.443458000000021,"failureMessages":[],"meta":{},"tags":[]}],"startTime":1789688691982,"endTime":1789688692011.4434,"status":"passed","message":"","name":"/private/var/tmp/koskadeux/minimal-bridge-worktrees/3cdeae8792ea-853fd0/store/auth.test.ts"},{"assertionResults":[{"ancestorTitles":["exact_continuation_matrix"],"fullName":"exact_continuation_matrix enables continuation when the environment variable is true","status":"passed","title":"enables continuation when the environment variable is true","duration":9.840833000000202,"failureMessages":[],"meta":{},"tags":[]},{"ancestorTitles":["exact_continuation_matrix"],"fullName":"exact_continuation_matrix enables continuation when the environment variable is undefined","status":"passed","title":"enables continuation when the environment variable is undefined","duration":1.0353750000003856,"failureMessages":[],"meta":{},"tags":[]},{"ancestorTitles":["exact_continuation_matrix"],"fullName":"exact_continuation_matrix accepts exact /oauth/authorize?request=aaaaaaaaaaaaaaaaaaaaaaaaaaaaaaaaaaaaaaaaaaa","status":"passed","title":"accepts exact /oauth/authorize?request=aaaaaaaaaaaaaaaaaaaaaaaaaaaaaaaaaaaaaaaaaaa","duration":0.9904169999999795,"failureMessages":[],"meta":{},"tags":[]},{"ancestorTitles":["exact_continuation_matrix"],"fullName":"exact_continuation_matrix accepts exact /oauth/authorize?request=___________________________________________","status":"passed","title":"accepts exact /oauth/authorize?request=___________________________________________","duration":1.0823749999999563,"failureMessages":[],"meta":{},"tags":[]},{"ancestorTitles":["exact_continuation_matrix"],"fullName":"exact_continuation_matrix accepts exact /oauth/authorize?request=-------------------------------------------","status":"passed","title":"accepts exact /oauth/authorize?request=-------------------------------------------","duration":1.023584000000028,"failureMessages":[],"meta":{},"tags":[]},{"ancestorTitles":["exact_continuation_matrix"],"fullName":"exact_continuation_matrix rejects /oauth","status":"passed","title":"rejects /oauth","duration":0.4394999999999527,"failureMessages":[],"meta":{},"tags":[]},{"ancestorTitles":["exact_continuation_matrix"],"fullName":"exact_continuation_matrix rejects /oauth/authorize","status":"passed","title":"rejects /oauth/authorize","duration":0.22262499999987995,"failureMessages":[],"meta":{},"tags":[]},{"ancestorTitles":["exact_continuation_matrix"],"fullName":"exact_continuation_matrix rejects /oauth/authorize?request=aaaaaaaaaaaaaaaaaaaaaaaaaaaaaaaaaaaaaaaaaaa&extra=1","status":"passed","title":"rejects /oauth/authorize?request=aaaaaaaaaaaaaaaaaaaaaaaaaaaaaaaaaaaaaaaaaaa&extra=1","duration":0.16462500000034197,"failureMessages":[],"meta":{},"tags":[]},{"ancestorTitles":["exact_continuation_matrix"],"fullName":"exact_continuation_matrix rejects /oauth/authorize?request=aaaaaaaaaaaaaaaaaaaaaaaaaaaaaaaaaaaaaaaa
[...]
rier","duration":8.681875000000218,"failureMessages":[],"meta":{},"tags":[]},{"ancestorTitles":["S1717 member_files and verification scope"],"fullName":"S1717 member_files and verification scope renders scope without sample files or scan findings","status":"passed","title":"renders scope without sample files or scan findings","duration":4.891208000000006,"failureMessages":[],"meta":{},"tags":[]}],"startTime":1789688655867,"endTime":1789688656503.891,"status":"passed","message":"","name":"/private/var/tmp/koskadeux/minimal-bridge-worktrees/3cdeae8792ea-853fd0/app/listings/[slug]/page.test.tsx"},{"assertionResults":[{"ancestorTitles":["data-verification payment-method page"],"fullName":"data-verification payment-method page renders fixed setup copy, reauthenticates, and uses direct top-level navigation","status":"passed","title":"renders fixed setup copy, reauthenticates, and uses direct top-level navigation","duration":515.261125,"failureMessages":[],"meta":{},"tags":[]},{"ancestorTitles":["data-verification payment-method page"],"fullName":"data-verification payment-method page restores normal cancel focus to the connected setup opener","status":"passed","title":"restores normal cancel focus to the connected setup opener","duration":77.14704200000006,"failureMessages":[],"meta":{},"tags":[]},{"ancestorTitles":["data-verification payment-method page"],"fullName":"data-verification payment-method page focuses Back to settings after a deferred setup creation failure removes the opener","status":"passed","title":"focuses Back to settings after a deferred setup creation failure removes the opener","duration":109.87516700000015,"failureMessages":[],"meta":{},"tags":[]},{"ancestorTitles":["data-verification payment-method page"],"fullName":"data-verification payment-method page hides all pay-in content and focuses only generic settings navigation after setup creation 403","status":"passed","title":"hides all pay-in content and focuses only generic settings navigation after setup creation 403","duration":71.4736670000002,"failureMessages":[],"meta":{},"tags":[]},{"ancestorTitles":["data-verification payment-method page"],"fullName":"data-verification payment-method page renders the route inside exactly one outer dashboard main landmark","status":"passed","title":"renders the route inside exactly one outer dashboard main landmark","duration":23.084749999999985,"failureMessages":[],"meta":{},"tags":[]},{"ancestorTitles":["data-verification payment-method page"],"fullName":"data-verification payment-method page uses the replacement label and fixed ready copy","status":"passed","title":"uses the replacement label and fixed ready copy","duration":18.472834000000148,"failureMessages":[],"meta":{},"tags":[]},{"ancestorTitles":["data-verification payment-method page"],"fullName":"data-verification payment-method page uses stable page live regions for a deferred setup_required setup-readiness outcome","status":"passed","title":"uses stable page live regions for a deferred setup_required setup-readiness outcome","duration":20.930374999999913,"failureMessages":[],"meta":{},"tags":[]},{"ancestorTitles":["data-verification payment-method page"],"fullName":"data-verification payment-method page uses stable page live regions for a deferred ready setup-readiness outcome","status":"passed","title":"uses stable page live regions for a deferred ready setup-readiness outcome","duration":24.636375000000044,"failureMessages":[],"meta":{},"tags":[]},{"ancestorTitles":["data-verification payment-method page"],"fullName":"data-verification payment-method page uses stable page live regions for a deferred setup_pending setup-readiness outcome","status":"passed","title":"uses stable page live regions for a deferred setup_pending setup-readiness outcome","duration":21.237583000000086,"failureMessages":[],"meta":{},"tags":[]},{"ancestorTitles":["data-verification payment-method page"],"fullName":"data-verification payment-method page uses stable page live regions for a deferred network_error setup-readiness outcome","status":"passed","title":"uses stable page live regions for a deferred network_error setup-readiness outcome","duration":18.669750000000022,"failureMessages":[],"meta":{},"tags":[]},{"ancestorTitles":["data-verification payment-method page"],"fullName":"data-verification payment-method page renders fixed setup_pending copy without an action button","status":"passed","title":"renders fixed setup_pending copy without an action button","duration":9.306792000000314,"failureMessages":[],"meta":{},"tags":[]},{"ancestorTitles":["data-verification payment-method page"],"fullName":"data-verification payment-method page renders fixed blocked copy without an action button","status":"passed","title":"renders fixed blocked copy without an action button","duration":17.662791000000198,"failureMessages":[],"meta":{},"tags":[]},{"ancestorTitles":["data-verification payment-method page"],"fullName":"data-verification payment-method page removes cancellation queries before readiness and renders fixed cancel copy","status":"passed","title":"removes cancellation queries before readiness and renders fixed cancel copy","duration":10.48745800000006,"failureMessages":[],"meta":{},"tags":[]},{"ancestorTitles":["data-verification payment-method page"],"fullName":"data-verification payment-method page uses fixed failure copy for a network error and hides a not-found surface","status":"passed","title":"uses fixed failure copy for a network error and hides a not-found surface","duration":37.87479200000007,"failureMessages":[],"meta":{},"tags":[]},{"ancestorTitles":["data-verification payment-method page"],"fullName":"data-verification payment-method page hides the dedicated surface for an authenticated but ineligible seller","status":"passed","title":"hides the dedicated surface for an authenticated but ineligible seller","duration":19.29679199999964,"failureMessages":[],"meta":{},"tags":[]},{"ancestorTitles":["data-verification payment-method page"],"fullName":"data-verification payment-method page does not render identifiers, card metadata, or Connect status from server text","status":"passed","title":"does not render identifiers, card metadata, or Connect status from server text","duration":13.048041999999896,"failureMessages":[],"meta":{},"tags":[]},{"ancestorTitles":["data-verification payment-method page"],"fullName":"data-verification payment-method page has no embedded payment, secret, persistence, analytics, or Stripe dependency surface","status":"passed","title":"has no embedded payment, secret, persistence, analytics, or Stripe dependency surface","duration":3.559082999999646,"failureMessages":[],"meta":{},"tags":[]}],"startTime":1789688662154,"endTime":1789688663166.559,"status":"passed","message":"","name":"/private/var/tmp/koskadeux/minimal-bridge-worktrees/3cdeae8792ea-853fd0/app/dashboard/data-verification/payment-method/page.test.tsx"},{"assertionResults":[{"ancestorTitles":["OrderDetailPage viewer relationship gating"],"fullName":"OrderDetailPage viewer relationship gating does not offer Mark Delivered to a buyer of record who also has global seller role","status":"passed","title":"does not offer Mark Delivered to a buyer of record who also has global seller role","duration":147.36250000000018,"failureMessages":[],"meta":{},"tags":[]},{"ancestorTitles":["OrderDetailPage viewer relationship gating"],"fullName":"OrderDetailPage viewer relationship gating offers Mark Delivered to the seller of record","status":"passed","title":"offers Mark Delivered to the seller of record","duration":208.76216599999998,"failureMessages":[],"meta":{},"tags":[]},{"ancestorTitles":["OrderDetailPage viewer relationship gating"],"fullName":"OrderDetailPage viewer relationship gating discards a participant-authorized transaction that belongs to another order","status":"passed","title":"discards a participant-authorized transaction that belongs to another order","duration":36.82191700000021,"failureMessages":[],"meta":{},"tags":[]},{"ancestorTitles":["OrderDetailPage viewer relationship gating"],"fullName":"OrderDetailPage viewer relationship gating renders a transaction that belongs to the current order","status":"passed","title":"renders a transaction that belongs to the current order","duration":31.87262499999997,"failureMessages":[],"meta":{},"tags":[]},{"ancestorTitles":["OrderDetailPage viewer relationship gating"],"fullName":"OrderDetailPage viewer relationship gating hides buyer actions and download preparation from a seller of record","status":"passed","title":"hides buyer actions and download preparation from a seller of record","duration":19.697541,"failureMessages":[],"meta":{},"tags":[]},{"ancestorTitles":["OrderDetailPage viewer relationship gating"],"fullName":"OrderDetailPage viewer relationship gating offers Confirm Receipt to the buyer of record","status":"passed","title":"offers Confirm Receipt to the buyer of record","duration":25.188290999999936,"failureMessages":[],"meta":{},"tags":[]},{"ancestorTitles":["OrderDetailPage viewer relationship gating"],"fullName":"OrderDetailPage viewer relationship gating prepares fulfilled downloads exactly once for the buyer of record","status":"passed","title":"prepares fulfilled downloads exactly once for the buyer of record","duration":58.64249999999993,"failureMessages":[],"meta":{},"tags":[]},{"ancestorTitles":["OrderDetailPage viewer relationship gating"],"fullName":"OrderDetailPage viewer relationship gating shows Workspace downloads without automatically consuming an allowance","status":"passed","title":"shows Workspace downloads without automatically consuming an allowance","duration":65.61216700000023,"failureMessages":[],"meta":{},"tags":[]}],"startTime":1789688712760,"endTime":1789688713354.612,"status":"passed","message":"","name":"/private/var/tmp/koskadeux/minimal-bridge-worktrees/3cdeae8792ea-853fd0/app/dashboard/orders/[id]/page.test.tsx"},{"assertionResults":[{"ancestorTitles":["EditListingPage"],"fullName":"EditListingPage shows Publish and not Unpublish for unlisted listings, then marks publish success locally","status":"passed","title":"shows Publish and not Unpublish for unlisted listings, then marks publish success locally","duration":506.4057079999998,"failureMessages":[],"meta":{},"tags":[]},{"ancestorTitles":["EditListingPage"],"fullName":"EditListingPage shows Unpublish and not Publish for published listings, then switches local status to unlisted","status":"passed","title":"shows Unpublish and not Publish for published listings, then switches local status to unlisted","duration":179.10345899999993,"failureMessages":[],"meta":{},"tags":[]},{"ancestorTitles":["EditListingPage"],"fullName":"EditListingPage falls back to row_count and saves it with the compliance fields","status":"passed","title":"falls back to row_count and saves it with the compliance fields","duration":87.51591699999972,"failureMessages":[],"meta":{},"tags":[]},{"ancestorTitles":["EditListingPage"],"fullName":"EditListingPage prefers source_row_count when both row count fields are present","status":"passed","title":"prefers source_row_count when both row count fields are present","duration":76.0615829999997,"failureMessages":[],"meta":{},"tags":[]},{"ancestorTitles":["EditListingPage"],"fullName":"EditListingPage preserves an explicit zero source_row_count over row_count","status":"passed","title":"preserves an explicit zero source_row_count over row_count","duration":71.9125839999997,"failureMessages":[],"meta":{},"tags":[]},{"ancestorTitles":["EditListingPage"],"fullName":"EditListingPage defaults an absent row count to zero and keeps it in the update payload","status":"passed","title":"defaults an absent row count to zero and keeps it in the update payload","duration":76.1289999999999,"failureMessages":[],"meta":{},"tags":[]}],"startTime":1789688751173,"endTime":1789688752170.129,"status":"passed","message":"","name":"/private/var/tmp/koskadeux/minimal-bridge-worktrees/3cdeae8792ea-853fd0/app/dashboard/listings/[id]/edit/page.test.tsx"},{"assertionResults":[{"ancestorTitles":["data-verification payment-method return page"],"fullName":"data-verification payment-method return page maps the return URL query to the initial payment-method props intact","status":"passed","title":"maps the return URL query to the initial payment-method props intact","duration":17.975792000000183,"failureMessages":[],"meta":{},"tags":[]},{"ancestorTitles":["data-verification payment-method return page"],"fullName":"data-verification payment-method return page renders the return route inside exactly one outer dashboard main landmark","status":"passed","title":"renders the return route inside exactly one outer dashboard main landmark","duration":239.57150000000001,"failureMessages":[],"meta":{},"tags":[]},{"ancestorTitles":["data-verification payment-method return page"],"fullName":"data-verification payment-method return page uses server-captured values when hydration has already removed the query","status":"passed","title":"uses server-captured values when hydration has already removed the query","duration":158.1563329999999,"failureMessages":[],"meta":{},"tags":[]},{"ancestorTitles":["data-verification payment-method return page"],"fullName":"data-verification payment-method return page removes query values before network work and reconciles only with a fresh token","status":"passed","title":"removes query values before network work and reconciles only with a fresh token","duration":103.27416700000003,"failureMessages":[],"meta":{},"tags":[]},{"ancestorTitles":["data-verification payment-method return page"],"fullName":"data-verification payment-method return page reschedules the scrub under React StrictMode and removes a query restored by Next","status":"passed","title":"reschedules the scrub under React StrictMode and removes a query restored by Next","duration":71.8877080000002,"failureMessages":[],"meta":{},"tags":[]},{"ancestorTitles":["data-verification payment-method return page"],"fullName":"data-verification payment-method return page announces a deferred ready reconcile outcome through stable page live regions","status":"passed","title":"announces a deferred ready reconcile outcome through stable page live regions","duration":101.5160420000002,"failureMessages":[],"meta":{},"tags":[]},{"ancestorTitles":["data-verification payment-method return page"],"fullName":"data-verification payment-method return page announces a deferred pending reconcile outcome through stable page live regions","status":"passed","title":"announces a deferred pending reconcile outcome through stable page live regions","duration":98.48708299999998,"failureMessages":[],"meta":{},"tags":[]},{"ancestorTitles":["data-verification payment-method return page"],"fullName":"data-verification payment-method return page announces a deferred failed reconcile outcome through stable page live regions","status":"passed","title":"announces a deferred failed reconcile outcome through stable page live regions","duration":98.10670899999968,"failureMessages":[],"meta":{},"tags":[]},{"ancestorTitles":["data-verification payment-method return page"],"fullName":"data-verification payment-method return page announces a deferred network_error reconcile outcome through stable page live regions","status":"passed","title":"announces a deferred network_error reconcile outcome through stable page live regions","duration":99.39595800000006,"failureMessages":[],"meta":{},"tags":[]},{"ancestorTitles":["data-verification payment-method return page"],"fullName":"data-verification payment-method return page renders fixed pending reconcile copy","status":"passed","title":"renders fixed pending reconcile copy","duration":91.55529200000001,"failureMessages":[],"meta":{},"tags":[]},{"ancestorTitles":["data-verification payment-method return page"],"fullName":"data-verification payment-method return page renders fixed failed reconcile copy","status":"passed","title":"renders fixed failed reconcile copy","duration":84.17229199999974,"failureMessages":[],"meta":{},"tags":[]},{"ancestorTitles":["data-verification payment-method return page"],"fullName":"data-verification payment-method return page uses fixed failure copy after network loss","status":"passed","title":"uses fixed failure copy after network loss","duration":86.3124170000001,"failureMessages":[],"meta":{},"tags":[]},{"ancestorTitles":["data-verification payment-method return page"],"fullName":"data-verification payment-method return page keeps opaque values only in memory and requires fresh reauth on two retries","status":"passed","title":"keeps opaque values only in memory and requires fresh reauth on two retries","duration":186.0873330000004,"failureMessages":[],"meta":{},"tags":[]},{"ancestorTitles":["data-verification payment-method return page"],"fullName":"data-verification payment-method return page focuses Back to settings after a deferred terminal retry removes its opener","status":"passed","title":"focuses Back to settings after a deferred terminal retry removes its opener","duration":133.86962499999981,"failureMessages":[],"meta":{},"tags":[]},{"ancestorTitles":["data-verification payment-method return page"],"fullName":"data-verification payment-method return page hides all pay-in content and focuses only generic settings navigation after reconciliation 403","status":"passed","title":"hides all pay-in content and focuses only generic settings navigation after reconciliation 403","duration":85.78170899999986,"failureMessages":[],"meta":{},"tags":[]},{"ancestorTitles":["data-verification payment-method return page"],"fullName":"data-verification payment-method return page focuses Back to settings after cancelling a retry opened by a deferred preflight","status":"passed","title":"focuses Back to settings after cancelling a retry opened by a deferred preflight","duration":113.738292,"failureMessages":[],"meta":{},"tags":[]},{"ancestorTitles":["data-verification payment-method return page"],"fullName":"data-verification payment-method return page issues only one readiness request for two rapid retry clicks","status":"passed","title":"issues only one readiness request for two rapid retry clicks","duration":88.18283299999985,"failureMessages":[],"meta":{},"tags":[]},{"ancestorTitles":["data-verification payment-method return page"],"fullName":"data-verification payment-method return page hides the return surface if the endpoint becomes unavailable","status":"passed","title":"hides the return surface if the endpoint becomes unavailable","duration":48.99216699999988,"failureMessages":[],"meta":{},"tags":[]},{"ancestorTitles":["data-verification payment-method return page"],"fullName":"data-verification payment-method return page renders fixed cancellation copy when the return rechallenge is closed","status":"passed","title":"renders fixed cancellation copy when the return rechallenge is closed","duration":115.46008299999994,"failureMessages":[],"meta":{},"tags":[]},{"ancestorTitles":["data-verification payment-method return page"],"fullName":"data-verification payment-method return page checks availability before showing fixed failure copy for invalid return values","status":"passed","title":"checks availability before showing fixed failure copy for invalid return values","duration":41.44904200000019,"failureMessages":[],"meta":{},"tags":[]},{"ancestorTitles":["data-verification payment-method return page"],"fullName":"data-verification payment-method return page hides an unavailable return surface even when callback values are invalid","status":"passed","title":"hides an unavailable return surface even when callback values are invalid","duration":47.619417000000794,"failureMessages":[],"meta":{},"tags":[]}],"startTime":1789688651382,"endTime":1789688653494.6194,"status":"passed","message":"","name":"/private/var/tmp/koskadeux/minimal-bridge-worktrees/3cdeae8792ea-853fd0/app/dashboard/data-verification/payment-method/return/page.test.tsx"}]}