{"numTotalTestSuites":185,"numPassedTestSuites":184,"numFailedTestSuites":1,"numPendingTestSuites":0,"numTotalTests":964,"numPassedTests":963,"numFailedTests":1,"numPendingTests":0,"numTodoTests":0,"snapshot":{"added":0,"failure":false,"filesAdded":0,"filesRemoved":0,"filesRemovedList":[],"filesUnmatched":0,"filesUpdated":0,"matched":7,"total":7,"unchecked":0,"uncheckedKeysByFile":[],"unmatched":0,"updated":0,"didUpdate":false},"startTime":1789688924353,"success":false,"testResults":[{"assertionResults":[{"ancestorTitles":["AI crawler middleware"],"fullName":"AI crawler middleware sends exactly one POST for GPTBot and returns next before the beacon settles","status":"passed","title":"sends exactly one POST for GPTBot and returns next before the beacon settles","duration":18.879374999999982,"failureMessages":[],"meta":{},"tags":[]},{"ancestorTitles":["AI crawler middleware"],"fullName":"AI crawler middleware does not send a beacon for Chrome","status":"passed","title":"does not send a beacon for Chrome","duration":2.5257919999999103,"failureMessages":[],"meta":{},"tags":[]},{"ancestorTitles":["AI crawler middleware"],"fullName":"AI crawler middleware excludes /dashboard even for GPTBot","status":"passed","title":"excludes /dashboard even for GPTBot","duration":9.780250000000024,"failureMessages":[],"meta":{},"tags":[]},{"ancestorTitles":["AI crawler middleware"],"fullName":"AI crawler middleware excludes /listings-private even for GPTBot","status":"passed","title":"excludes /listings-private even for GPTBot","duration":4.761833000000024,"failureMessages":[],"meta":{},"tags":[]},{"ancestorTitles":["AI crawler middleware"],"fullName":"AI crawler middleware excludes /requests-private even for GPTBot","status":"passed","title":"excludes /requests-private even for GPTBot","duration":2.359292000000096,"failureMessages":[],"meta":{},"tags":[]},{"ancestorTitles":["AI crawler middleware"],"fullName":"AI crawler middleware matches and reports public route /","status":"passed","title":"matches and reports public route /","duration":3.113666000000194,"failureMessages":[],"meta":{},"tags":[]},{"ancestorTitles":["AI crawler middleware"],"fullName":"AI crawler middleware matches and reports public route /listings","status":"passed","title":"matches and reports public route /listings","duration":2.6856250000000728,"failureMessages":[],"meta":{},"tags":[]},{"ancestorTitles":["AI crawler middleware"],"fullName":"AI crawler middleware matches and reports public route /listings/some-slug","status":"passed","title":"matches and reports public route /listings/some-slug","duration":1.3643750000001091,"failureMessages":[],"meta":{},"tags":[]},{"ancestorTitles":["AI crawler middleware"],"fullName":"AI crawler middleware matches and reports public route /requests","status":"passed","title":"matches and reports public route /requests","duration":2.745999999999867,"failureMessages":[],"meta":{},"tags":[]},{"ancestorTitles":["AI crawler middleware"],"fullName":"AI crawler middleware matches and reports public route /requests/some-slug","status":"passed","title":"matches and reports public route /requests/some-slug","duration":1.6024159999999483,"failureMessages":[],"meta":{},"tags":[]},{"ancestorTitles":["AI crawler middleware"],"fullName":"AI crawler middleware matches and reports public route /llms.txt","status":"passed","title":"matches and reports public route /llms.txt","duration":1.8948339999999462,"failureMessages":[],"meta":{},"tags":[]},{"ancestorTitles":["AI crawler middleware"],"fullName":"AI crawler middleware matches and reports public route /llms-full.txt","status":"passed","title":"matches and reports public route /llms-full.txt","duration":1.8289999999999509,"failureMessages":[],"meta":{},"tags":[]},{"ancestorTitles":["AI crawler middleware"],"fullName":"AI crawler middleware matches and reports public route /sitemap.xml","status":"passed","title":"matches and reports public route /sitemap.xml","duration":1.2727910000000975,"failureMessages":[],"meta":{},"tags":[]},{"ancestorTitles":["AI crawler middleware"],"fullName":"AI crawler middleware matches and reports public route /sitemap-listings.xml","status":"passed","title":"matches and reports public route /sitemap-listings.xml","duration":1.9786670000000868,"failureMessages":[],"meta":{},"tags":[]},{"ancestorTitles":["AI crawler middleware"],"fullName":"AI crawler middleware uses the server-side API URL fallback","status":"passed","title":"uses the server-side API URL fallback","duration":1.2294580000000224,"failureMessages":[],"meta":{},"tags":[]},{"ancestorTitles":["AI crawler middleware"],"fullName":"AI crawler middleware skips the beacon when the key is missing","status":"passed","title":"skips the beacon when the key is missing","duration":1.301792000000205,"failureMessages":[],"meta":{},"tags":[]},{"ancestorTitles":["AI crawler middleware"],"fullName":"AI crawler middleware skips the beacon when the base is missing","status":"passed","title":"skips the beacon when the base is missing","duration":0.9394999999999527,"failureMessages":[],"meta":{},"tags":[]},{"ancestorTitles":["AI crawler middleware"],"fullName":"AI crawler middleware does not use the internal API key when the beacon key is unset","status":"passed","title":"does not use the internal API key when the beacon key is unset","duration":1.1914580000000115,"failureMessages":[],"meta":{},"tags":[]},{"ancestorTitles":["AI crawler middleware"],"fullName":"AI crawler middleware swallows a rejected beacon","status":"passed","title":"swallows a rejected beacon","duration":2.9833750000000236,"failureMessages":[],"meta":{},"tags":[]},{"ancestorTitles":["AI crawler middleware"],"fullName":"AI crawler middleware swallows a synchronous fetch failure","status":"passed","title":"swallows a synchronous fetch failure","duration":1.2979169999998703,"failureMessages":[],"meta":{},"tags":[]},{"ancestorTitles":["AI crawler middleware"],"fullName":"AI crawler middleware preserves Keystatic header rewriting without a beacon","status":"passed","title":"preserves Keystatic header rewriting without a beacon","duration":2.0659579999999096,"failureMessages":[],"meta":{},"tags":[]}],"startTime":1789689105174,"endTime":1789689105243.066,"status":"passed","message":"","name":"/private/var/tmp/koskadeux/minimal-bridge-worktrees/3cdeae8792ea-853fd0/middleware.test.ts"},{"assertionResults":[{"ancestorTitles":["next.config request discovery rewrites"],"fullName":"next.config request discovery rewrites proxies root and well-known requests.txt when API URL is configured","status":"passed","title":"proxies root and well-known requests.txt when API URL is configured","duration":8.46495799999991,"failureMessages":[],"meta":{},"tags":[]},{"ancestorTitles":["next.config request discovery rewrites"],"fullName":"next.config request discovery rewrites uses localhost fallback for requests.txt outside production","status":"passed","title":"uses localhost fallback for requests.txt outside production","duration":1.9110829999999623,"failureMessages":[],"meta":{},"tags":[]},{"ancestorTitles":["next.config request discovery rewrites"],"fullName":"next.config request discovery rewrites proxies the share card image to the backend when API URL is configured","status":"passed","title":"proxies the share card image to the backend when API URL is configured","duration":0.9804169999999885,"failureMessages":[],"meta":{},"tags":[]},{"ancestorTitles":["next.config request discovery rewrites"],"fullName":"next.config request discovery rewrites uses localhost fallback for the share card image outside production","status":"passed","title":"uses localhost fallback for the share card image outside production","duration":1.1948750000000246,"failureMessages":[],"meta":{},"tags":[]}],"startTime":1789689121568,"endTime":1789689121580.1948,"status":"passed","message":"","name":"/private/var/tmp/koskadeux/minimal-bridge-worktrees/3cdeae8792ea-853fd0/next.config.test.ts"},{"assertionResults":[{"ancestorTitles":["anonymous chat API lifecycle"],"fullName":"anonymous chat API lifecycle keeps createAnonymousSession backwards compatible when no options are supplied","status":"passed","title":"keeps createAnonymousSession backwards compatible when no options are supplied","duration":8.435167000000035,"failureMessages":[],"meta":{},"tags":[]},{"ancestorTitles":["anonymous chat API lifecycle"],"fullName":"anonymous chat API lifecycle cancels the reader, releases its lock, and removes the abort listener","status":"passed","title":"cancels the reader, releases its lock, and removes the abort listener","duration":5.4731669999999895,"failureMessages":[],"meta":{},"tags":[]}],"startTime":1789689118500,"endTime":1789689118513.4731,"status":"passed","message":"","name":"/private/var/tmp/koskadeux/minimal-bridge-worktrees/3cdeae8792ea-853fd0/api/anonymousChat.test.ts"},{"assertionResults":[{"ancestorTitles":["auth register API"],"fullName":"auth register API defaults registrations to buyer while preserving the backend payload shape","status":"passed","title":"defaults registrations to buyer while preserving the backend payload shape","duration":5.883791999999971,"failureMessages":[],"meta":{},"tags":[]},{"ancestorTitles":["auth reauthentication API"],"fullName":"auth reauthentication API uses the deployed /auth/reauth contract and preserves its token field","status":"passed","title":"uses the deployed /auth/reauth contract and preserves its token field","duration":2.655124999999998,"failureMessages":[],"meta":{},"tags":[]}],"startTime":1789689120384,"endTime":1789689120393.655,"status":"passed","message":"","name":"/private/var/tmp/koskadeux/minimal-bridge-worktrees/3cdeae8792ea-853fd0/api/auth.test.ts"},{"assertionResults":[{"ancestorTitles":["createCheckout"],"fullName":"createCheckout includes version_id when a version is selected","status":"passed","title":"includes version_id when a version is selected","duration":7.274249999999995,"failureMessages":[],"meta":{},"tags":[]},{"ancestorTitles":["createCheckout"],"fullName":"createCheckout omits version_id for legacy/latest checkout","status":"passed","title":"omits version_id for legacy/latest checkout","duration":1.3023330000000328,"failureMessages":[],"meta":{},"tags":[]}],"startTime":1789689123164,"endTime":1789689123172.3022,"status":"passed","message":"","name":"/private/var/tmp/koskadeux/minimal-bridge-worktrees/3cdeae8792ea-853fd0/api/checkout.test.ts"},{"assertionResults":[{"ancestorTitles":["refreshAccessToken"],"fullName":"refreshAccessToken waits for Retry-After delta-seconds without retrying early","status":"passed","title":"waits for Retry-After delta-seconds without retrying early","duration":29.711582999999905,"failureMessages":[],"meta":{},"tags":[]},{"ancestorTitles":["refreshAccessToken"],"fullName":"refreshAccessToken parses Retry-After HTTP-date","status":"passed","title":"parses Retry-After HTTP-date","duration":9.25441699999999,"failureMessages":[],"meta":{},"tags":[]},{"ancestorTitles":["refreshAccessToken"],"fullName":"refreshAccessToken falls back to 60 seconds for invalid Retry-After","status":"passed","title":"falls back to 60 seconds for invalid Retry-After","duration":7.569333000000029,"failureMessages":[],"meta":{},"tags":[]},{"ancestorTitles":["refreshAccessToken"],"fullName":"refreshAccessToken falls back to 60 seconds for fractional numeric Retry-After","status":"passed","title":"falls back to 60 seconds for fractional numeric Retry-After","duration":6.136000000000081,"failureMessages":[],"meta":{},"tags":[]},{"ancestorTitles":["refreshAccessToken"],"fullName":"refreshAccessToken falls back to 60 seconds for negative numeric Retry-After","status":"passed","title":"falls back to 60 seconds for negative numeric Retry-After","duration":4.421583000000055,"failureMessages":[],"meta":{},"tags":[]},{"ancestorTitles":["refreshAccessToken"],"fullName":"refreshAccessToken falls back to 60 seconds for explicitly positive numeric Retry-After","status":"passed","title":"falls back to 60 seconds for explicitly positive numeric Retry-After","duration":3.4517499999999472,"failureMessages":[],"meta":{},"tags":[]},{"ancestorTitles":["refreshAccessToken"],"fullName":"refreshAccessToken falls back to 60 seconds for missing Retry-After","status":"passed","title":"falls back to 60 seconds for missing Retry-After","duration":2.474375000000009,"failureMessages":[],"meta":{},"tags":[]},{"ancestorTitles":["refreshAccessToken"],"fullName":"refreshAccessToken clamps zero Retry-After to the supported bound","status":"passed","title":"clamps zero Retry-After to the supported bound","duration":2.254707999999937,"failureMessages":[],"meta":{},"tags":[]},{"ancestorTitles":["refreshAccessToken"],"fullName":"refreshAccessToken clamps above maximum Retry-After to the supported bound","status":"passed","title":"clamps above maximum Retry-After to the supported bound","duration":3.633041999999932,"failureMessages":[],"meta":{},"tags":[]},{"ancestorTitles":["refreshAccessToken"],"fullName":"refreshAccessToken keeps concurrent callers on one single-flight through the wait and retry","status":"passed","title":"keeps concurrent callers on one single-flight through the wait and retry","duration":5.236209000000031,"failureMessages":[],"meta":{},"tags":[]},{"ancestorTitles":["refreshAccessToken"],"fullName":"refreshAccessToken retries exactly once and treats a second 429 as transient","status":"passed","title":"retries exactly once and treats a second 429 as transient","duration":4.805541999999946,"failureMessages":[],"meta":{},"tags":[]},{"ancestorTitles":["refreshAccessToken"],"fullName":"refreshAccessToken clears auth and redirects for terminal refresh 401","status":"passed","title":"clears auth and redirects for terminal refresh 401","duration":4.498958000000016,"failureMessages":[],"meta":{},"tags":[]},{"ancestorTitles":["refreshAccessToken"],"fullName":"refreshAccessToken clears auth and redirects for terminal refresh 403","status":"passed","title":"clears auth and redirects for terminal refresh 403","duration":2.618084000000067,"failureMessages":[],"meta":{},"tags":[]},{"ancestorTitles":["refreshAccessToken"],"fullName":"refreshAccessToken clears auth without redirecting an anonymous visitor after a terminal 401","status":"passed","title":"clears auth without redirecting an anonymous visitor after a terminal 401","duration":2.529290999999944,"failureMessages":[],"meta":{},"tags":[]},{"ancestorTitles":["refreshAccessToken"],"fullName":"refreshAccessToken preserves auth for transient network failure","status":"passed","title":"preserves auth for transient network failure","duration":2.115167000000042,"failureMessages":[],"meta":{},"tags":[]},{"ancestorTitles":["refreshAccessToken"],"fullName":"refreshAccessToken preserves auth for transient server failure","status":"passed","title":"preserves auth for transient server failure","duration":2.4062079999999924,"failureMessages":[],"meta":{},"tags":[]},{"ancestorTitles":["api client response handling"],"fullName":"api client response handling rejects the transient refresh error without redirecting","status":"passed","title":"rejects the transient refresh error without redirecting","duration":12.039833000000044,"failureMessages":[],"meta":{},"tags":[]}],"startTime":1789689101602,"endTime":1789689101708.0398,"status":"passed","message":"","name":"/private/var/tmp/koskadeux/minimal-bridge-worktrees/3cdeae8792ea-853fd0/api/client.test.ts"},{"assertionResults":[{"ancestorTitles":["Stripe Connect onboarding redirect"],"fullName":"Stripe Connect onboarding redirect redirects to hosted onboarding_url responses","status":"passed","title":"redirects to hosted onboarding_url responses","duration":7.235124999999925,"failureMessages":[],"meta":{},"tags":[]},{"ancestorTitles":["Stripe Connect onboarding redirect"],"fullName":"Stripe Connect onboarding redirect redirects to legacy url responses","status":"passed","title":"redirects to legacy url responses","duration":1.0243330000000697,"failureMessages":[],"meta":{},"tags":[]},{"ancestorTitles":["Stripe Connect onboarding redirect"],"fullName":"Stripe Connect onboarding redirect rejects missing and invalid onboarding URLs","status":"passed","title":"rejects missing and invalid onboarding URLs","duration":2.718832999999904,"failureMessages":[],"meta":{},"tags":[]},{"ancestorTitles":["Stripe Connect onboarding redirect"],"fullName":"Stripe Connect onboarding redirect identifies the 403 2FA detail used for the info toast branch","status":"passed","title":"identifies the 403 2FA detail used for the info toast branch","duration":0.9499999999999318,"failureMessages":[],"meta":{},"tags":[]},{"ancestorTitles":["Stripe Connect onboarding redirect"],"fullName":"Stripe Connect onboarding redirect does not classify other 403 responses as 2FA-required","status":"passed","title":"does not classify other 403 responses as 2FA-required","duration":0.5831670000000031,"failureMessages":[],"meta":{},"tags":[]}],"startTime":1789689124363,"endTime":1789689124375.5833,"status":"passed","message":"","name":"/private/var/tmp/koskadeux/minimal-bridge-worktrees/3cdeae8792ea-853fd0/api/connect.test.ts"},{"assertionResults":[{"ancestorTitles":["dataVerificationPayin API"],"fullName":"dataVerificationPayin API uses authenticated api/client for the exact readiness URL","status":"passed","title":"uses authenticated api/client for the exact readiness URL","duration":8.756000000000029,"failureMessages":[],"meta":{},"tags":[]},{"ancestorTitles":["dataVerificationPayin API"],"fullName":"dataVerificationPayin API sends the exact versioned setup body and reauth header","status":"passed","title":"sends the exact versioned setup body and reauth header","duration":2.6220840000000294,"failureMessages":[],"meta":{},"tags":[]},{"ancestorTitles":["dataVerificationPayin API"],"fullName":"dataVerificationPayin API accepts real RFC3339 UTC instants and rejects normalized impossible dates","status":"passed","title":"accepts real RFC3339 UTC instants and rejects normalized impossible dates","duration":3.8516670000000204,"failureMessages":[],"meta":{},"tags":[]},{"ancestorTitles":["dataVerificationPayin API"],"fullName":"dataVerificationPayin API sends the exact versioned reconcile body and fresh reauth header","status":"passed","title":"sends the exact versioned reconcile body and fresh reauth header","duration":1.1563330000000178,"failureMessages":[],"meta":{},"tags":[]},{"ancestorTitles":["dataVerificationPayin API"],"fullName":"dataVerificationPayin API rejects wrong versions, unknown keys, invalid states, and inconsistent readiness booleans","status":"passed","title":"rejects wrong versions, unknown keys, invalid states, and inconsistent readiness booleans","duration":2.3584170000000313,"failureMessages":[],"meta":{},"tags":[]},{"ancestorTitles":["dataVerificationPayin API"],"fullName":"dataVerificationPayin API rejects prototype-chain readiness state names","status":"passed","title":"rejects prototype-chain readiness state names","duration":0.7466670000000022,"failureMessages":[],"meta":{},"tags":[]},{"ancestorTitles":["dataVerificationPayin API"],"fullName":"dataVerificationPayin API accepts only opaque setup-attempt and Checkout-session identifiers","status":"passed","title":"accepts only opaque setup-attempt and Checkout-session identifiers","duration":1.4315829999999892,"failureMessages":[],"meta":{},"tags":[]},{"ancestorTitles":["dataVerificationPayin API"],"fullName":"dataVerificationPayin API navigates exactly once through the top-level location boundary","status":"passed","title":"navigates exactly once through the top-level location boundary","duration":0.6262920000000349,"failureMessages":[],"meta":{},"tags":[]},{"ancestorTitles":["dataVerificationPayin API"],"fullName":"dataVerificationPayin API classifies disabled and ineligible surfaces without exposing response details","status":"passed","title":"classifies disabled and ineligible surfaces without exposing response details","duration":0.5453750000000355,"failureMessages":[],"meta":{},"tags":[]},{"ancestorTitles":["dataVerificationPayin API"],"fullName":"dataVerificationPayin API never imports the public lib/api transport","status":"passed","title":"never imports the public lib/api transport","duration":0.6636250000000246,"failureMessages":[],"meta":{},"tags":[]}],"startTime":1789689117990,"endTime":1789689118013.6636,"status":"passed","message":"","name":"/private/var/tmp/koskadeux/minimal-bridge-worktrees/3cdeae8792ea-853fd0/api/dataVerificationPayin.test.ts"},{"assertionResults":[{"ancestorTitles":["getMarketplaceCategoryFacets"],"fullName":"getMarketplaceCategoryFacets returns facets.categories from the public search payload","status":"passed","title":"returns facets.categories from the public search payload","duration":7.2288749999999595,"failureMessages":[],"meta":{},"tags":[]},{"ancestorTitles":["getMarketplaceCategoryFacets"],"fullName":"getMarketplaceCategoryFacets fails when the search payload has no category facet data","status":"passed","title":"fails when the search payload has no category facet data","duration":2.932542000000012,"failureMessages":[],"meta":{},"tags":[]}],"startTime":1789689126601,"endTime":1789689126610.9326,"status":"passed","message":"","name":"/private/var/tmp/koskadeux/minimal-bridge-worktrees/3cdeae8792ea-853fd0/api/listings.test.ts"},{"assertionResults":[{"ancestorTitles":["notifications API"],"fullName":"notifications API requests the notification list with its filters","status":"passed","title":"requests the notification list with its filters","duration":7.703333999999984,"failureMessages":[],"meta":{},"tags":[]},{"ancestorTitles":["notifications API"],"fullName":"notifications API requests the unread notification count","status":"passed","title":"requests the unread notification count","duration":0.6070419999999785,"failureMessages":[],"meta":{},"tags":[]}],"startTime":1789689124865,"endTime":1789689124872.7034,"status":"passed","message":"","name":"/private/var/tmp/koskadeux/minimal-bridge-worktrees/3cdeae8792ea-853fd0/api/notifications.test.ts"},{"assertionResults":[{"ancestorTitles":[],"fullName":"displays list amounts from backend cents while preserving legacy amounts and purchase access","status":"passed","title":"displays list amounts from backend cents while preserving legacy amounts and purchase access","duration":5.77804100000003,"failureMessages":[],"meta":{},"tags":[]},{"ancestorTitles":[],"fullName":"uses the stored purchase title and cents for Workspace order display","status":"passed","title":"uses the stored purchase title and cents for Workspace order display","duration":2.1059589999999844,"failureMessages":[],"meta":{},"tags":[]}],"startTime":1789689129164,"endTime":1789689129171.106,"status":"passed","message":"","name":"/private/var/tmp/koskadeux/minimal-bridge-worktrees/3cdeae8792ea-853fd0/api/orders.workspace.test.ts"},{"assertionResults":[{"ancestorTitles":["seller API"],"fullName":"seller API passes the Awaiting delivery query to seller orders","status":"passed","title":"passes the Awaiting delivery query to seller orders","duration":6.651083999999969,"failureMessages":[],"meta":{},"tags":[]},{"ancestorTitles":["seller API"],"fullName":"seller API omits status_filter for All","status":"passed","title":"omits status_filter for All","duration":1.6302919999999972,"failureMessages":[],"meta":{},"tags":[]},{"ancestorTitles":["seller API"],"fullName":"seller API requests typed seller stats","status":"passed","title":"requests typed seller stats","duration":1.540625000000034,"failureMessages":[],"meta":{},"tags":[]}],"startTime":1789689120924,"endTime":1789689120933.5405,"status":"passed","message":"","name":"/private/var/tmp/koskadeux/minimal-bridge-worktrees/3cdeae8792ea-853fd0/api/seller.test.ts"},{"assertionResults":[{"ancestorTitles":[],"fullName":"reuses the request identity after an unknown response and uses a new identity after success","status":"passed","title":"reuses the request identity after an unknown response and uses a new identity after success","duration":16.210666999999944,"failureMessages":[],"meta":{},"tags":[]},{"ancestorTitles":[],"fullName":"does not discard a newer retry identity when an older response arrives","status":"passed","title":"does not discard a newer retry identity when an older response arrives","duration":0.9581249999999955,"failureMessages":[],"meta":{},"tags":[]}],"startTime":1789689119223,"endTime":1789689119240.958,"status":"passed","message":"","name":"/private/var/tmp/koskadeux/minimal-bridge-worktrees/3cdeae8792ea-853fd0/api/sellerListingAssistant.test.ts"},{"assertionResults":[{"ancestorTitles":[],"fullName":"publishes only the approval binding and stable request identity","status":"passed","title":"publishes only the approval binding and stable request identity","duration":5.791958999999963,"failureMessages":[],"meta":{},"tags":[]},{"ancestorTitles":[],"fullName":"refuses a receipt from a different approved render","status":"passed","title":"refuses a receipt from a different approved render","duration":2.379792000000009,"failureMessages":[],"meta":{},"tags":[]},{"ancestorTitles":[],"fullName":"rejects a page for a different request and ignores cancelled responses","status":"passed","title":"rejects a page for a different request and ignores cancelled responses","duration":1.3305839999999876,"failureMessages":[],"meta":{},"tags":[]},{"ancestorTitles":[],"fullName":"checks that visibility changes return the same immutable listing","status":"passed","title":"checks that visibility changes return the same immutable listing","duration":1.1427499999999782,"failureMessages":[],"meta":{},"tags":[]}],"startTime":1789689122091,"endTime":1789689122102.1428,"status":"passed","message":"","name":"/private/var/tmp/koskadeux/minimal-bridge-worktrees/3cdeae8792ea-853fd0/api/sellerListingPublication.test.ts"},{"assertionResults":[{"ancestorTitles":[],"fullName":"returns only the exact render whose digest was prepared by the backend","status":"passed","title":"returns only the exact render whose digest was prepared by the backend","duration":14.825750000000028,"failureMessages":[],"meta":{},"tags":[]},{"ancestorTitles":[],"fullName":"rejects changed, unsupported or unbounded rendered reviews","status":"passed","title":"rejects changed, unsupported or unbounded rendered reviews","duration":3.4903339999999616,"failureMessages":[],"meta":{},"tags":[]},{"ancestorTitles":[],"fullName":"rejects changed, unsupported or unbounded rendered reviews","status":"passed","title":"rejects changed, unsupported or unbounded rendered reviews","duration":0.5755829999999946,"failureMessages":[],"meta":{},"tags":[]},{"ancestorTitles":[],"fullName":"rejects changed, unsupported or unbounded rendered reviews","status":"passed","title":"rejects changed, unsupported or unbounded rendered reviews","duration":0.6895000000000095,"failureMessages":[],"meta":{},"tags":[]},{"ancestorTitles":[],"fullName":"rejects changed, unsupported or unbounded rendered reviews","status":"passed","title":"rejects changed, unsupported or unbounded rendered reviews","duration":1.359958000000006,"failureMessages":[],"meta":{},"tags":[]},{"ancestorTitles":[],"fullName":"does not return a render after navigation cancels the request","status":"passed","title":"does not return a render after navigation cancels the request","duration":4.919791999999973,"failureMessages":[],"meta":{},"tags":[]},{"ancestorTitles":[],"fullName":"sends only exact review identities and explicit confirmations, never source or HTML payloads","status":"passed","title":"sends only exact review identities and explicit confirmations, never source or HTML payloads","duration":1.5888340000000198,"failureMessages":[],"meta":{},"tags":[]},{"ancestorTitles":[],"fullName":"accepts a bounded first page for the full 22,000-file review","status":"passed","title":"accepts a bounded first page for the full 22,000-file review","duration":1.326166999999998,"failureMessages":[],"meta":{},"tags":[]},{"ancestorTitles":[],"fullName":"refuses a mismatched or incomplete subsequent page: {\"source_hash\":\"cccccccccccccccccccccccccccccccccccccccccccccccccccccccccccccccc\"}","status":"passed","title":"refuses a mismatched or incomplete subsequent page: {\"source_hash\":\"cccccccccccccccccccccccccccccccccccccccccccccccccccccccccccccccc\"}","duration":0.8158329999999978,"failureMessages":[],"meta":{},"tags":[]},{"ancestorTitles":[],"fullName":"refuses a mismatched or incomplete subsequent page: {\"source_version\":2}","status":"passed","title":"refuses a mismatched or incomplete subsequent page: {\"source_version\":2}","duration":0.6838750000000005,"failureMessages":[],"meta":{},"tags":[]},{"ancestorTitles":[],"fullName":"refuses a mismatched or incomplete subsequent page: {\"review_hash\":\"cccccccccccccccccccccccccccccccccccccccccccccccccccccccccccccccc\"}","status":"passed","title":"refuses a mismatched or incomplete subsequent page: {\"review_hash\":\"cccccccccccccccccccccccccccccccccccccccccccccccccccccccccccccccc\"}","duration":0.8932500000000232,"failureMessages":[],"meta":{},"tags":[]},{"ancestorTitles":[],"fullName":"refuses a mismatched or incomplete subsequent page: {\"total_count\":21999}","status":"passed","title":"refuses a mismatched or incomplete subsequent page: {\"total_count\":21999}","duration":0.7606659999999579,"failureMessages":[],"meta":{},"tags":[]},{"ancestorTitles":[],"fullName":"refuses a mismatched or incomplete subsequent page: {\"total_size_bytes\":21999}","status":"passed","title":"refuses a mismatched or incomplete subsequent page: {\"total_size_bytes\":21999}","duration":0.7857079999999996,"failureMessages":[],"meta":{},"tags":[]},{"ancestorTitles":[],"fullName":"refuses a mismatched or incomplete subsequent page: {\"offset\":51}","status":"passed","title":"refuses a mismatched or incomplete subsequent page: {\"offset\":51}","duration":0.22783400000002985,"failureMessages":[],"meta":{},"tags":[]},{"ancestorTitles":[],"fullName":"refuses a mismatched or incomplete subsequent page: {\"files\":[]}","status":"passed","title":"refuses a mismatched or incomplete subsequent page: {\"files\":[]}","duration":0.17399999999997817,"failureMessages":[],"meta":{},"tags":[]},{"ancestorTitles":[],"fullName":"refuses a mismatched or incomplete subsequent page: {\"next_cursor\":null}","status":"passed","title":"refuses a mismatched or incomplete subsequent page: {\"next_cursor\":null}","duration":0.17029200000001765,"failureMessages":[],"meta":{},"tags":[]},{"ancestorTitles":[],"fullName":"refuses a mismatched or incomplete subsequent page: {\"files\":[{\"key\":\"private/0.csv\",\"size\":1,\"etag\":\"e\",\"version_id\":null},{\"key\":\"private/0.csv\",\"size\":1,\"etag\":\"e\",\"version_id\":null}]}","status":"passed","title":"refuses a mismatched or incomplete subsequent page: {\"files\":[{\"key\":\"private/0.csv\",\"size\":1,\"etag\":\"e\",\"version_id\":null},{\"key\":\"private/0.csv\",\"size\":1,\"etag\":\"e\",\"version_id\":null}]}","duration":0.2363330000000019,"failureMessages":[],"meta":{},"tags":[]},{"ancestorTitles":[],"fullName":"refuses a mismatched or incomplete subsequent page: {\"page_size\":50001}","status":"passed","title":"refuses a mismatched or incomplete subsequent page: {\"page_size\":50001}","duration":0.7847909999999843,"failureMessages":[],"meta":{},"tags":[]},{"ancestorTitles":[],"fullName":"requests one cursor-bound page and refuses a cancelled response","status":"passed","title":"requests one cursor-bound page and refuses a cancelled response","duration":2.971499999999992,"failureMessages":[],"meta":{},"tags":[]}],"startTime":1789689113613,"endTime":1789689113650.9714,"status":"passed","message":"","name":"/private/var/tmp/koskadeux/minimal-bridge-worktrees/3cdeae8792ea-853fd0/api/sellerListingReview.test.ts"},{"assertionResults":[{"ancestorTitles":["Seller Workspace capability truth"],"fullName":"Seller Workspace capability truth does not enable profiling from connect availability or contradictory flags","status":"passed","title":"does not enable profiling from connect availability or contradictory flags","duration":4.679750000000013,"failureMessages":[],"meta":{},"tags":[]},{"ancestorTitles":["Seller Workspace capability truth"],"fullName":"Seller Workspace capability truth does not require profiling for source discovery or infer discovery from profiling","status":"passed","title":"does not require profiling for source discovery or infer discovery from profiling","duration":0.853832999999895,"failureMessages":[],"meta":{},"tags":[]},{"ancestorTitles":["Seller Workspace capability truth"],"fullName":"Seller Workspace capability truth uses only the frozen capability endpoint","status":"passed","title":"uses only the frozen capability endpoint","duration":3.5386250000000246,"failureMessages":[],"meta":{},"tags":[]},{"ancestorTitles":["Seller Workspace capability truth"],"fullName":"Seller Workspace capability truth defaults off unless both master and AWS connect are explicitly available","status":"passed","title":"defaults off unless both master and AWS connect are explicitly available","duration":0.3527919999999085,"failureMessages":[],"meta":{},"tags":[]},{"ancestorTitles":["Seller Workspace frozen routes"],"fullName":"Seller Workspace frozen routes passes object scope and opaque cursor as query parameters","status":"passed","title":"passes object scope and opaque cursor as query parameters","duration":1.0389579999999796,"failureMessages":[],"meta":{},"tags":[]},{"ancestorTitles":["Seller Workspace frozen routes"],"fullName":"Seller Workspace frozen routes binds cancellation to the observed job version and idempotency key","status":"passed","title":"binds cancellation to the observed job version and idempotency key","duration":0.5384579999999914,"failureMessages":[],"meta":{},"tags":[]},{"ancestorTitles":["Seller Workspace frozen routes"],"fullName":"Seller Workspace frozen routes lists connections and retrieves open authorization without mutation headers","status":"passed","title":"lists connections and retrieves open authorization without mutation headers","duration":0.6038330000000087,"failureMessages":[],"meta":{},"tags":[]},{"ancestorTitles":["Seller Workspace frozen routes"],"fullName":"Seller Workspace frozen routes sends a safe Idempotency-Key on every mutation and never sends principal or ExternalId","status":"passed","title":"sends a safe Idempotency-Key on every mutation and never sends principal or ExternalId","duration":1.488207999999986,"failureMessages":[],"meta":{},"tags":[]},{"ancestorTitles":["Seller Workspace frozen routes"],"fullName":"Seller Workspace frozen routes generates a backend-safe collision-resistant idempotency key","status":"passed","title":"generates a backend-safe collision-resistant idempotency key","duration":1.5512919999999895,"failureMessages":[],"meta":{},"tags":[]},{"ancestorTitles":["Seller Workspace frozen routes"],"fullName":"Seller Workspace frozen routes rejects unsafe caller-provided idempotency keys before any mutation","status":"passed","title":"rejects unsafe caller-provided idempotency keys before any mutation","duration":1.3777499999999918,"failureMessages":[],"meta":{},"tags":[]},{"ancestorTitles":["Seller Workspace safe errors"],"fullName":"Seller Workspace safe errors reduces status 403 to a safe code","status":"passed","title":"reduces status 403 to a safe code","duration":3.3348330000000033,"failureMessages":[],"meta":{},"tags":[]},{"ancestorTitles":["Seller Workspace safe errors"],"fullName":"Seller Workspace safe errors reduces status 409 to a safe code","status":"passed","title":"reduces status 409 to a safe code","duration":0.7050419999999349,"failureMessages":[],"meta":{},"tags":[]},{"ancestorTitles":["Seller Workspace safe errors"],"fullName":"Seller Workspace safe errors reduces status 422 to a safe code","status":"passed","title":"reduces status 422 to a safe code","duration":0.4964999999999691,"failureMessages":[],"meta":{},"tags":[]},{"ancestorTitles":["Seller Workspace safe errors"],"fullName":"Seller Workspace safe errors reduces status 422 to a safe code","status":"passed","title":"reduces status 422 to a safe code","duration":0.5477499999999509,"failureMessages":[],"meta":{},"tags":[]},{"ancestorTitles":["Seller Workspace safe errors"],"fullName":"Seller Workspace safe errors reduces status 503 to a safe code","status":"passed","title":"reduces status 503 to a safe code","duration":0.5305419999999685,"failureMessages":[],"meta":{},"tags":[]},{"ancestorTitles":["Seller Workspace safe errors"],"fullName":"Seller Workspace safe errors reduces status 503 to a safe code","status":"passed","title":"reduces status 503 to a safe code","duration":0.45058300000005147,"failureMessages":[],"meta":{},"tags":[]}],"startTime":1789689116862,"endTime":1789689116884.5305,"status":"passed","message":"","name":"/private/var/tmp/koskadeux/minimal-bridge-worktrees/3cdeae8792ea-853fd0/api/sellerWorkspace.test.ts"},{"assertionResults":[{"ancestorTitles":[],"fullName":"accepts the fixed R2  endpoint","status":"passed","title":"accepts the fixed R2  endpoint","duration":14.448750000000018,"failureMessages":[],"meta":{},"tags":[]},{"ancestorTitles":[],"fullName":"accepts the fixed R2 eu. endpoint","status":"passed","title":"accepts the fixed R2 eu. endpoint","duration":1.3232080000000224,"failureMessages":[],"meta":{},"tags":[]},{"ancestorTitles":[],"fullName":"accepts the fixed R2 us. endpoint","status":"passed","title":"accepts the fixed R2 us. endpoint","duration":9.064082999999982,"failureMessages":[],"meta":{},"tags":[]},{"ancestorTitles":[],"fullName":"accepts the fixed R2 fedramp. endpoint","status":"passed","title":"accepts the fixed R2 fedramp. endpoint","duration":0.428792000000044,"failureMessages":[],"meta":{},"tags":[]},{"ancestorTitles":[],"fullName":"rejects unapproved R2 host evil.r2.cloudflarestorage.com","status":"passed","title":"rejects unapproved R2 host evil.r2.cloudflarestorage.com","duration":1.763708999999949,"failureMessages":[],"meta":{},"tags":[]},{"ancestorTitles":[],"fullName":"rejects unapproved R2 host dddddddddddddddddddddddddddddddd.r2.cloudflarestorage.com.evil.example","status":"passed","title":"rejects unapproved R2 host dddddddddddddddddddddddddddddddd.r2.cloudflarestorage.com.evil.example","duration":0.40220800000008694,"failureMessages":[],"meta":{},"tags":[]},{"ancestorTitles":[],"fullName":"rejects unapproved R2 host dddddddddddddddddddddddddddddddd.evil.r2.cloudflarestorage.com","status":"passed","title":"rejects unapproved R2 host dddddddddddddddddddddddddddddddd.evil.r2.cloudflarestorage.com","duration":0.5802499999999782,"failureMessages":[],"meta":{},"tags":[]},{"ancestorTitles":[],"fullName":"waits for 429 then retries the same file in the same session without allocating another download","status":"passed","title":"waits for 429 then retries the same file in the same session without allocating another download","duration":18.176958000000013,"failureMessages":[],"meta":{},"tags":[]},{"ancestorTitles":[],"fullName":"cancels a pending wait without another request","status":"passed","title":"cancels a pending wait without another request","duration":3.6763750000000073,"failureMessages":[],"meta":{},"tags":[]},{"ancestorTitles":[],"fullName":"stops after three rate retries","status":"passed","title":"stops after three rate retries","duration":2.2772500000000946,"failureMessages":[],"meta":{},"tags":[]},{"ancestorTitles":[],"fullName":"does not replay a 403 response","status":"passed","title":"does not replay a 403 response","duration":1.2590830000000324,"failureMessages":[],"meta":{},"tags":[]},{"ancestorTitles":[],"fullName":"does not replay a 404 response","status":"passed","title":"does not replay a 404 response","duration":0.7220829999999978,"failureMessages":[],"meta":{},"tags":[]},{"ancestorTitles":[],"fullName":"does not replay a 409 response","status":"passed","title":"does not replay a 409 response","duration":0.4513750000000982,"failureMessages":[],"meta":{},"tags":[]},{"ancestorTitles":[],"fullName":"does not replay a 503 response","status":"passed","title":"does not replay a 503 response","duration":0.2089170000000422,"failureMessages":[],"meta":{},"tags":[]},{"ancestorTitles":[],"fullName":"does not shorten or guess unsupported Retry-After 120","status":"passed","title":"does not shorten or guess unsupported Retry-After 120","duration":0.42495800000006057,"failureMessages":[],"meta":{},"tags":[]},{"ancestorTitles":[],"fullName":"does not shorten or guess unsupported Retry-After nonsense","status":"passed","title":"does not shorten or guess unsupported Retry-After nonsense","duration":0.3720420000000786,"failureMessages":[],"meta":{},"tags":[]},{"ancestorTitles":[],"fullName":"does not shorten or guess unsupported Retry-After -1","status":"passed","title":"does not shorten or guess unsupported Retry-After -1","duration":0.33770800000002055,"failureMessages":[],"meta":{},"tags":[]},{"ancestorTitles":[],"fullName":"honors an HTTP-date Retry-After","status":"passed","title":"honors an HTTP-date Retry-After","duration":1.7237089999999853,"failureMessages":[],"meta":{},"tags":[]}],"startTime":1789689112336,"endTime":1789689112394.7236,"status":"passed","message":"","name":"/private/var/tmp/koskadeux/minimal-bridge-worktrees/3cdeae8792ea-853fd0/api/sellerWorkspaceDownload.test.ts"},{"assertionResults":[{"ancestorTitles":["SignedOutPurchase"],"fullName":"SignedOutPurchase keeps Buy Now available and explains that sign-in does not charge the buyer","status":"passed","title":"keeps Buy Now available and explains that sign-in does not charge the buyer","duration":59.01883299999997,"failureMessages":[],"meta":{},"tags":[]},{"ancestorTitles":["SignedOutPurchase"],"fullName":"SignedOutPurchase previews known purchase facts and omits unavailable facts","status":"passed","title":"previews known purchase facts and omits unavailable facts","duration":5.881625000000099,"failureMessages":[],"meta":{},"tags":[]}],"startTime":1789689110158,"endTime":1789689110222.8816,"status":"passed","message":"","name":"/private/var/tmp/koskadeux/minimal-bridge-worktrees/3cdeae8792ea-853fd0/components/BuyButton.test.tsx"},{"assertionResults":[{"ancestorTitles":["InquiryWidget"],"fullName":"InquiryWidget creates an anonymous session, sends listing context, and renders streamed deltas","status":"passed","title":"creates an anonymous session, sends listing context, and renders streamed deltas","duration":266.025584,"failureMessages":[],"meta":{},"tags":[]},{"ancestorTitles":["InquiryWidget"],"fullName":"InquiryWidget drops a cached session after a message 404 and creates a fresh session on retry","status":"passed","title":"drops a cached session after a message 404 and creates a fresh session on retry","duration":43.41479100000015,"failureMessages":[],"meta":{},"tags":[]},{"ancestorTitles":["InquiryWidget"],"fullName":"InquiryWidget shows an actionable still-working state after eight seconds and resets on completion","status":"passed","title":"shows an actionable still-working state after eight seconds and resets on completion","duration":64.71058300000004,"failureMessages":[],"meta":{},"tags":[]},{"ancestorTitles":["InquiryWidget"],"fullName":"InquiryWidget keeps the anonymous wait label and notice coherent through an auth hydration flip","status":"passed","title":"keeps the anonymous wait label and notice coherent through an auth hydration flip","duration":37.846250000000055,"failureMessages":[],"meta":{},"tags":[]},{"ancestorTitles":["InquiryWidget"],"fullName":"InquiryWidget keeps a completed anonymous thread visible when auth hydrates mid-attempt","status":"passed","title":"keeps a completed anonymous thread visible when auth hydrates mid-attempt","duration":28.010709000000134,"failureMessages":[],"meta":{},"tags":[]},{"ancestorTitles":["InquiryWidget"],"fullName":"InquiryWidget ends an anonymous attempt at exactly 45 seconds with retry and sign-in recovery","status":"passed","title":"ends an anonymous attempt at exactly 45 seconds with retry and sign-in recovery","duration":42.89091699999972,"failureMessages":[],"meta":{},"tags":[]},{"ancestorTitles":["InquiryWidget"],"fullName":"InquiryWidget preserves a nonempty textarea edit rather than the submitted snapshot on timeout sign-in","status":"passed","title":"preserves a nonempty textarea edit rather than the submitted snapshot on timeout sign-in","duration":24.469375000000127,"failureMessages":[],"meta":{},"tags":[]},{"ancestorTitles":["InquiryWidget"],"fullName":"InquiryWidget retries with a new session after session creation itself reaches the deadline","status":"passed","title":"retries with a new session after session creation itself reaches the deadline","duration":34.67708300000004,"failureMessages":[],"meta":{},"tags":[]},{"ancestorTitles":["InquiryWidget"],"fullName":"InquiryWidget accepts a successful anonymous response immediately before the overall deadline","status":"passed","title":"accepts a successful anonymous response immediately before the overall deadline","duration":28.29029199999968,"failureMessages":[],"meta":{},"tags":[]},{"ancestorTitles":["InquiryWidget"],"fullName":"InquiryWidget does not let a cleared deadline from an ordinary error abort a retry","status":"passed","title":"does not let a cleared deadline from an ordinary error abort a retry","duration":51.0946670000003,"failureMessages":[],"meta":{},"tags":[]},{"ancestorTitles":["InquiryWidget"],"fullName":"InquiryWidget shows only the timeout recovery CTA after a successful attempt then a timed-out attempt","status":"passed","title":"shows only the timeout recovery CTA after a successful attempt then a timed-out attempt","duration":42.7824999999998,"failureMessages":[],"meta":{},"tags":[]},{"ancestorTitles":["InquiryWidget"],"fullName":"InquiryWidget resets the anonymous wait state when a terminal error arrives after eight seconds","status":"passed","title":"resets the anonymous wait state when a terminal error arrives after eight seconds","duration":36.441749999999956,"failureMessages":[],"meta":{},"tags":[]},{"ancestorTitles":["InquiryWidget"],"fullName":"InquiryWidget cleans up without stale timers or state warnings when unmounted before the wait fires","status":"passed","title":"cleans up without stale timers or state warnings when unmounted before the wait fires","duration":18.66533299999992,"failureMessages":[],"meta":{},"tags":[]},{"ancestorTitles":["InquiryWidget"],"fullName":"InquiryWidget cleans up without stale timers or state warnings when unmounted after the wait fires","status":"passed","title":"cleans up without stale timers or state warnings when unmounted after the wait fires","duration":21.233291999999892,"failureMessages":[],"meta":{},"tags":[]},{"ancestorTitles":["InquiryWidget"],"fullName":"InquiryWidget cancels and releases a pending SSE reader without stale updates on unmount","status":"passed","title":"cancels and releases a pending SSE reader without stale updates on unmount","duration":123.95337500000005,"failureMessages":[],"meta":{},"tags":[]},{"ancestorTitles":["InquiryWidget"],"fullName":"InquiryWidget keeps authenticated submission on the existing inquiry path","status":"passed","title":"keeps authenticated submission on the existing inquiry path","duration":20.071457999999893,"failureMessages":[],"meta":{},"tags":[]},{"ancestorTitles":["InquiryWidget"],"fullName":"InquiryWidget keeps an authenticated mediation rejection visible after submission ends","status":"passed","title":"keeps an authenticated mediation rejection visible after submission ends","duration":20.35124999999971,"failureMessages":[],"meta":{},"tags":[]},{"ancestorTitles":["InquiryWidget"],"fullName":"InquiryWidget uses a safe fallback for structured validation details","status":"passed","title":"uses a safe fallback for structured validation details","duration":17.118582999999944,"failureMessages":[],"meta":{},"tags":[]},{"ancestorTitles":["InquiryWidget"],"fullName":"InquiryWidget surfaces an anonymous failure and preserves the typed question","status":"passed","title":"surfaces an anonymous failure and preserves the typed question","duration":20.901875000000018,"failureMessages":[],"meta":{},"tags":[]}],"startTime":1789688983123,"endTime":1789688984066.9019,"status":"passed","message":"","name":"/private/var/tmp/koskadeux/minimal-bridge-worktrees/3cdeae8792ea-853fd0/components/InquiryWidget.test.tsx"},{"assertionResults":[{"ancestorTitles":["Layout registration links"],"fullName":"Layout registration links restores a validated listing redirect from both desktop and mobile terms Sign up actions","status":"passed","title":"restores a validated listing redirect from both desktop and mobile terms Sign up actions","duration":634.339583,"failureMessages":[],"meta":{},"tags":[]},{"ancestorTitles":["Layout registration links"],"fullName":"Layout registration links keeps both terms Sign up actions generic for an ordinary terms visit","status":"passed","title":"keeps both terms Sign up actions generic for an ordinary terms visit","duration":125.97258300000021,"failureMessages":[],"meta":{},"tags":[]},{"ancestorTitles":["Layout registration links"],"fullName":"Layout registration links keeps both terms Sign up actions generic for an external redirect","status":"passed","title":"keeps both terms Sign up actions generic for an external redirect","duration":128.497167,"failureMessages":[],"meta":{},"tags":[]},{"ancestorTitles":["Layout registration links"],"fullName":"Layout registration links keeps both terms Sign up actions generic for a protocol-relative redirect","status":"passed","title":"keeps both terms Sign up actions generic for a protocol-relative redirect","duration":122.34062499999982,"failureMessages":[],"meta":{},"tags":[]},{"ancestorTitles":["Layout registration links"],"fullName":"Layout registration links keeps both terms Sign up actions generic for a malformed redirect","status":"passed","title":"keeps both terms Sign up actions generic for a malformed redirect","duration":118.81912499999999,"failureMessages":[],"meta":{},"tags":[]},{"ancestorTitles":["Layout registration links"],"fullName":"Layout registration links keeps both terms Sign up actions generic for a valid non-listing redirect","status":"passed","title":"keeps both terms Sign up actions generic for a valid non-listing redirect","duration":116.91533400000026,"failureMessages":[],"meta":{},"tags":[]},{"ancestorTitles":["Layout registration links"],"fullName":"Layout registration links keeps both terms Sign up actions generic for a non-detail listing redirect","status":"passed","title":"keeps both terms Sign up actions generic for a non-detail listing redirect","duration":106.37549999999965,"failureMessages":[],"meta":{},"tags":[]},{"ancestorTitles":["Layout registration links"],"fullName":"Layout registration links keeps both terms Sign up actions generic for a nested listing path","status":"passed","title":"keeps both terms Sign up actions generic for a nested listing path","duration":106.34195900000032,"failureMessages":[],"meta":{},"tags":[]},{"ancestorTitles":["Layout registration links"],"fullName":"Layout registration links keeps global Sign up actions generic on the exact path /pricing","status":"passed","title":"keeps global Sign up actions generic on the exact path /pricing","duration":93.71879099999978,"failureMessages":[],"meta":{},"tags":[]},{"ancestorTitles":["Layout registration links"],"fullName":"Layout registration links keeps global Sign up actions generic on the exact path /legal/terms/accept","status":"passed","title":"keeps global Sign up actions generic on the exact path /legal/terms/accept","duration":94.92783400000008,"failureMessages":[],"meta":{},"tags":[]},{"ancestorTitles":["Layout registration links"],"fullName":"Layout registration links keeps global Sign up actions generic on the exact path /legal/terms/","status":"passed","title":"keeps global Sign up actions generic on the exact path /legal/terms/","duration":87.70554099999981,"failureMessages":[],"meta":{},"tags":[]}],"startTime":1789688972284,"endTime":1789688974019.7056,"status":"passed","message":"","name":"/private/var/tmp/koskadeux/minimal-bridge-worktrees/3cdeae8792ea-853fd0/components/Layout.test.tsx"},{"assertionResults":[{"ancestorTitles":["ListingPurchaseAdvisory"],"fullName":"ListingPurchaseAdvisory does not render on a free listing","status":"passed","title":"does not render on a free listing","duration":12.843250000000012,"failureMessages":[],"meta":{},"tags":[]},{"ancestorTitles":["ListingPurchaseAdvisory"],"fullName":"ListingPurchaseAdvisory states honestly when no active findings are published","status":"passed","title":"states honestly when no active findings are published","duration":6.44662500000004,"failureMessages":[],"meta":{},"tags":[]},{"ancestorTitles":["ListingPurchaseAdvisory"],"fullName":"ListingPurchaseAdvisory describes published findings as point-in-time and not a guarantee","status":"passed","title":"describes published findings as point-in-time and not a guarantee","duration":0.9220000000000255,"failureMessages":[],"meta":{},"tags":[]},{"ancestorTitles":["ListingPurchaseAdvisory"],"fullName":"ListingPurchaseAdvisory does not treat a withdrawal marker as active findings","status":"passed","title":"does not treat a withdrawal marker as active findings","duration":1.0944589999999152,"failureMessages":[],"meta":{},"tags":[]}],"startTime":1789689117450,"endTime":1789689117471.0945,"status":"passed","message":"","name":"/private/var/tmp/koskadeux/minimal-bridge-worktrees/3cdeae8792ea-853fd0/components/ListingPurchaseAdvisory.test.tsx"},{"assertionResults":[{"ancestorTitles":["VersionSelector"],"fullName":"VersionSelector renders a single active version with metadata","status":"passed","title":"renders a single active version with metadata","duration":59.30570799999998,"failureMessages":[],"meta":{},"tags":[]},{"ancestorTitles":["VersionSelector"],"fullName":"VersionSelector defaults to the latest active version and keeps superseded versions visible","status":"passed","title":"defaults to the latest active version and keeps superseded versions visible","duration":4.079541999999947,"failureMessages":[],"meta":{},"tags":[]},{"ancestorTitles":["VersionSelector"],"fullName":"VersionSelector hides quarantined versions defensively","status":"passed","title":"hides quarantined versions defensively","duration":3.19724999999994,"failureMessages":[],"meta":{},"tags":[]},{"ancestorTitles":["VersionSelector"],"fullName":"VersionSelector honors an explicit selected superseded version without making it latest","status":"passed","title":"honors an explicit selected superseded version without making it latest","duration":0.43795799999998053,"failureMessages":[],"meta":{},"tags":[]}],"startTime":1789689102692,"endTime":1789689102759.438,"status":"passed","message":"","name":"/private/var/tmp/koskadeux/minimal-bridge-worktrees/3cdeae8792ea-853fd0/components/ListingPurchasePanel.test.tsx"},{"assertionResults":[{"ancestorTitles":["NotificationList"],"fullName":"NotificationList renders support ticket notification types and read/unread states","status":"passed","title":"renders support ticket notification types and read/unread states","duration":54.814083000000096,"failureMessages":[],"meta":{},"tags":[]},{"ancestorTitles":["NotificationList"],"fullName":"NotificationList routes support ticket notification clicks to allAI instead of the portal URL","status":"passed","title":"routes support ticket notification clicks to allAI instead of the portal URL","duration":2.1986670000000004,"failureMessages":[],"meta":{},"tags":[]},{"ancestorTitles":["NotificationList"],"fullName":"NotificationList keeps generic notification links routable","status":"passed","title":"keeps generic notification links routable","duration":0.47383400000001075,"failureMessages":[],"meta":{},"tags":[]}],"startTime":1789689109086,"endTime":1789689109143.4739,"status":"passed","message":"","name":"/private/var/tmp/koskadeux/minimal-bridge-worktrees/3cdeae8792ea-853fd0/components/NotificationCenter.test.tsx"},{"assertionResults":[{"ancestorTitles":["SellDataCta"],"fullName":"SellDataCta keeps registration for signed-out hero CTAs","status":"passed","title":"keeps registration for signed-out hero CTAs","duration":246.2598750000002,"failureMessages":[],"meta":{},"tags":[]},{"ancestorTitles":["SellDataCta"],"fullName":"SellDataCta keeps registration for signed-out inline CTAs","status":"passed","title":"keeps registration for signed-out inline CTAs","duration":13.258374999999887,"failureMessages":[],"meta":{},"tags":[]},{"ancestorTitles":["SellDataCta"],"fullName":"SellDataCta keeps registration for signed-out final CTAs","status":"passed","title":"keeps registration for signed-out final CTAs","duration":14.955375000000004,"failureMessages":[],"meta":{},"tags":[]},{"ancestorTitles":["SellDataCta"],"fullName":"SellDataCta keeps the existing final-section copy when unauthenticated","status":"passed","title":"keeps the existing final-section copy when unauthenticated","duration":29.200584000000163,"failureMessages":[],"meta":{},"tags":[]},{"ancestorTitles":["SellDataCta"],"fullName":"SellDataCta renders seller paths and authenticated final-section copy without a registration link","status":"passed","title":"renders seller paths and authenticated final-section copy without a registration link","duration":36.2661250000001,"failureMessages":[],"meta":{},"tags":[]},{"ancestorTitles":["SellDataCta"],"fullName":"SellDataCta offers both paths in the authenticated inline variant","status":"passed","title":"offers both paths in the authenticated inline variant","duration":19.572165999999925,"failureMessages":[],"meta":{},"tags":[]},{"ancestorTitles":["SellDataCta"],"fullName":"SellDataCta keeps the how-it-works anchor in the authenticated hero variant","status":"passed","title":"keeps the how-it-works anchor in the authenticated hero variant","duration":22.785041000000092,"failureMessages":[],"meta":{},"tags":[]}],"startTime":1789689070411,"endTime":1789689070793.7852,"status":"passed","message":"","name":"/private/var/tmp/koskadeux/minimal-bridge-worktrees/3cdeae8792ea-853fd0/components/SellDataCta.test.tsx"},{"assertionResults":[{"ancestorTitles":["TwoFactorChallenge countdown helpers"],"fullName":"TwoFactorChallenge countdown helpers computes remaining time from an absolute expiry timestamp","status":"passed","title":"computes remaining time from an absolute expiry timestamp","duration":2.396041999999966,"failureMessages":[],"meta":{},"tags":[]},{"ancestorTitles":["TwoFactorChallenge countdown helpers"],"fullName":"TwoFactorChallenge countdown helpers clamps expired sessions to 0 and formats mm:ss","status":"passed","title":"clamps expired sessions to 0 and formats mm:ss","duration":0.35295800000005784,"failureMessages":[],"meta":{},"tags":[]}],"startTime":1789689127364,"endTime":1789689127366.396,"status":"passed","message":"","name":"/private/var/tmp/koskadeux/minimal-bridge-worktrees/3cdeae8792ea-853fd0/components/TwoFactorChallenge.test.tsx"},{"assertionResults":[{"ancestorTitles":["filterDiscoverableItems"],"fullName":"filterDiscoverableItems pins unlisted listings as hidden from browse/search surfaces","status":"passed","title":"pins unlisted listings as hidden from browse/search surfaces","duration":7.761750000000006,"failureMessages":[],"meta":{},"tags":[]}],"startTime":1789689128180,"endTime":1789689128187.7617,"status":"passed","message":"","name":"/private/var/tmp/koskadeux/minimal-bridge-worktrees/3cdeae8792ea-853fd0/hooks/useSearchListings.test.ts"},{"assertionResults":[{"ancestorTitles":["homepage buyer requests"],"fullName":"homepage buyer requests server-renders three genuine requests as live buyer demand","status":"passed","title":"server-renders three genuine requests as live buyer demand","duration":105.45183299999997,"failureMessages":[],"meta":{},"tags":[]},{"ancestorTitles":["homepage buyer requests"],"fullName":"homepage buyer requests shows an invitation without claiming live demand below three requests","status":"passed","title":"shows an invitation without claiming live demand below three requests","duration":6.579375000000027,"failureMessages":[],"meta":{},"tags":[]},{"ancestorTitles":["homepage buyer requests"],"fullName":"homepage buyer requests keeps the homepage available when the request feed is unavailable","status":"passed","title":"keeps the homepage available when the request feed is unavailable","duration":8.078458000000069,"failureMessages":[],"meta":{},"tags":[]}],"startTime":1789689098692,"endTime":1789689098812.0784,"status":"passed","message":"","name":"/private/var/tmp/koskadeux/minimal-bridge-worktrees/3cdeae8792ea-853fd0/app/page.test.tsx"},{"assertionResults":[{"ancestorTitles":["sitemap"],"fullName":"sitemap appends request pages without removing listing pages","status":"passed","title":"appends request pages without removing listing pages","duration":23.653500000000008,"failureMessages":[],"meta":{},"tags":[]},{"ancestorTitles":["sitemap"],"fullName":"sitemap redirects legacy download root and suffix URLs to AIM Data without dropping attribution","status":"passed","title":"redirects legacy download root and suffix URLs to AIM Data without dropping attribution","duration":8.878958000000011,"failureMessages":[],"meta":{},"tags":[]}],"startTime":1789689114259,"endTime":1789689114291.879,"status":"passed","message":"","name":"/private/var/tmp/koskadeux/minimal-bridge-worktrees/3cdeae8792ea-853fd0/app/sitemap.test.ts"},{"assertionResults":[{"ancestorTitles":["detectAiBot"],"fullName":"detectAiBot detects GPTBot case-insensitively within a user agent","status":"passed","title":"detects GPTBot case-insensitively within a user agent","duration":4.2913749999999595,"failureMessages":[],"meta":{},"tags":[]},{"ancestorTitles":["detectAiBot"],"fullName":"detectAiBot detects OAI-SearchBot case-insensitively within a user agent","status":"passed","title":"detects OAI-SearchBot case-insensitively within a user agent","duration":0.5679159999999683,"failureMessages":[],"meta":{},"tags":[]},{"ancestorTitles":["detectAiBot"],"fullName":"detectAiBot detects ChatGPT-User case-insensitively within a user agent","status":"passed","title":"detects ChatGPT-User case-insensitively within a user agent","duration":0.30895799999996143,"failureMessages":[],"meta":{},"tags":[]},{"ancestorTitles":["detectAiBot"],"fullName":"detectAiBot detects ClaudeBot case-insensitively within a user agent","status":"passed","title":"detects ClaudeBot case-insensitively within a user agent","duration":0.4610420000000204,"failureMessages":[],"meta":{},"tags":[]},{"ancestorTitles":["detectAiBot"],"fullName":"detectAiBot detects Claude-Web case-insensitively within a user agent","status":"passed","title":"detects Claude-Web case-insensitively within a user agent","duration":0.18012499999997544,"failureMessages":[],"meta":{},"tags":[]},{"ancestorTitles":["detectAiBot"],"fullName":"detectAiBot detects Anthropic-AI case-insensitively within a user agent","status":"passed","title":"detects Anthropic-AI case-insensitively within a user agent","duration":0.13954200000000583,"failureMessages":[],"meta":{},"tags":[]},{"ancestorTitles":["detectAiBot"],"fullName":"detectAiBot detects PerplexityBot case-insensitively within a user agent","status":"passed","title":"detects PerplexityBot case-insensitively within a user agent","duration":0.17095899999992525,"failureMessages":[],"meta":{},"tags":[]},{"ancestorTitles":["detectAiBot"],"fullName":"detectAiBot detects Perplexity-User case-insensitively within a user agent","status":"passed","title":"detects Perplexity-User case-insensitively within a user agent","duration":0.23862500000007003,"failureMessages":[],"meta":{},"tags":[]},{"ancestorTitles":["detectAiBot"],"fullName":"detectAiBot detects Google-Extended case-insensitively within a user agent","status":"passed","title":"detects Google-Extended case-insensitively within a user agent","duration":0.3383330000000342,"failureMessages":[],"meta":{},"tags":[]},{"ancestorTitles":["detectAiBot"],"fullName":"detectAiBot detects Cohere-AI case-insensitively within a user agent","status":"passed","title":"detects Cohere-AI case-insensitively within a user agent","duration":0.3467920000000504,"failureMessages":[],"meta":{},"tags":[]},{"ancestorTitles":["detectAiBot"],"fullName":"detectAiBot detects Meta-ExternalAgent case-insensitively within a user agent","status":"passed","title":"detects Meta-ExternalAgent case-insensitively within a user agent","duration":0.17104200000005676,"failureMessages":[],"meta":{},"tags":[]},{"ancestorTitles":["detectAiBot"],"fullName":"detectAiBot ignores non-AI user agent null","status":"passed","title":"ignores non-AI user agent null","duration":0.1505419999999731,"failureMessages":[],"meta":{},"tags":[]},{"ancestorTitles":["detectAiBot"],"fullName":"detectAiBot ignores non-AI user agent ","status":"passed","title":"ignores non-AI user agent ","duration":0.40391599999998107,"failureMessages":[],"meta":{},"tags":[]},{"ancestorTitles":["detectAiBot"],"fullName":"detectAiBot ignores non-AI user agent Mozilla/5.0 Chrome/130.0.0.0 Safari/537.36","status":"passed","title":"ignores non-AI user agent Mozilla/5.0 Chrome/130.0.0.0 Safari/537.36","duration":0.11849999999992633,"failureMessages":[],"meta":{},"tags":[]},{"ancestorTitles":["detectAiBot"],"fullName":"detectAiBot ignores non-AI user agent Googlebot","status":"passed","title":"ignores non-AI user agent Googlebot","duration":0.10570800000004965,"failureMessages":[],"meta":{},"tags":[]},{"ancestorTitles":["detectAiBot"],"fullName":"detectAiBot ignores non-AI user agent bingbot","status":"passed","title":"ignores non-AI user agent bingbot","duration":0.13629100000002836,"failureMessages":[],"meta":{},"tags":[]}],"startTime":1789689122685,"endTime":1789689122693.1362,"status":"passed","message":"","name":"/private/var/tmp/koskadeux/minimal-bridge-worktrees/3cdeae8792ea-853fd0/lib/aiBot.test.ts"},{"assertionResults":[{"ancestorTitles":[],"fullName":"uses all four owner routes, encodes IDs and sends exact bodies and abort signals","status":"passed","title":"uses all four owner routes, encodes IDs and sends exact bodies and abort signals","duration":25.198041999999987,"failureMessages":[],"meta":{},"tags":[]},{"ancestorTitles":[],"fullName":"fetches public summaries without browser caching or credentials and omits absent summaries","status":"passed","title":"fetches public summaries without browser caching or credentials and omits absent summaries","duration":7.429040999999984,"failureMessages":[],"meta":{},"tags":[]}],"startTime":1789689116032,"endTime":1789689116064.429,"status":"passed","message":"","name":"/private/var/tmp/koskadeux/minimal-bridge-worktrees/3cdeae8792ea-853fd0/lib/api.summary.test.ts"},{"assertionResults":[{"ancestorTitles":["fetchPublicListing"],"fullName":"fetchPublicListing bypasses the Next data cache for the mutable public scan projection","status":"passed","title":"bypasses the Next data cache for the mutable public scan projection","duration":13.56987499999991,"failureMessages":[],"meta":{},"tags":[]}],"startTime":1789689125504,"endTime":1789689125517.5698,"status":"passed","message":"","name":"/private/var/tmp/koskadeux/minimal-bridge-worktrees/3cdeae8792ea-853fd0/lib/api.test.ts"},{"assertionResults":[{"ancestorTitles":["getMarketplaceCategories"],"fullName":"getMarketplaceCategories keeps only categories with public inventory and preserves their counts","status":"passed","title":"keeps only categories with public inventory and preserves their counts","duration":6.373291999999992,"failureMessages":[],"meta":{},"tags":[]},{"ancestorTitles":["getMarketplaceCategories"],"fullName":"getMarketplaceCategories uses the one full static catalog when facet data is unavailable","status":"passed","title":"uses the one full static catalog when facet data is unavailable","duration":1.5852920000000381,"failureMessages":[],"meta":{},"tags":[]},{"ancestorTitles":["getMarketplaceCategories"],"fullName":"getMarketplaceCategories does not render categories whose available facet count is zero","status":"passed","title":"does not render categories whose available facet count is zero","duration":0.3168749999999818,"failureMessages":[],"meta":{},"tags":[]}],"startTime":1789689128673,"endTime":1789689128681.317,"status":"passed","message":"","name":"/private/var/tmp/koskadeux/minimal-bridge-worktrees/3cdeae8792ea-853fd0/lib/marketplaceCategories.test.ts"},{"assertionResults":[{"ancestorTitles":["validateRedirect"],"fullName":"validateRedirect validates the payment-method return path with its query intact","status":"passed","title":"validates the payment-method return path with its query intact","duration":3.2794170000000236,"failureMessages":[],"meta":{},"tags":[]},{"ancestorTitles":["validateListingRedirect"],"fullName":"validateListingRedirect accepts a single listing detail with a query and fragment","status":"passed","title":"accepts a single listing detail with a query and fragment","duration":0.9129169999999931,"failureMessages":[],"meta":{},"tags":[]},{"ancestorTitles":["validateListingRedirect"],"fullName":"validateListingRedirect rejects a decoded TAB anywhere in the redirect","status":"passed","title":"rejects a decoded TAB anywhere in the redirect","duration":0.46945800000003146,"failureMessages":[],"meta":{},"tags":[]},{"ancestorTitles":["validateListingRedirect"],"fullName":"validateListingRedirect rejects a decoded NUL anywhere in the redirect","status":"passed","title":"rejects a decoded NUL anywhere in the redirect","duration":0.16454100000004246,"failureMessages":[],"meta":{},"tags":[]},{"ancestorTitles":["validateListingRedirect"],"fullName":"validateListingRedirect rejects a decoded C0 control anywhere in the redirect","status":"passed","title":"rejects a decoded C0 control anywhere in the redirect","duration":0.10066699999998718,"failureMessages":[],"meta":{},"tags":[]},{"ancestorTitles":["validateListingRedirect"],"fullName":"validateListingRedirect rejects a decoded DEL anywhere in the redirect","status":"passed","title":"rejects a decoded DEL anywhere in the redirect","duration":0.08941600000002836,"failureMessages":[],"meta":{},"tags":[]},{"ancestorTitles":["validateListingRedirect"],"fullName":"validateListingRedirect rejects a decoded C1 control anywhere in the redirect","status":"passed","title":"rejects a decoded C1 control anywhere in the redirect","duration":0.12129199999998264,"failureMessages":[],"meta":{},"tags":[]},{"ancestorTitles":["validateListingRedirect"],"fullName":"validateListingRedirect rejects a decoded CRLF anywhere in the redirect","status":"passed","title":"rejects a decoded CRLF anywhere in the redirect","duration":0.11204200000003084,"failureMessages":[],"meta":{},"tags":[]},{"ancestorTitles":["validateListingRedirect"],"fullName":"validateListingRedirect rejects a decoded Unicode line separator anywhere in the redirect","status":"passed","title":"rejects a decoded Unicode line separator anywhere in the redirect","duration":0.11095899999997982,"failureMessages":[],"meta":{},"tags":[]},{"ancestorTitles":["validateListingRedirect"],"fullName":"validateListingRedirect rejects a decoded Unicode paragraph separator anywhere in the redirect","status":"passed","title":"rejects a decoded Unicode paragraph separator anywhere in the redirect","duration":0.1302919999999972,"failureMessages":[],"meta":{},"tags":[]},{"ancestorTitles":["validateListingRedirect"],"fullName":"validateListingRedirect rejects malformed encoding","status":"passed","title":"rejects malformed encoding","duration":0.21445799999997917,"failureMessages":[],"meta":{},"tags":[]},{"ancestorTitles":["validateListingRedirect"],"fullName":"validateListingRedirect rejects protocol-relative URL","status":"passed","title":"rejects protocol-relative URL","duration":0.0699170000000322,"failureMessages":[],"meta":{},"tags":[]},{"ancestorTitles":["validateListingRedirect"],"fullName":"validateListingRedirect rejects external URL","status":"passed","title":"rejects external URL","duration":0.18299999999999272,"failureMessages":[],"meta":{},"tags":[]},{"ancestorTitles":["validateListingRedirect"],"fullName":"validateListingRedirect rejects backslash","status":"passed","title":"rejects backslash","duration":0.344333000000006,"failureMessages":[],"meta":{},"tags":[]},{"ancestorTitles":["validateListingRedirect"],"fullName":"validateListingRedirect rejects nested listing route","status":"passed","title":"rejects nested listing route","duration":0.1861250000000041,"failureMessages":[],"meta":{},"tags":[]}],"startTime":1789689126030,"endTime":1789689126037.3442,"status":"passed","message":"","name":"/private/var/tmp/koskadeux/minimal-bridge-worktrees/3cdeae8792ea-853fd0/lib/redirect.test.ts"},{"assertionResults":[{"ancestorTitles":["auth store login-time 2FA"],"fullName":"auth store login-time 2FA detects a challenge, stores only pending 2FA state, and withholds auth","status":"passed","title":"detects a challenge, stores only pending 2FA state, and withholds auth","duration":14.420749999999998,"failureMessages":[],"meta":{},"tags":[]},{"ancestorTitles":["auth store login-time 2FA"],"fullName":"auth store login-time 2FA completes the same session path after successful 2FA verification","status":"passed","title":"completes the same session path after successful 2FA verification","duration":3.7043750000000273,"failureMessages":[],"meta":{},"tags":[]},{"ancestorTitles":["auth store login-time 2FA"],"fullName":"auth store login-time 2FA keeps the challenge open and returns an inline-error reason on 400","status":"passed","title":"keeps the challenge open and returns an inline-error reason on 400","duration":1.8634160000000293,"failureMessages":[],"meta":{},"tags":[]},{"ancestorTitles":["auth store login-time 2FA"],"fullName":"auth store login-time 2FA clears the challenge and signals return to login on 401","status":"passed","title":"clears the challenge and signals return to login on 401","duration":1.2127080000000205,"failureMessages":[],"meta":{},"tags":[]},{"ancestorTitles":["auth store login-time 2FA"],"fullName":"auth store login-time 2FA uses completeSession parity for magic link and OAuth token responses","status":"passed","title":"uses completeSession parity for magic link and OAuth token responses","duration":2.056916000000001,"failureMessages":[],"meta":{},"tags":[]},{"ancestorTitles":["auth store login-time 2FA"],"fullName":"auth store login-time 2FA resolves registration after the backend creates the account without auto-login","status":"passed","title":"resolves registration after the backend creates the account without auto-login","duration":3.1307500000000346,"failureMessages":[],"meta":{},"tags":[]},{"ancestorTitles":["auth store login-time 2FA"],"fullName":"auth store login-time 2FA treats email-verification-required from a leftover registration login path as pending verification","status":"passed","title":"treats email-verification-required from a leftover registration login path as pending verification","duration":0.5682500000000346,"failureMessages":[],"meta":{},"tags":[]},{"ancestorTitles":["auth store login-time 2FA"],"fullName":"auth store login-time 2FA marks hydrate complete after successful refresh and user load","status":"passed","title":"marks hydrate complete after successful refresh and user load","duration":0.8687089999999671,"failureMessages":[],"meta":{},"tags":[]},{"ancestorTitles":["auth store login-time 2FA"],"fullName":"auth store login-time 2FA marks anonymous hydrate complete without throwing after a 401 refresh failure","status":"passed","title":"marks anonymous hydrate complete without throwing after a 401 refresh failure","duration":0.9414160000000038,"failureMessages":[],"meta":{},"tags":[]},{"ancestorTitles":["auth store login-time 2FA"],"fullName":"auth store login-time 2FA preserves an authenticated store during transient 429 refresh failure","status":"passed","title":"preserves an authenticated store during transient 429 refresh failure","duration":4.268082999999933,"failureMessages":[],"meta":{},"tags":[]},{"ancestorTitles":["auth store login-time 2FA"],"fullName":"auth store login-time 2FA preserves an authenticated store during transient network failure refresh failure","status":"passed","title":"preserves an authenticated store during transient network failure refresh failure","duration":2.12012500000003,"failureMessages":[],"meta":{},"tags":[]},{"ancestorTitles":["auth store login-time 2FA"],"fullName":"auth store login-time 2FA preserves an authenticated store during transient 5xx refresh failure","status":"passed","title":"preserves an authenticated store during transient 5xx refresh failure","duration":1.823500000000081,"failureMessages":[],"meta":{},"tags":[]},{"ancestorTitles":["auth store login-time 2FA"],"fullName":"auth store login-time 2FA does not persist or log the pre-auth token or submitted code","status":"passed","title":"does not persist or log the pre-auth token or submitted code","duration":1.9156249999999773,"failureMessages":[],"meta":{},"tags":[]}],"startTime":1789689115458,"endTime":1789689115497.9155,"status":"passed","message":"","name":"/private/var/tmp/koskadeux/minimal-bridge-worktrees/3cdeae8792ea-853fd0/store/auth.test.ts"},{"assertionResults":[{"ancestorTitles":["exact_continuation_matrix"],"fullName":"exact_continuation_matrix enables continuation when the environment variable is true","status":"passed","title":"enables continuation when the environment variable is true","duration":8.917374999999993,"failureMessages":[],"meta":{},"tags":[]},{"ancestorTitles":["exact_continuation_matrix"],"fullName":"exact_continuation_matrix enables continuation when the environment variable is undefined","status":"passed","title":"enables continuation when the environment variable is undefined","duration":1.3016249999996035,"failureMessages":[],"meta":{},"tags":[]},{"ancestorTitles":["exact_continuation_matrix"],"fullName":"exact_continuation_matrix accepts exact /oauth/authorize?request=aaaaaaaaaaaaaaaaaaaaaaaaaaaaaaaaaaaaaaaaaaa","status":"passed","title":"accepts exact /oauth/authorize?request=aaaaaaaaaaaaaaaaaaaaaaaaaaaaaaaaaaaaaaaaaaa","duration":1.5315839999998389,"failureMessages":[],"meta":{},"tags":[]},{"ancestorTitles":["exact_continuation_matrix"],"fullName":"exact_continuation_matrix accepts exact /oauth/authorize?request=___________________________________________","status":"passed","title":"accepts exact /oauth/authorize?request=___________________________________________","duration":0.7309999999997672,"failureMessages":[],"meta":{},"tags":[]},{"ancestorTitles":["exact_continuation_matrix"],"fullName":"exact_continuation_matrix accepts exact /oauth/authorize?request=-------------------------------------------","status":"passed","title":"accepts exact /oauth/authorize?request=-------------------------------------------","duration":1.0324169999998958,"failureMessages":[],"meta":{},"tags":[]},{"ancestorTitles":["exact_continuation_matrix"],"fullName":"exact_continuation_matrix rejects /oauth","status":"passed","title":"rejects /oauth","duration":0.39804199999980483,"failureMessages":[],"meta":{},"tags":[]},{"ancestorTitles":["exact_continuation_matrix"],"fullName":"exact_continuation_matrix rejects /oauth/authorize","status":"passed","title":"rejects /oauth/authorize","duration":0.16608399999995527,"failureMessages":[],"meta":{},"tags":[]},{"ancestorTitles":["exact_continuation_matrix"],"fullName":"exact_continuation_matrix rejects /oauth/authorize?request=aaaaaaaaaaaaaaaaaaaaaaaaaaaaaaaaaaaaaaaaaaa&extra=1","status":"passed","title":"rejects /oauth/authorize?request=aaaaaaaaaaaaaaaaaaaaaaaaaaaaaaaaaaaaaaaaaaa&extra=1","duration":0.13116700000000492,"failureMessages":[],"meta":{},"tags":[]},{"ancestorTitles":["exact_continuation_matrix"],"fullName":"exact_continuation_matrix rejects /oauth/authorize?request=aaaaaaaaaaaaaaaaaaaaaaaaaaaaaa
[...]
7,"failureMessages":[],"meta":{},"tags":[]},{"ancestorTitles":["DataRequestDetailPage Demand JSON-LD"],"fullName":"DataRequestDetailPage Demand JSON-LD returns neutral noindex metadata when the anonymous fetch misses","status":"passed","title":"returns neutral noindex metadata when the anonymous fetch misses","duration":1.5538329999999405,"failureMessages":[],"meta":{},"tags":[]}],"startTime":1789689111497,"endTime":1789689111541.5537,"status":"passed","message":"","name":"/private/var/tmp/koskadeux/minimal-bridge-worktrees/3cdeae8792ea-853fd0/app/requests/[slug]/page.test.tsx"},{"assertionResults":[{"ancestorTitles":["data-verification payment-method page"],"fullName":"data-verification payment-method page renders fixed setup copy, reauthenticates, and uses direct top-level navigation","status":"passed","title":"renders fixed setup copy, reauthenticates, and uses direct top-level navigation","duration":362.4677499999998,"failureMessages":[],"meta":{},"tags":[]},{"ancestorTitles":["data-verification payment-method page"],"fullName":"data-verification payment-method page restores normal cancel focus to the connected setup opener","status":"passed","title":"restores normal cancel focus to the connected setup opener","duration":64.51441599999998,"failureMessages":[],"meta":{},"tags":[]},{"ancestorTitles":["data-verification payment-method page"],"fullName":"data-verification payment-method page focuses Back to settings after a deferred setup creation failure removes the opener","status":"passed","title":"focuses Back to settings after a deferred setup creation failure removes the opener","duration":89.51499999999987,"failureMessages":[],"meta":{},"tags":[]},{"ancestorTitles":["data-verification payment-method page"],"fullName":"data-verification payment-method page hides all pay-in content and focuses only generic settings navigation after setup creation 403","status":"passed","title":"hides all pay-in content and focuses only generic settings navigation after setup creation 403","duration":70.97537499999999,"failureMessages":[],"meta":{},"tags":[]},{"ancestorTitles":["data-verification payment-method page"],"fullName":"data-verification payment-method page renders the route inside exactly one outer dashboard main landmark","status":"passed","title":"renders the route inside exactly one outer dashboard main landmark","duration":18.785167,"failureMessages":[],"meta":{},"tags":[]},{"ancestorTitles":["data-verification payment-method page"],"fullName":"data-verification payment-method page uses the replacement label and fixed ready copy","status":"passed","title":"uses the replacement label and fixed ready copy","duration":23.199749999999767,"failureMessages":[],"meta":{},"tags":[]},{"ancestorTitles":["data-verification payment-method page"],"fullName":"data-verification payment-method page uses stable page live regions for a deferred setup_required setup-readiness outcome","status":"passed","title":"uses stable page live regions for a deferred setup_required setup-readiness outcome","duration":20.015124999999898,"failureMessages":[],"meta":{},"tags":[]},{"ancestorTitles":["data-verification payment-method page"],"fullName":"data-verification payment-method page uses stable page live regions for a deferred ready setup-readiness outcome","status":"passed","title":"uses stable page live regions for a deferred ready setup-readiness outcome","duration":23.485417000000325,"failureMessages":[],"meta":{},"tags":[]},{"ancestorTitles":["data-verification payment-method page"],"fullName":"data-verification payment-method page uses stable page live regions for a deferred setup_pending setup-readiness outcome","status":"passed","title":"uses stable page live regions for a deferred setup_pending setup-readiness outcome","duration":20.264834000000064,"failureMessages":[],"meta":{},"tags":[]},{"ancestorTitles":["data-verification payment-method page"],"fullName":"data-verification payment-method page uses stable page live regions for a deferred network_error setup-readiness outcome","status":"passed","title":"uses stable page live regions for a deferred network_error setup-readiness outcome","duration":18.808207999999922,"failureMessages":[],"meta":{},"tags":[]},{"ancestorTitles":["data-verification payment-method page"],"fullName":"data-verification payment-method page renders fixed setup_pending copy without an action button","status":"passed","title":"renders fixed setup_pending copy without an action button","duration":9.003917000000001,"failureMessages":[],"meta":{},"tags":[]},{"ancestorTitles":["data-verification payment-method page"],"fullName":"data-verification payment-method page renders fixed blocked copy without an action button","status":"passed","title":"renders fixed blocked copy without an action button","duration":11.614292000000205,"failureMessages":[],"meta":{},"tags":[]},{"ancestorTitles":["data-verification payment-method page"],"fullName":"data-verification payment-method page removes cancellation queries before readiness and renders fixed cancel copy","status":"passed","title":"removes cancellation queries before readiness and renders fixed cancel copy","duration":10.19683299999997,"failureMessages":[],"meta":{},"tags":[]},{"ancestorTitles":["data-verification payment-method page"],"fullName":"data-verification payment-method page uses fixed failure copy for a network error and hides a not-found surface","status":"passed","title":"uses fixed failure copy for a network error and hides a not-found surface","duration":31.96645800000033,"failureMessages":[],"meta":{},"tags":[]},{"ancestorTitles":["data-verification payment-method page"],"fullName":"data-verification payment-method page hides the dedicated surface for an authenticated but ineligible seller","status":"passed","title":"hides the dedicated surface for an authenticated but ineligible seller","duration":20.630833000000166,"failureMessages":[],"meta":{},"tags":[]},{"ancestorTitles":["data-verification payment-method page"],"fullName":"data-verification payment-method page does not render identifiers, card metadata, or Connect status from server text","status":"passed","title":"does not render identifiers, card metadata, or Connect status from server text","duration":15.394999999999982,"failureMessages":[],"meta":{},"tags":[]},{"ancestorTitles":["data-verification payment-method page"],"fullName":"data-verification payment-method page has no embedded payment, secret, persistence, analytics, or Stripe dependency surface","status":"passed","title":"has no embedded payment, secret, persistence, analytics, or Stripe dependency surface","duration":4.549125000000004,"failureMessages":[],"meta":{},"tags":[]}],"startTime":1789688997113,"endTime":1789688997929.549,"status":"passed","message":"","name":"/private/var/tmp/koskadeux/minimal-bridge-worktrees/3cdeae8792ea-853fd0/app/dashboard/data-verification/payment-method/page.test.tsx"},{"assertionResults":[{"ancestorTitles":["OrderDetailPage viewer relationship gating"],"fullName":"OrderDetailPage viewer relationship gating does not offer Mark Delivered to a buyer of record who also has global seller role","status":"passed","title":"does not offer Mark Delivered to a buyer of record who also has global seller role","duration":154.72129199999972,"failureMessages":[],"meta":{},"tags":[]},{"ancestorTitles":["OrderDetailPage viewer relationship gating"],"fullName":"OrderDetailPage viewer relationship gating offers Mark Delivered to the seller of record","status":"passed","title":"offers Mark Delivered to the seller of record","duration":258.38537499999984,"failureMessages":[],"meta":{},"tags":[]},{"ancestorTitles":["OrderDetailPage viewer relationship gating"],"fullName":"OrderDetailPage viewer relationship gating discards a participant-authorized transaction that belongs to another order","status":"passed","title":"discards a participant-authorized transaction that belongs to another order","duration":36.6853329999999,"failureMessages":[],"meta":{},"tags":[]},{"ancestorTitles":["OrderDetailPage viewer relationship gating"],"fullName":"OrderDetailPage viewer relationship gating renders a transaction that belongs to the current order","status":"passed","title":"renders a transaction that belongs to the current order","duration":37.22470800000019,"failureMessages":[],"meta":{},"tags":[]},{"ancestorTitles":["OrderDetailPage viewer relationship gating"],"fullName":"OrderDetailPage viewer relationship gating hides buyer actions and download preparation from a seller of record","status":"passed","title":"hides buyer actions and download preparation from a seller of record","duration":20.18920900000012,"failureMessages":[],"meta":{},"tags":[]},{"ancestorTitles":["OrderDetailPage viewer relationship gating"],"fullName":"OrderDetailPage viewer relationship gating offers Confirm Receipt to the buyer of record","status":"passed","title":"offers Confirm Receipt to the buyer of record","duration":23.080124999999953,"failureMessages":[],"meta":{},"tags":[]},{"ancestorTitles":["OrderDetailPage viewer relationship gating"],"fullName":"OrderDetailPage viewer relationship gating prepares fulfilled downloads exactly once for the buyer of record","status":"passed","title":"prepares fulfilled downloads exactly once for the buyer of record","duration":57.60625000000027,"failureMessages":[],"meta":{},"tags":[]},{"ancestorTitles":["OrderDetailPage viewer relationship gating"],"fullName":"OrderDetailPage viewer relationship gating shows Workspace downloads without automatically consuming an allowance","status":"passed","title":"shows Workspace downloads without automatically consuming an allowance","duration":65.82170799999994,"failureMessages":[],"meta":{},"tags":[]}],"startTime":1789689028112,"endTime":1789689028766.8218,"status":"passed","message":"","name":"/private/var/tmp/koskadeux/minimal-bridge-worktrees/3cdeae8792ea-853fd0/app/dashboard/orders/[id]/page.test.tsx"},{"assertionResults":[{"ancestorTitles":["EditListingPage"],"fullName":"EditListingPage shows Publish and not Unpublish for unlisted listings, then marks publish success locally","status":"passed","title":"shows Publish and not Unpublish for unlisted listings, then marks publish success locally","duration":436.2597920000003,"failureMessages":[],"meta":{},"tags":[]},{"ancestorTitles":["EditListingPage"],"fullName":"EditListingPage shows Unpublish and not Publish for published listings, then switches local status to unlisted","status":"passed","title":"shows Unpublish and not Publish for published listings, then switches local status to unlisted","duration":177.84104200000002,"failureMessages":[],"meta":{},"tags":[]},{"ancestorTitles":["EditListingPage"],"fullName":"EditListingPage falls back to row_count and saves it with the compliance fields","status":"passed","title":"falls back to row_count and saves it with the compliance fields","duration":83.70929099999967,"failureMessages":[],"meta":{},"tags":[]},{"ancestorTitles":["EditListingPage"],"fullName":"EditListingPage prefers source_row_count when both row count fields are present","status":"passed","title":"prefers source_row_count when both row count fields are present","duration":76.15033300000005,"failureMessages":[],"meta":{},"tags":[]},{"ancestorTitles":["EditListingPage"],"fullName":"EditListingPage preserves an explicit zero source_row_count over row_count","status":"passed","title":"preserves an explicit zero source_row_count over row_count","duration":72.61258300000009,"failureMessages":[],"meta":{},"tags":[]},{"ancestorTitles":["EditListingPage"],"fullName":"EditListingPage defaults an absent row count to zero and keeps it in the update payload","status":"passed","title":"defaults an absent row count to zero and keeps it in the update payload","duration":73.07129200000008,"failureMessages":[],"meta":{},"tags":[]}],"startTime":1789689000309,"endTime":1789689001229.0713,"status":"passed","message":"","name":"/private/var/tmp/koskadeux/minimal-bridge-worktrees/3cdeae8792ea-853fd0/app/dashboard/listings/[id]/edit/page.test.tsx"},{"assertionResults":[{"ancestorTitles":["data-verification payment-method return page"],"fullName":"data-verification payment-method return page maps the return URL query to the initial payment-method props intact","status":"passed","title":"maps the return URL query to the initial payment-method props intact","duration":23.03708299999971,"failureMessages":[],"meta":{},"tags":[]},{"ancestorTitles":["data-verification payment-method return page"],"fullName":"data-verification payment-method return page renders the return route inside exactly one outer dashboard main landmark","status":"passed","title":"renders the return route inside exactly one outer dashboard main landmark","duration":271.81216700000004,"failureMessages":[],"meta":{},"tags":[]},{"ancestorTitles":["data-verification payment-method return page"],"fullName":"data-verification payment-method return page uses server-captured values when hydration has already removed the query","status":"passed","title":"uses server-captured values when hydration has already removed the query","duration":156.06937500000004,"failureMessages":[],"meta":{},"tags":[]},{"ancestorTitles":["data-verification payment-method return page"],"fullName":"data-verification payment-method return page removes query values before network work and reconciles only with a fresh token","status":"passed","title":"removes query values before network work and reconciles only with a fresh token","duration":108.78229199999987,"failureMessages":[],"meta":{},"tags":[]},{"ancestorTitles":["data-verification payment-method return page"],"fullName":"data-verification payment-method return page reschedules the scrub under React StrictMode and removes a query restored by Next","status":"passed","title":"reschedules the scrub under React StrictMode and removes a query restored by Next","duration":77.21462500000007,"failureMessages":[],"meta":{},"tags":[]},{"ancestorTitles":["data-verification payment-method return page"],"fullName":"data-verification payment-method return page announces a deferred ready reconcile outcome through stable page live regions","status":"passed","title":"announces a deferred ready reconcile outcome through stable page live regions","duration":142.77220799999986,"failureMessages":[],"meta":{},"tags":[]},{"ancestorTitles":["data-verification payment-method return page"],"fullName":"data-verification payment-method return page announces a deferred pending reconcile outcome through stable page live regions","status":"passed","title":"announces a deferred pending reconcile outcome through stable page live regions","duration":98.3354589999999,"failureMessages":[],"meta":{},"tags":[]},{"ancestorTitles":["data-verification payment-method return page"],"fullName":"data-verification payment-method return page announces a deferred failed reconcile outcome through stable page live regions","status":"passed","title":"announces a deferred failed reconcile outcome through stable page live regions","duration":121.8475840000001,"failureMessages":[],"meta":{},"tags":[]},{"ancestorTitles":["data-verification payment-method return page"],"fullName":"data-verification payment-method return page announces a deferred network_error reconcile outcome through stable page live regions","status":"passed","title":"announces a deferred network_error reconcile outcome through stable page live regions","duration":108.40554100000008,"failureMessages":[],"meta":{},"tags":[]},{"ancestorTitles":["data-verification payment-method return page"],"fullName":"data-verification payment-method return page renders fixed pending reconcile copy","status":"passed","title":"renders fixed pending reconcile copy","duration":93.41683400000011,"failureMessages":[],"meta":{},"tags":[]},{"ancestorTitles":["data-verification payment-method return page"],"fullName":"data-verification payment-method return page renders fixed failed reconcile copy","status":"passed","title":"renders fixed failed reconcile copy","duration":89.41845899999998,"failureMessages":[],"meta":{},"tags":[]},{"ancestorTitles":["data-verification payment-method return page"],"fullName":"data-verification payment-method return page uses fixed failure copy after network loss","status":"passed","title":"uses fixed failure copy after network loss","duration":95.91137499999968,"failureMessages":[],"meta":{},"tags":[]},{"ancestorTitles":["data-verification payment-method return page"],"fullName":"data-verification payment-method return page keeps opaque values only in memory and requires fresh reauth on two retries","status":"passed","title":"keeps opaque values only in memory and requires fresh reauth on two retries","duration":179.965917,"failureMessages":[],"meta":{},"tags":[]},{"ancestorTitles":["data-verification payment-method return page"],"fullName":"data-verification payment-method return page focuses Back to settings after a deferred terminal retry removes its opener","status":"passed","title":"focuses Back to settings after a deferred terminal retry removes its opener","duration":143.59429100000034,"failureMessages":[],"meta":{},"tags":[]},{"ancestorTitles":["data-verification payment-method return page"],"fullName":"data-verification payment-method return page hides all pay-in content and focuses only generic settings navigation after reconciliation 403","status":"passed","title":"hides all pay-in content and focuses only generic settings navigation after reconciliation 403","duration":83.84795799999984,"failureMessages":[],"meta":{},"tags":[]},{"ancestorTitles":["data-verification payment-method return page"],"fullName":"data-verification payment-method return page focuses Back to settings after cancelling a retry opened by a deferred preflight","status":"passed","title":"focuses Back to settings after cancelling a retry opened by a deferred preflight","duration":111.69758299999921,"failureMessages":[],"meta":{},"tags":[]},{"ancestorTitles":["data-verification payment-method return page"],"fullName":"data-verification payment-method return page issues only one readiness request for two rapid retry clicks","status":"passed","title":"issues only one readiness request for two rapid retry clicks","duration":93.30108299999938,"failureMessages":[],"meta":{},"tags":[]},{"ancestorTitles":["data-verification payment-method return page"],"fullName":"data-verification payment-method return page hides the return surface if the endpoint becomes unavailable","status":"passed","title":"hides the return surface if the endpoint becomes unavailable","duration":48.17895799999951,"failureMessages":[],"meta":{},"tags":[]},{"ancestorTitles":["data-verification payment-method return page"],"fullName":"data-verification payment-method return page renders fixed cancellation copy when the return rechallenge is closed","status":"passed","title":"renders fixed cancellation copy when the return rechallenge is closed","duration":118.9357089999994,"failureMessages":[],"meta":{},"tags":[]},{"ancestorTitles":["data-verification payment-method return page"],"fullName":"data-verification payment-method return page checks availability before showing fixed failure copy for invalid return values","status":"passed","title":"checks availability before showing fixed failure copy for invalid return values","duration":43.532250000000204,"failureMessages":[],"meta":{},"tags":[]},{"ancestorTitles":["data-verification payment-method return page"],"fullName":"data-verification payment-method return page hides an unavailable return surface even when callback values are invalid","status":"passed","title":"hides an unavailable return surface even when callback values are invalid","duration":48.399374999999964,"failureMessages":[],"meta":{},"tags":[]}],"startTime":1789688961377,"endTime":1789688963636.3994,"status":"passed","message":"","name":"/private/var/tmp/koskadeux/minimal-bridge-worktrees/3cdeae8792ea-853fd0/app/dashboard/data-verification/payment-method/return/page.test.tsx"}]}