{"numTotalTestSuites":13,"numPassedTestSuites":13,"numFailedTestSuites":0,"numPendingTestSuites":0,"numTotalTests":219,"numPassedTests":219,"numFailedTests":0,"numPendingTests":0,"numTodoTests":0,"snapshot":{"added":0,"failure":false,"filesAdded":0,"filesRemoved":0,"filesRemovedList":[],"filesUnmatched":0,"filesUpdated":0,"matched":0,"total":0,"unchecked":0,"uncheckedKeysByFile":[],"unmatched":0,"updated":0,"didUpdate":false},"startTime":1789689266100,"success":true,"testResults":[{"assertionResults":[{"ancestorTitles":[],"fullName":"has byte-empty markup without a manifest and no seller fetch","status":"passed","title":"has byte-empty markup without a manifest and no seller fetch","duration":91.44174999999996,"failureMessages":[],"meta":{},"tags":[]},{"ancestorTitles":[],"fullName":"does not fetch the seller before an explicit request or when keys are 503/absent","status":"passed","title":"does not fetch the seller before an explicit request or when keys are 503/absent","duration":317.7329999999997,"failureMessages":[],"meta":{},"tags":[]},{"ancestorTitles":[],"fullName":"waits for verification and the final manifest before rendering any row","status":"passed","title":"waits for verification and the final manifest before rendering any row","duration":487.38929199999984,"failureMessages":[],"meta":{},"tags":[]},{"ancestorTitles":[],"fullName":"hides on tab departure and stays hidden after withdrawal on return","status":"passed","title":"hides on tab departure and stays hidden after withdrawal on return","duration":336.282792,"failureMessages":[],"meta":{},"tags":[]},{"ancestorTitles":[],"fullName":"revalidates a same-size independently retained checkpoint on tab return","status":"passed","title":"revalidates a same-size independently retained checkpoint on tab return","duration":583.8009579999998,"failureMessages":[],"meta":{},"tags":[]},{"ancestorTitles":[],"fullName":"stays hidden after an offline return and rejects an expired manifest on fresh request","status":"passed","title":"stays hidden after an offline return and rejects an expired manifest on fresh request","duration":382.2422080000001,"failureMessages":[],"meta":{},"tags":[]},{"ancestorTitles":[],"fullName":"rejects offline and late replies after a return timeout","status":"passed","title":"rejects offline and late replies after a return timeout","duration":328.0256250000002,"failureMessages":[],"meta":{},"tags":[]},{"ancestorTitles":[],"fullName":"has no untouched-tab polling and clears on bfcache return before revalidation","status":"passed","title":"has no untouched-tab polling and clears on bfcache return before revalidation","duration":329.73004200000014,"failureMessages":[],"meta":{},"tags":[]},{"ancestorTitles":[],"fullName":"never contacts the seller after a platform-signature failure","status":"passed","title":"never contacts the seller after a platform-signature failure","duration":83.76266699999996,"failureMessages":[],"meta":{},"tags":[]},{"ancestorTitles":[],"fullName":"hides every row on a real deterministic policy failure with neutral text only","status":"passed","title":"hides every row on a real deterministic policy failure with neutral text only","duration":316.3606669999999,"failureMessages":[],"meta":{},"tags":[]},{"ancestorTitles":[],"fullName":"binds descriptions and units from the current signed payload before insertion","status":"passed","title":"binds descriptions and units from the current signed payload before insertion","duration":310.4507910000002,"failureMessages":[],"meta":{},"tags":[]},{"ancestorTitles":[],"fullName":"silently uses identity-only columns when the signed payload is absent or has another hash","status":"passed","title":"silently uses identity-only columns when the signed payload is absent or has another hash","duration":292.23983299999963,"failureMessages":[],"meta":{},"tags":[]},{"ancestorTitles":[],"fullName":"hides all rows before seller contact for an F2-signed attestation digest mismatch","status":"passed","title":"hides all rows before seller contact for an F2-signed attestation digest mismatch","duration":128.67529099999956,"failureMessages":[],"meta":{},"tags":[]}],"startTime":1789689276089,"endTime":1789689280077.6753,"status":"passed","message":"","name":"/private/var/tmp/koskadeux/minimal-bridge-worktrees/3cdeae8792ea-853fd0/components/listings/ListingSamplePreview.test.tsx"},{"assertionResults":[{"ancestorTitles":["lossless inert table"],"fullName":"lossless inert table compares 9007199254740993 and 9007199254740992 losslessly","status":"passed","title":"compares 9007199254740993 and 9007199254740992 losslessly","duration":4.197416999999859,"failureMessages":[],"meta":{},"tags":[]},{"ancestorTitles":["lossless inert table"],"fullName":"lossless inert table compares -9007199254740993 and -9007199254740992 losslessly","status":"passed","title":"compares -9007199254740993 and -9007199254740992 losslessly","duration":0.5946670000000722,"failureMessages":[],"meta":{},"tags":[]},{"ancestorTitles":["lossless inert table"],"fullName":"lossless inert table compares 0.00000000000000000001 and 0.00000000000000000002 losslessly","status":"passed","title":"compares 0.00000000000000000001 and 0.00000000000000000002 losslessly","duration":0.4394170000000486,"failureMessages":[],"meta":{},"tags":[]},{"ancestorTitles":["lossless inert table"],"fullName":"lossless inert table compares -0.2 and -0.11 losslessly","status":"passed","title":"compares -0.2 and -0.11 losslessly","duration":0.5530420000000049,"failureMessages":[],"meta":{},"tags":[]},{"ancestorTitles":["lossless inert table"],"fullName":"lossless inert table compares 12.3 and 12.30 losslessly","status":"passed","title":"compares 12.3 and 12.30 losslessly","duration":0.4639999999999418,"failureMessages":[],"meta":{},"tags":[]},{"ancestorTitles":["lossless inert table"],"fullName":"lossless inert table distinguishes null, missing, empty, booleans and nanosecond timestamps","status":"passed","title":"distinguishes null, missing, empty, booleans and nanosecond timestamps","duration":0.9223329999999805,"failureMessages":[],"meta":{},"tags":[]},{"ancestorTitles":["lossless inert table"],"fullName":"lossless inert table sorts ascending/descending/reset, uses proof identity and filters locally","status":"passed","title":"sorts ascending/descending/reset, uses proof identity and filters locally","duration":846.9965420000001,"failureMessages":[],"meta":{},"tags":[]},{"ancestorTitles":["lossless inert table"],"fullName":"lossless inert table renders expansion as literal text, Escape returns focus, and values cause no network/storage","status":"passed","title":"renders expansion as literal text, Escape returns focus, and values cause no network/storage","duration":250.1243340000001,"failureMessages":[],"meta":{},"tags":[]},{"ancestorTitles":["lossless inert table"],"fullName":"lossless inert table renders explicit states and names/types/descriptions/units in native semantics","status":"passed","title":"renders explicit states and names/types/descriptions/units in native semantics","duration":193.65141700000004,"failureMessages":[],"meta":{},"tags":[]},{"ancestorTitles":["lossless inert table"],"fullName":"lossless inert table cannot render a handle deserialized from JSON","status":"passed","title":"cannot render a handle deserialized from JSON","duration":199.2641249999997,"failureMessages":[],"meta":{},"tags":[]}],"startTime":1789689284466,"endTime":1789689285964.2642,"status":"passed","message":"","name":"/private/var/tmp/koskadeux/minimal-bridge-worktrees/3cdeae8792ea-853fd0/components/listings/SampleTable.test.tsx"},{"assertionResults":[{"ancestorTitles":["all verification gates before a handle"],"fullName":"all verification gates before a handle issues only an immutable fully checked handle","status":"passed","title":"issues only an immutable fully checked handle","duration":235.07054200000005,"failureMessages":[],"meta":{},"tags":[]},{"ancestorTitles":["all verification gates before a handle"],"fullName":"all verification gates before a handle does not render before policy and the final current read","status":"passed","title":"does not render before policy and the final current read","duration":205.30604199999993,"failureMessages":[],"meta":{},"tags":[]},{"ancestorTitles":["all verification gates before a handle"],"fullName":"all verification gates before a handle rejects scan failure, aborts and current-pointer races without a handle","status":"passed","title":"rejects scan failure, aborts and current-pointer races without a handle","duration":246.00554199999988,"failureMessages":[],"meta":{},"tags":[]},{"ancestorTitles":["all verification gates before a handle"],"fullName":"all verification gates before a handle rejects changing every signed binding field without resigning","status":"passed","title":"rejects changing every signed binding field without resigning","duration":882.390083,"failureMessages":[],"meta":{},"tags":[]},{"ancestorTitles":["all verification gates before a handle"],"fullName":"all verification gates before a handle rejects every manifest binding mismatch","status":"passed","title":"rejects every manifest binding mismatch","duration":795.8493330000001,"failureMessages":[],"meta":{},"tags":[]},{"ancestorTitles":["all verification gates before a handle"],"fullName":"all verification gates before a handle rejects authenticated seller key admission failure revoked","status":"passed","title":"rejects authenticated seller key admission failure revoked","duration":55.292875000000095,"failureMessages":[],"meta":{},"tags":[]},{"ancestorTitles":["all verification gates before a handle"],"fullName":"all verification gates before a handle rejects authenticated seller key admission failure rotated","status":"passed","title":"rejects authenticated seller key admission failure rotated","duration":51.44345799999974,"failureMessages":[],"meta":{},"tags":[]},{"ancestorTitles":["all verification gates before a handle"],"fullName":"all verification gates before a handle rejects authenticated seller key admission failure fingerprint","status":"passed","title":"rejects authenticated seller key admission failure fingerprint","duration":57.03587500000003,"failureMessages":[],"meta":{},"tags":[]},{"ancestorTitles":["all verification gates before a handle"],"fullName":"all verification gates before a handle rejects authenticated seller key admission failure missing","status":"passed","title":"rejects authenticated seller key admission failure missing","duration":58.72375000000011,"failureMessages":[],"meta":{},"tags":[]},{"ancestorTitles":["all verification gates before a handle"],"fullName":"all verification gates before a handle rejects authenticated seller key admission failure extra","status":"passed","title":"rejects authenticated seller key admission failure extra","duration":49.75358300000016,"failureMessages":[],"meta":{},"tags":[]},{"ancestorTitles":["all verification gates before a handle"],"fullName":"all verification gates before a handle rejects authenticated seller key admission failure duplicate","status":"passed","title":"rejects authenticated seller key admission failure duplicate","duration":17.86733299999969,"failureMessages":[],"meta":{},"tags":[]},{"ancestorTitles":["all verification gates before a handle"],"fullName":"all verification gates before a handle rejects authenticated seller key admission failure rebound","status":"passed","title":"rejects authenticated seller key admission failure rebound","duration":59.91225000000031,"failureMessages":[],"meta":{},"tags":[]},{"ancestorTitles":["all verification gates before a handle"],"fullName":"all verification gates before a handle rejects authenticated seller key admission failure future","status":"passed","title":"rejects authenticated seller key admission failure future","duration":60.149167000000034,"failureMessages":[],"meta":{},"tags":[]},{"ancestorTitles":["all verification gates before a handle"],"fullName":"all verification gates before a handle rejects authenticated seller key admission failure expired","status":"passed","title":"rejects authenticated seller key admission failure expired","duration":56.98004200000014,"failureMessages":[],"meta":{},"tags":[]},{"ancestorTitles":["all verification gates before a handle"],"fullName":"all verification gates before a handle rejects unknown and aliased platform keys and bad seller signatures","status":"passed","title":"rejects unknown and aliased platform keys and bad seller signatures","duration":216.12816699999985,"failureMessages":[],"meta":{},"tags":[]},{"ancestorTitles":["all verification gates before a handle"],"fullName":"all verification gates before a handle rejects checkpoint signature substitution","status":"passed","title":"rejects checkpoint signature substitution","duration":71.08266600000024,"failureMessages":[],"meta":{},"tags":[]},{"ancestorTitles":["all verification gates before a handle"],"fullName":"all verification gates before a handle rejects checkpoint key_id substitution","status":"passed","title":"rejects checkpoint key_id substitution","duration":75.94829200000004,"failureMessages":[],"meta":{},"tags":[]},{"ancestorTitles":["all verification gates before a handle"],"fullName":"all verification gates before a handle rejects checkpoint root_hash substitution","status":"passed","title":"rejects checkpoint root_hash substitution","duration":72.96158399999968,"failureMessages":[],"meta":{},"tags":[]},{"ancestorTitles":["all verification gates before a handle"],"fullName":"all verification gates before a handle rejects checkpoint tree_size substitution","status":"passed","title":"rejects checkpoint tree_size substitution","duration":76.21337499999936,"failureMessages":[],"meta":{},"tags":[]},{"ancestorTitles":["all verification gates before a handle"],"fullName":"all verification gates before a handle rejects checkpoint public_key_algorithm substitution","status":"passed","title":"rejects checkpoint public_key_algorithm substitution","duration":16.670333000000028,"failureMessages":[],"meta":{},"tags":[]},{"ancestorTitles":["all verification gates before a handle"],"fullName":"all verification gates before a handle rejects wrong rows, duplicate ordinals/indices and projected rows","status":"passed","title":"rejects wrong rows, duplicate ordinals/indices and projected rows","duration":17.47137500000008,"failureMessages":[],"meta":{},"tags":[]},{"ancestorTitles":["all verification gates before a handle"],"fullName":"all verification gates before a handle rejects descriptors altered before canonicalizing rows","status":"passed","title":"rejects descriptors altered before canonicalizing rows","duration":50.409332999999606,"failureMessages":[],"meta":{},"tags":[]},{"ancestorTitles":["conjunctive bounds and freshness"],"fullName":"conjunctive bounds and freshness checks 100/101 rows and 25/26 complete fields","status":"passed","title":"checks 100/101 rows and 25/26 complete fields","duration":2997.463417,"failureMessages":[],"meta":{},"tags":[]},{"ancestorTitles":["conjunctive bounds and freshness"],"fullName":"conjunctive bounds and freshness checks 249999 canonical bytes","status":"passed","title":"checks 249999 canonical bytes","duration":42.59600000000046,"failureMessages":[],"meta":{},"tags":[]},{"ancestorTitles":["conjunctive bounds and freshness"],"fullName":"conjunctive bounds and freshness checks 250000 canonical bytes","status":"passed","title":"checks 250000 canonical bytes","duration":37.70329099999981,"failureMessages":[],"meta":{},"tags":[]},{"ancestorTitles":["conjunctive bounds and freshness"],"fullName":"conjunctive bounds and freshness checks 250001 canonical bytes","status":"passed","title":"checks 250001 canonical bytes","duration":39.244041999999354,"failureMessages":[],"meta":{},"tags":[]},{"ancestorTitles":["conjunctive bounds and freshness"],"fullName":"conjunctive bounds and freshness checks exact received envelope and manifest byte ceilings before parse","status":"passed","title":"checks exact received envelope and manifest byte ceilings before parse","duration":104.25175000000036,"failureMessages":[],"meta":{},"tags":[]},{"ancestorTitles":["conjunctive bounds and freshness"],"fullName":"conjunctive bounds and freshness checks full-envelope node 10000/10001 and depth 16/17 bounds","status":"passed","title":"checks full-envelope node 10000/10001 and depth 16/17 bounds","duration":5.905874999999469,"failureMessages":[],"meta":{},"tags":[]},{"ancestorTitles":["conjunctive bounds and freshness"],"fullName":"conjunctive bounds and freshness rejects deadline/clock uncertainty and distinguishes stale from expired","status":"passed","title":"rejects deadline/clock uncertainty and distinguishes stale from expired","duration":2.267041999999492,"failureMessages":[],"meta":{},"tags":[]},{"ancestorTitles":["credential-free origin admission and streaming"],"fullName":"credential-free origin admission and streaming rejects http://seller.example/a","status":"passed","title":"rejects http://seller.example/a","duration":0.8131249999996726,"failureMessages":[],"meta":{},"tags":[]},{"ancestorTitles":["credential-free origin admission and streaming"],"fullName":"credential-free origin admission and streaming rejects https://u:p@seller.example/a","status":"passed","title":"rejects https://u:p@seller.example/a","duration":0.5727500000002692,"failureMessages":[],"meta":{},"tags":[]},{"ancestorTitles":["credential-free origin admission and streaming"],"fullName":"credential-free origin admission and streaming rejects https://seller.example/a?x","status":"passed","title":"rejects https://seller.example/a?x","duration":0.11308400000052643,"failureMessages":[],"meta":{},"tags":[]},{"ancestorTitles":["credential-free origin admission and streaming"],"fullName":"credential-free origin admission and streaming rejects https://seller.example/a#x","status":"passed","title":"rejects https://seller.example/a#x","duration":0.17966699999942648,"failureMessages":[],"meta":{},"tags":[]},{"ancestorTitles":["credential-free origin admission and streaming"],"fullName":"credential-free origin admission and streaming rejects https://127.0.0.1/a","status":"passed","title":"rejects https://127.0.0.1/a","duration":0.41987500000050204,"failureMessages":[],"meta":{},"tags":[]},{"ancestorTitles":["credential-free origin admission and streaming"],"fullName":"credential-free origin admission and streaming rejects https://2130706433/a","status":"passed","title":"rejects https://2130706433/a","duration":0.2740830000002461,"failureMessages":[],"meta":{},"tags":[]},{"ancestorTitles":["credential-free origin admission and streaming"],"fullName":"credential-free origin admission and streaming rejects https://[::1]/a","status":"passed","title":"rejects https://[::1]/a","duration":0.1446249999999054,"failureMessages":[],"meta":{},"tags":[]},{"ancestorTitles":["credential-free origin admission and streaming"],"fullName":"credential-free origin admission and streaming rejects https://private.local/a","status":"passed","title":"rejects https://private.local/a","duration":0.19362499999988358,"failureMessages":[],"meta":{},"tags":[]},{"ancestorTitles":["credential-free origin admission and streaming"],"fullName":"credential-free origin admission and streaming rejects https://localhost/a","status":"passed","title":"rejects https://localhost/a","duration":0.35616699999991397,"failureMessages":[],"meta":{},"tags":[]},{"ancestorTitles":["credential-free origin admission and streaming"],"fullName":"credential-free origin admission and streaming rejects https://ai.market/a","status":"passed","title":"rejects https://ai.market/a","duration":0.23045799999999872,"failureMessages":[],"meta":{},"tags":[]},{"ancestorTitles":["credential-free origin admission and streaming"],"fullName":"credential-free origin admission and streaming rejects https://sub.ai.market/a","status":"passed","title":"rejects https://sub.ai.market/a","duration":0.20916699999997945,"failureMessages":[],"meta":{},"tags":[]},{"ancestorTitles":["credential-free origin admission and streaming"],"fullName":"credential-free origin admission and streaming rejects https://x.r2.dev/a","status":"passed","title":"rejects https://x.r2.dev/a","duration":0.2022500000002765,"failureMessages":[],"meta":{},"tags":[]},{"ancestorTitles":["credential-free origin admission and streaming"],"fullName":"credential-free origin admission and streaming rejects https://seller.example./a","status":"passed","title":"rejects https://seller.example./a","duration":0.20412500000020373,"failureMessages":[],"meta":{},"tags":[]},{"ancestorTitles":["credential-free origin admission and streaming"],"fullName":"credential-free origin admission and streaming rejects https://seller.example:0/a","status":"passed","title":"rejects https://seller.example:0/a","duration":0.20216600000003382,"failureMessages":[],"meta":{},"tags":[]},{"ancestorTitles":["credential-free origin admission and streaming"],"fullName":"credential-free origin admission and streaming admits seller HTTPS without credentials or URL arguments","status":"passed","title":"admits seller HTTPS without credentials or URL arguments","duration":0.4254590000000462,"failureMessages":[],"meta":{},"tags":[]},{"ancestorTitles":["credential-free origin admission and streaming"],"fullName":"credential-free origin admission and streaming rejects redirects, missing no-store, encoding, and oversized responses","status":"passed","title":"rejects redirects, missing no-store, encoding, and oversized responses","duration":83.56362499999977,"failureMessages":[],"meta":{},"tags":[]}],"startTime":1789689267110,"endTime":1789689273859.5637,"status":"passed","message":"","name":"/private/var/tmp/koskadeux/minimal-bridge-worktrees/3cdeae8792ea-853fd0/lib/listing-preview/adversarial.test.ts"},{"assertionResults":[{"ancestorTitles":[],"fullName":"does not fetch during SSR and preserves empty output byte-for-byte","status":"passed","title":"does not fetch during SSR and preserves empty output byte-for-byte","duration":13.898415999999997,"failureMessages":[],"meta":{},"tags":[]},{"ancestorTitles":[],"fullName":"treats 404 as no manifest/keys without exposing server detail","status":"passed","title":"treats 404 as no manifest/keys without exposing server detail","duration":75.856583,"failureMessages":[],"meta":{},"tags":[]},{"ancestorTitles":[],"fullName":"treats 422 as no manifest/keys without exposing server detail","status":"passed","title":"treats 422 as no manifest/keys without exposing server detail","duration":0.9461249999999382,"failureMessages":[],"meta":{},"tags":[]},{"ancestorTitles":[],"fullName":"treats 503 as no manifest/keys without exposing server detail","status":"passed","title":"treats 503 as no manifest/keys without exposing server detail","duration":0.8597079999999551,"failureMessages":[],"meta":{},"tags":[]},{"ancestorTitles":[],"fullName":"admits metadata only and never sends rows or filters to our API","status":"passed","title":"admits metadata only and never sends rows or filters to our API","duration":92.22245899999996,"failureMessages":[],"meta":{},"tags":[]},{"ancestorTitles":[],"fullName":"does not dispatch unsupported image_gallery","status":"passed","title":"does not dispatch unsupported image_gallery","duration":50.76912500000003,"failureMessages":[],"meta":{},"tags":[]},{"ancestorTitles":[],"fullName":"does not dispatch unsupported map","status":"passed","title":"does not dispatch unsupported map","duration":53.64708400000006,"failureMessages":[],"meta":{},"tags":[]},{"ancestorTitles":[],"fullName":"does not dispatch unsupported timeseries_chart","status":"passed","title":"does not dispatch unsupported timeseries_chart","duration":50.834499999999935,"failureMessages":[],"meta":{},"tags":[]},{"ancestorTitles":[],"fullName":"does not dispatch unsupported audio","status":"passed","title":"does not dispatch unsupported audio","duration":46.001709000000005,"failureMessages":[],"meta":{},"tags":[]},{"ancestorTitles":[],"fullName":"does not dispatch unsupported nested_json","status":"passed","title":"does not dispatch unsupported nested_json","duration":46.59658300000001,"failureMessages":[],"meta":{},"tags":[]},{"ancestorTitles":[],"fullName":"does not dispatch unsupported future","status":"passed","title":"does not dispatch unsupported future","duration":50.314791000000014,"failureMessages":[],"meta":{},"tags":[]},{"ancestorTitles":[],"fullName":"rejects duplicate keys, rebound aliases and cacheable metadata","status":"passed","title":"rejects duplicate keys, rebound aliases and cacheable metadata","duration":40.19625000000019,"failureMessages":[],"meta":{},"tags":[]},{"ancestorTitles":[],"fullName":"checks independently requested consistency sizes and rejects SSR package retrieval","status":"passed","title":"checks independently requested consistency sizes and rejects SSR package retrieval","duration":4.884457999999995,"failureMessages":[],"meta":{},"tags":[]},{"ancestorTitles":[],"fullName":"reads signed summary metadata with no-store and no credentials or row ingress","status":"passed","title":"reads signed summary metadata with no-store and no credentials or row ingress","duration":4.359041999999818,"failureMessages":[],"meta":{},"tags":[]},{"ancestorTitles":[],"fullName":"treats an undeployed, absent, cached or malformed signed payload as optional","status":"passed","title":"treats an undeployed, absent, cached or malformed signed payload as optional","duration":1.2802080000001297,"failureMessages":[],"meta":{},"tags":[]}],"startTime":1789689286580,"endTime":1789689287113.2803,"status":"passed","message":"","name":"/private/var/tmp/koskadeux/minimal-bridge-worktrees/3cdeae8792ea-853fd0/lib/listing-preview/api.test.ts"},{"assertionResults":[{"ancestorTitles":[],"fullName":"recomputes the fixture RFC8785 summary hash and joins exact descriptions and units","status":"passed","title":"recomputes the fixture RFC8785 summary hash and joins exact descriptions and units","duration":19.17183399999999,"failureMessages":[],"meta":{},"tags":[]},{"ancestorTitles":[],"fullName":"omits descriptions on mismatched summary_hash","status":"passed","title":"omits descriptions on mismatched summary_hash","duration":0.7432499999999891,"failureMessages":[],"meta":{},"tags":[]},{"ancestorTitles":[],"fullName":"omits descriptions on mismatched render_hash","status":"passed","title":"omits descriptions on mismatched render_hash","duration":0.6305830000000014,"failureMessages":[],"meta":{},"tags":[]},{"ancestorTitles":[],"fullName":"omits descriptions on mismatched source_revision","status":"passed","title":"omits descriptions on mismatched source_revision","duration":0.4604999999999677,"failureMessages":[],"meta":{},"tags":[]},{"ancestorTitles":[],"fullName":"refuses tampered payload even with unchanged claimed hashes","status":"passed","title":"refuses tampered payload even with unchanged claimed hashes","duration":2.158957999999984,"failureMessages":[],"meta":{},"tags":[]},{"ancestorTitles":[],"fullName":"degrades missing, malformed, duplicate and mismatched column metadata to identity-only","status":"passed","title":"degrades missing, malformed, duplicate and mismatched column metadata to identity-only","duration":3.3537919999999986,"failureMessages":[],"meta":{},"tags":[]}],"startTime":1789689288679,"endTime":1789689288706.3538,"status":"passed","message":"","name":"/private/var/tmp/koskadeux/minimal-bridge-worktrees/3cdeae8792ea-853fd0/lib/listing-preview/columns.test.ts"},{"assertionResults":[{"ancestorTitles":[],"fullName":"pins the cross-repo deterministic fixture SHA","status":"passed","title":"pins the cross-repo deterministic fixture SHA","duration":4.097374999999943,"failureMessages":[],"meta":{},"tags":[]},{"ancestorTitles":[],"fullName":"deterministic producer vector safe","status":"passed","title":"deterministic producer vector safe","duration":109.64600000000007,"failureMessages":[],"meta":{},"tags":[]},{"ancestorTitles":[],"fullName":"deterministic producer vector empty","status":"passed","title":"deterministic producer vector empty","duration":0.5421249999999418,"failureMessages":[],"meta":{},"tags":[]},{"ancestorTitles":[],"fullName":"deterministic producer vector unicode","status":"passed","title":"deterministic producer vector unicode","duration":93.99925000000007,"failureMessages":[],"meta":{},"tags":[]},{"ancestorTitles":[],"fullName":"deterministic producer vector boolean-text","status":"passed","title":"deterministic producer vector boolean-text","duration":0.9650839999999334,"failureMessages":[],"meta":{},"tags":[]},{"ancestorTitles":[],"fullName":"deterministic producer vector numeric-negative","status":"passed","title":"deterministic producer vector numeric-negative","duration":0.8127909999999474,"failureMessages":[],"meta":{},"tags":[]},{"ancestorTitles":[],"fullName":"deterministic producer vector numeric-formula-looking","status":"passed","title":"deterministic producer vector numeric-formula-looking","duration":2.80333399999995,"failureMessages":[],"meta":{},"tags":[]},{"ancestorTitles":[],"fullName":"deterministic producer vector at-formula","status":"passed","title":"deterministic producer vector at-formula","duration":0.6267079999998941,"failureMessages":[],"meta":{},"tags":[]},{"ancestorTitles":[],"fullName":"deterministic producer vector equals-formula","status":"passed","title":"deterministic producer vector equals-formula","duration":0.6652090000000044,"failureMessages":[],"meta":{},"tags":[]},{"ancestorTitles":[],"fullName":"deterministic producer vector plus-formula","status":"passed","title":"deterministic producer vector plus-formula","duration":0.6440420000000131,"failureMessages":[],"meta":{},"tags":[]},{"ancestorTitles":[],"fullName":"deterministic producer vector private-key","status":"passed","title":"deterministic producer vector private-key","duration":0.5249579999999696,"failureMessages":[],"meta":{},"tags":[]},{"ancestorTitles":[],"fullName":"deterministic producer vector aws","status":"passed","title":"deterministic producer vector aws","duration":0.45204200000000583,"failureMessages":[],"meta":{},"tags":[]},{"ancestorTitles":[],"fullName":"deterministic producer vector github","status":"passed","title":"deterministic producer vector github","duration":0.489832999999976,"failureMessages":[],"meta":{},"tags":[]},{"ancestorTitles":[],"fullName":"deterministic producer vector github-pat","status":"passed","title":"deterministic producer vector github-pat","duration":0.43045900000004167,"failureMessages":[],"meta":{},"tags":[]},{"ancestorTitles":[],"fullName":"deterministic producer vector stripe-live","status":"passed","title":"deterministic producer vector stripe-live","duration":0.39658299999996416,"failureMessages":[],"meta":{},"tags":[]},{"ancestorTitles":[],"fullName":"deterministic producer vector stripe-test","status":"passed","title":"deterministic producer vector stripe-test","duration":0.39741700000001856,"failureMessages":[],"meta":{},"tags":[]},{"ancestorTitles":[],"fullName":"deterministic producer vector openai","status":"passed","title":"deterministic producer vector openai","duration":0.3611249999999018,"failureMessages":[],"meta":{},"tags":[]},{"ancestorTitles":[],"fullName":"deterministic producer vector slack","status":"passed","title":"deterministic producer vector slack","duration":0.5382919999999558,"failureMessages":[],"meta":{},"tags":[]},{"ancestorTitles":[],"fullName":"deterministic producer vector password","status":"passed","title":"deterministic producer vector password","duration":0.4619590000000926,"failureMessages":[],"meta":{},"tags":[]},{"ancestorTitles":[],"fullName":"deterministic producer vector api-key","status":"passed","title":"deterministic producer vector api-key","duration":0.4001670000000104,"failureMessages":[],"meta":{},"tags":[]},{"ancestorTitles":[],"fullName":"deterministic producer vector authorization","status":"passed","title":"deterministic producer vector authorization","duration":0.3818339999999125,"failureMessages":[],"meta":{},"tags":[]},{"ancestorTitles":[],"fullName":"deterministic producer vector bearer","status":"passed","title":"deterministic producer vector bearer","duration":0.3522499999999127,"failureMessages":[],"meta":{},"tags":[]},{"ancestorTitles":[],"fullName":"deterministic producer vector jwt","status":"passed","title":"deterministic producer vector jwt","duration":0.3548749999999927,"failureMessages":[],"meta":{},"tags":[]},{"ancestorTitles":[],"fullName":"deterministic producer vector connection","status":"passed","title":"deterministic producer vector connection","duration":0.3569159999999556,"failureMessages":[],"meta":{},"tags":[]},{"ancestorTitles":[],"fullName":"deterministic producer vector email","status":"passed","title":"deterministic producer vector email","duration":0.34220799999991414,"failureMessages":[],"meta":{},"tags":[]},{"ancestorTitles":[],"fullName":"deterministic producer vector unicode-email","status":"passed","title":"deterministic producer vector unicode-email","duration":0.36312500000008185,"failureMessages":[],"meta":{},"tags":[]},{"ancestorTitles":[],"fullName":"deterministic producer vector ssn","status":"passed","title":"deterministic producer vector ssn","duration":0.3503329999999778,"failureMessages":[],"meta":{},"tags":[]},{"ancestorTitles":[],"fullName":"deterministic producer vector phone","status":"passed","title":"deterministic producer vector phone","duration":0.35887499999989814,"failureMessages":[],"meta":{},"tags":[]},{"ancestorTitles":[],"fullName":"deterministic producer vector card","status":"passed","title":"deterministic producer vector card","duration":0.3732079999999769,"failureMessages":[],"meta":{},"tags":[]},{"ancestorTitles":[],"fullName":"deterministic producer vector iban","status":"passed","title":"deterministic producer vector iban","duration":0.36837499999990087,"failureMessages":[],"meta":{},"tags":[]},{"ancestorTitles":[],"fullName":"deterministic producer vector ip","status":"passed","title":"deterministic producer vector ip","duration":0.34254200000009405,"failureMessages":[],"meta":{},"tags":[]},{"ancestorTitles":[],"fullName":"deterministic producer vector html","status":"passed","title":"deterministic producer vector html","duration":0.17470800000000963,"failureMessages":[],"meta":{},"tags":[]},{"ancestorTitles":[],"fullName":"deterministic producer vector script","status":"passed","title":"deterministic producer vector script","duration":0.15125000000000455,"failureMessages":[],"meta":{},"tags":[]},{"ancestorTitles":[],"fullName":"deterministic producer vector event-handler","status":"passed","title":"deterministic producer vector event-handler","duration":0.2665000000000646,"failureMessages":[],"meta":{},"tags":[]},{"ancestorTitles":[],"fullName":"deterministic producer vector macro","status":"passed","title":"deterministic producer vector macro","duration":0.3534159999999247,"failureMessages":[],"meta":{},"tags":[]},{"ancestorTitles":[],"fullName":"deterministic producer vector javascript","status":"passed","title":"deterministic producer vector javascript","duration":0.3575419999999667,"failureMessages":[],"meta":{},"tags":[]},{"ancestorTitles":[],"fullName":"deterministic producer vector data-uri","status":"passed","title":"deterministic producer vector data-uri","duration":0.3586249999999609,"failureMessages":[],"meta":{},"tags":[]},{"ancestorTitles":[],"fullName":"deterministic producer vector url","status":"passed","title":"deterministic producer vector url","duration":0.36208399999998164,"failureMessages":[],"meta":{},"tags":[]},{"ancestorTitles":[],"fullName":"deterministic producer vector www","status":"passed","title":"deterministic producer vector www","duration":0.25870899999995345,"failureMessages":[],"meta":{},"tags":[]},{"ancestorTitles":[],"fullName":"deterministic producer vector protocol-relative","status":"passed","title":"deterministic producer vector protocol-relative","duration":0.14020800000002964,"failureMessages":[],"meta":{},"tags":[]},{"ancestorTitles":[],"fullName":"deterministic producer vector markdown-url","status":"passed","title":"deterministic producer vector markdown-url","duration":0.15183400000000802,"failureMessages":[],"meta":{},"tags":[]},{"ancestorTitles":[],"fullName":"deterministic producer vector mailto","status":"passed","title":"deterministic producer vector mailto","duration":0.21766600000000835,"failureMessages":[],"meta":{},"tags":[]},{"ancestorTitles":[],"fullName":"deterministic producer vector tel","status":"passed","title":"deterministic producer vector tel","duration":0.33887500000003,"failureMessages":[],"meta":{},"tags":[]},{"ancestorTitles":[],"fullName":"deterministic producer vector copyright","status":"passed","title":"deterministic producer vector copyright","duration":0.3509999999999991,"failureMessages":[],"meta":{},"tags":[]},{"ancestorTitles":[],"fullName":"deterministic producer vector licensed","status":"passed","title":"deterministic producer vector licensed","duration":0.353458000000046,"failureMessages":[],"meta":{},"tags":[]},{"ancestorTitles":[],"fullName":"deterministic producer vector restriction","status":"passed","title":"deterministic producer vector restriction","duration":0.35904200000004494,"failureMessages":[],"meta":{},"tags":[]},{"ancestorTitles":[],"fullName":"deterministic producer vector length-500","status":"passed","title":"deterministic producer vector length-500","duration":3.370207999999934,"failureMessages":[],"meta":{},"tags":[]},{"ancestorTitles":[],"fullName":"deterministic producer vector length-501","status":"passed","title":"deterministic producer vector length-501","duration":0.511333000000036,"failureMessages":[],"meta":{},"tags":[]},{"ancestorTitles":[],"fullName":"deterministic producer vector astral-500","status":"passed","title":"deterministic producer vector astral-500","duration":3.96875,"failureMessages":[],"meta":{},"tags":[]},{"ancestorTitles":[],"fullName":"deterministic producer vector astral-501","status":"passed","title":"deterministic producer vector astral-501","duration":0.36741600000004837,"failureMessages":[],"meta":{},"tags":[]},{"ancestorTitles":[],"fullName":"deterministic producer vector words-80","status":"passed","title":"deterministic producer vector words-80","duration":0.5361659999999802,"failureMessages":[],"meta":{},"tags":[]},{"ancestorTitles":[],"fullName":"deterministic producer vector words-81","status":"passed","title":"deterministic producer vector words-81","duration":0.5916249999999081,"failureMessages":[],"meta":{},"tags":[]},{"ancestorTitles":[],"fullName":"deterministic producer vector newline","status":"passed","title":"deterministic producer vector newline","duration":0.2784159999999929,"failureMessages":[],"meta":{},"tags":[]},{"ancestorTitles":[],"fullName":"deterministic producer vector zero-width","status":"passed","title":"deterministic producer vector zero-width","duration":0.17349999999999,"failureMessages":[],"meta":{},"tags":[]},{"ancestorTitles":[],"fullName":"deterministic producer vector entropy-short","status":"passed","title":"deterministic producer vector entropy-short","duration":0.4194169999999531,"failureMessages":[],"meta":{},"tags":[]},{"ancestorTitles":[],"fullName":"deterministic producer vector entropy-24","status":"passed","title":"deterministic producer vector entropy-24","duration":0.30033400000002075,"failureMessages":[],"meta":{},"tags":[]},{"ancestorTitles":[],"fullName":"deterministic producer vector entropy-exact-4","status":"passed","title":"deterministic producer vector entropy-exact-4","duration":0.20362499999998818,"failureMessages":[],"meta":{},"tags":[]},{"ancestorTitles":[],"fullName":"deterministic producer vector entropy-below-4","status":"passed","title":"deterministic producer vector entropy-below-4","duration":0.37095799999997325,"failureMessages":[],"meta":{},"tags":[]},{"ancestorTitles":[],"fullName":"deterministic producer vector low-entropy","status":"passed","title":"deterministic producer vector low-entropy","duration":0.2287500000001046,"failureMessages":[],"meta":{},"tags":[]},{"ancestorTitles":[],"fullName":"deterministic producer vector unicode-boundary","status":"passed","title":"deterministic producer vector unicode-boundary","duration":0.37991699999997763,"failureMessages":[],"meta":{},"tags":[]},{"ancestorTitles":[],"fullName":"deterministic scan refuses any unsafe complete row before issuing a handle","status":"passed","title":"deterministic scan refuses any unsafe complete row before issuing a handle","duration":116.65183400000001,"failureMessages":[],"meta":{},"tags":[]},{"ancestorTitles":[],"fullName":"scans keys, nested values and every array element","status":"passed","title":"scans keys, nested values and every array element","duration":249.64879199999996,"failureMessages":[],"meta":{},"tags":[]},{"ancestorTitles":[],"fullName":"scans the original fetched text before normalization","status":"passed","title":"scans the original fetched text before normalization","duration":76.97558299999992,"failureMessages":[],"meta":{},"tags":[]},{"ancestorTitles":[],"fullName":"preserves descriptor-proven numeric identity recursively","status":"passed","title":"preserves descriptor-proven numeric identity recursively","duration":379.06333300000006,"failureMessages":[],"meta":{},"tags":[]},{"ancestorTitles":[],"fullName":"cancellation refuses the deterministic scan","status":"passed","title":"cancellation refuses the deterministic scan","duration":1.243167000000085,"failureMessages":[],"meta":{},"tags":[]},{"ancestorTitles":[],"fullName":"attestation check refuses a signed but incorrectly bound scan digest","status":"passed","title":"attestation check refuses a signed but incorrectly bound scan digest","duration":102.82304199999999,"failureMessages":[],"meta":{},"tags":[]},{"ancestorTitles":[],"fullName":"refuses modified producer attestation scan_policy","status":"passed","title":"refuses modified producer attestation scan_policy","duration":42.368875000000116,"failureMessages":[],"meta":{},"tags":[]},{"ancestorTitles":[],"fullName":"refuses modified producer attestation scan_policy_version","status":"passed","title":"refuses modified producer attestation scan_policy_version","duration":44.40529199999992,"failureMessages":[],"meta":{},"tags":[]},{"ancestorTitles":[],"fullName":"refuses modified producer attestation scan_verdict","status":"passed","title":"refuses modified producer attestation scan_verdict","duration":43.74845800000003,"failureMessages":[],"meta":{},"tags":[]},{"ancestorTitles":[],"fullName":"refuses modified producer attestation sampled_leaf_list_digest","status":"passed","title":"refuses modified producer attestation sampled_leaf_list_digest","duration":75.28429200000005,"failureMessages":[],"meta":{},"tags":[]},{"ancestorTitles":[],"fullName":"refuses modified producer attestation signature","status":"passed","title":"refuses modified producer attestation signature","duration":73.54099999999994,"failureMessages":[],"meta":{},"tags":[]},{"ancestorTitles":[],"fullName":"refuses a signed binding to a different sampled leaf list","status":"passed","title":"refuses a signed binding to a different sampled leaf list","duration":106.01566600000001,"failureMessages":[],"meta":{},"tags":[]},{"ancestorTitles":[],"fullName":"scans fields outside the displayed column selection","status":"passed","title":"scans fields outside the displayed column selection","duration":113.876667,"failureMessages":[],"meta":{},"tags":[]}],"startTime":1789689280690,"endTime":1789689282356.8767,"status":"passed","message":"","name":"/private/var/tmp/koskadeux/minimal-bridge-worktrees/3cdeae8792ea-853fd0/lib/listing-preview/policy.test.ts"},{"assertionResults":[{"ancestorTitles":["byte-identical producer/backend corpus"],"fullName":"byte-identical producer/backend corpus tests/fixtures/aim_dataset_integral_decimal_v1.json","status":"passed","title":"tests/fixtures/aim_dataset_integral_decimal_v1.json","duration":2.93329099999994,"failureMessages":[],"meta":{},"tags":[]},{"ancestorTitles":["byte-identical producer/backend corpus"],"fullName":"byte-identical producer/backend corpus tests/fixtures/aim_dataset_merkle_v1.json","status":"passed","title":"tests/fixtures/aim_dataset_merkle_v1.json","duration":0.43708300000002964,"failureMessages":[],"meta":{},"tags":[]},{"ancestorTitles":["byte-identical producer/backend corpus"],"fullName":"byte-identical producer/backend corpus tests/fixtures/aim_dataset_merkle_v1_extended.json","status":"passed","title":"tests/fixtures/aim_dataset_merkle_v1_extended.json","duration":0.3434159999999338,"failureMessages":[],"meta":{},"tags":[]},{"ancestorTitles":["byte-identical producer/backend corpus"],"fullName":"byte-identical producer/backend corpus tests/fixtures/aim_dataset_parser_v1.json","status":"passed","title":"tests/fixtures/aim_dataset_parser_v1.json","duration":0.23275000000001,"failureMessages":[],"meta":{},"tags":[]},{"ancestorTitles":["byte-identical producer/backend corpus"],"fullName":"byte-identical producer/backend corpus tests/fixtures/aim_dataset_serialization_conflict_s1716.json","status":"passed","title":"tests/fixtures/aim_dataset_serialization_conflict_s1716.json","duration":0.21991700000000947,"failureMessages":[],"meta":{},"tags":[]},{"ancestorTitles":["byte-identical producer/backend corpus"],"fullName":"byte-identical producer/backend corpus tests/fixtures/aim_preview_differential_v1.json","status":"passed","title":"tests/fixtures/aim_preview_differential_v1.json","duration":0.15941699999996217,"failureMessages":[],"meta":{},"tags":[]},{"ancestorTitles":["byte-identical producer/backend corpus"],"fullName":"byte-identical producer/backend corpus tests/fixtures/aim_preview_differential_v1.sha256","status":"passed","title":"tests/fixtures/aim_preview_differential_v1.sha256","duration":0.15904199999999946,"failureMessages":[],"meta":{},"tags":[]},{"ancestorTitles":["byte-identical producer/backend corpus"],"fullName":"byte-identical producer/backend corpus tests/fixtures/aim_preview_manifest_budget_v1.json","status":"passed","title":"tests/fixtures/aim_preview_manifest_budget_v1.json","duration":0.24479199999996126,"failureMessages":[],"meta":{},"tags":[]},{"ancestorTitles":["byte-identical producer/backend corpus"],"fullName":"byte-identical producer/backend corpus tests/fixtures/aim_preview_package_v2.json","status":"passed","title":"tests/fixtures/aim_preview_package_v2.json","duration":0.19758300000000872,"failureMessages":[],"meta":{},"tags":[]},{"ancestorTitles":["byte-identical producer/backend corpus"],"fullName":"byte-identical producer/backend corpus tests/fixtures/aim_preview_package_vectors_v1.json","status":"passed","title":"tests/fixtures/aim_preview_package_vectors_v1.json","duration":0.2213329999999587,"failureMessages":[],"meta":{},"tags":[]},{"ancestorTitles":["byte-identical producer/backend corpus"],"fullName":"byte-identical producer/backend corpus tests/fixtures/aim_preview_policy_v1.json","status":"passed","title":"tests/fixtures/aim_preview_policy_v1.json","duration":0.15250000000003183,"failureMessages":[],"meta":{},"tags":[]},{"ancestorTitles":["byte-identical producer/backend corpus"],"fullName":"byte-identical producer/backend corpus tests/fixtures/aim_preview_requests_v1.json","status":"passed","title":"tests/fixtures/aim_preview_requests_v1.json","duration":0.14587500000004638,"failureMessages":[],"meta":{},"tags":[]},{"ancestorTitles":["byte-identical producer/backend corpus"],"fullName":"byte-identical producer/backend corpus tests/fixtures/aim_preview_signing_requests_v1.sha256","status":"passed","title":"tests/fixtures/aim_preview_signing_requests_v1.sha256","duration":0.1256669999999076,"failureMessages":[],"meta":{},"tags":[]},{"ancestorTitles":["byte-identical producer/backend corpus"],"fullName":"byte-identical producer/backend corpus tests/fixtures/aim_preview_signing_v1.json","status":"passed","title":"tests/fixtures/aim_preview_signing_v1.json","duration":0.15141700000003766,"failureMessages":[],"meta":{},"tags":[]},{"ancestorTitles":["byte-identical producer/backend corpus"],"fullName":"byte-identical producer/backend corpus F2 proof-0","status":"passed","title":"F2 proof-0","duration":12.49629200000004,"failureMessages":[],"meta":{},"tags":[]},{"ancestorTitles":["byte-identical producer/backend corpus"],"fullName":"byte-identical producer/backend corpus F2 proof-1","status":"passed","title":"F2 proof-1","duration":4.087750000000028,"failureMessages":[],"meta":{},"tags":[]},{"ancestorTitles":["byte-identical producer/backend corpus"],"fullName":"byte-identical producer/backend corpus F2 commitment","status":"passed","title":"F2 commitment","duration":5.589375000000018,"failureMessages":[],"meta":{},"tags":[]},{"ancestorTitles":["byte-identical producer/backend corpus"],"fullName":"byte-identical producer/backend corpus F2 approve","status":"passed","title":"F2 approve","duration":13.536499999999933,"failureMessages":[],"meta":{},"tags":[]},{"ancestorTitles":["byte-identical producer/backend corpus"],"fullName":"byte-identical producer/backend corpus F2 none","status":"passed","title":"F2 none","duration":16.53095799999994,"failureMessages":[],"meta":{},"tags":[]},{"ancestorTitles":["byte-identical producer/backend corpus"],"fullName":"byte-identical producer/backend corpus F2 withdraw","status":"passed","title":"F2 withdraw","duration":8.610916999999972,"failureMessages":[],"meta":{},"tags":[]},{"ancestorTitles":["byte-identical producer/backend corpus"],"fullName":"byte-identical producer/backend corpus F2 refresh","status":"passed","title":"F2 refresh","duration":7.502415999999926,"failureMessages":[],"meta":{},"tags":[]},{"ancestorTitles":["byte-identical producer/backend corpus"],"fullName":"byte-identical producer/backend corpus F2 supersede","status":"passed","title":"F2 supersede","duration":11.380709000000024,"failureMessages":[],"meta":{},"tags":[]},{"ancestorTitles":["byte-identical producer/backend corpus"],"fullName":"byte-identical producer/backend corpus F2 platform-envelope","status":"passed","title":"F2 platform-envelope","duration":13.756833000000029,"failureMessages":[],"meta":{},"tags":[]},{"ancestorTitles":["byte-identical producer/backend corpus"],"fullName":"byte-identical producer/backend corpus F2 checkpoint","status":"passed","title":"F2 checkpoint","duration":2.082875000000058,"failureMessages":[],"meta":{},"tags":[]},{"ancestorTitles":["byte-identical producer/backend corpus"],"fullName":"byte-identical producer/backend corpus differential unicode-disclosure","status":"passed","title":"differential unicode-disclosure","duration":10.228542000000061,"failureMessages":[],"meta":{},"tags":[]},{"ancestorTitles":["byte-identical producer/backend corpus"],"fullName":"byte-identical producer/backend corpus differential unicode-envelope","status":"passed","title":"differential unicode-envelope","duration":8.700582999999938,"failureMessages":[],"meta":{},"tags":[]},{"ancestorTitles":["byte-identical producer/backend corpus"],"fullName":"byte-identical producer/backend corpus differential unicode-object-keys","status":"passed","title":"differential unicode-object-keys","duration":0.7910420000000613,"failureMessages":[],"meta":{},"tags":[]},{"ancestorTitles":["byte-identical producer/backend corpus"],"fullName":"byte-identical producer/backend corpus differential supplementary-order-admitted","status":"passed","title":"differential supplementary-order-admitted","duration":0.547458000000006,"failureMessages":[],"meta":{},"tags":[]},{"ancestorTitles":["byte-identical producer/backend corpus"],"fullName":"byte-identical producer/backend corpus differential integer-0","status":"passed","title":"differential integer-0","duration":0.504165999999941,"failureMessages":[],"meta":{},"tags":[]},{"ancestorTitles":["byte-identical producer/backend corpus"],"fullName":"byte-identical producer/backend corpus differential integer--1","status":"passed","title":"differential integer--1","duration":0.48270800000000236,"failureMessages":[],"meta":{},"tags":[]},{"ancestorTitles":["byte-identical producer/backend corpus"],"fullName":"byte-identical producer/backend corpus differential integer-9007199254740991","status":"passed","title":"differential integer-9007199254740991","duration":0.45404099999996106,"failureMessages":[],"meta":{},"tags":[]},{"ancestorTitles":["byte-identical producer/backend corpus"],"fullName":"byte-identical producer/backend corpus differential integer--9007199254740991","status":"passed","title":"differential integer--9007199254740991","duration":0.5440830000000005,"failureMessages":[],"meta":{},"tags":[]},{"ancestorTitles":["byte-identical producer/backend corpus"],"fullName":"byte-identical producer/backend corpus refuses unsafe-positive","status":"passed","title":"refuses unsafe-positive","duration":0.9490409999999656,"failureMessages":[],"meta":{},"tags":[]},{"ancestorTitles":["byte-identical producer/backend corpus"],"fullName":"byte-identical producer/backend corpus refuses unsafe-negative","status":"passed","title":"refuses unsafe-negative","duration":0.14679100000000744,"failureMessages":[],"meta":{},"tags":[]},{"ancestorTitles":["byte-identical producer/backend corpus"],"fullName":"byte-identical producer/backend corpus refuses float-positive","status":"passed","title":"refuses float-positive","duration":0.09195799999997689,"failureMessages":[],"meta":{},"tags":[]},{"ancestorTitles":["byte-identical producer/backend corpus"],"fullName":"byte-identical producer/backend corpus refuses float-negative","status":"passed","title":"refuses float-negative","duration":0.1159579999999778,"failureMessages":[],"meta":{},"tags":[]},{"ancestorTitles":["byte-identical producer/backend corpus"],"fullName":"byte-identical producer/backend corpus refuses supplementary-order","status":"passed","title":"refuses supplementary-order","duration":0.3094580000000633,"failureMessages":[],"meta":{},"tags":[]},{"ancestorTitles":["byte-identical producer/backend corpus"],"fullName":"byte-identical producer/backend corpus refuses supplementary-order-nested","status":"passed","title":"refuses supplementary-order-nested","duration":0.44933400000002166,"failureMessages":[],"meta":{},"tags":[]},{"ancestorTitles":["byte-identical producer/backend corpus"],"fullName":"byte-identical producer/backend corpus includes valid_until only when present","status":"passed","title":"includes valid_until only when present","duration":7.813374999999951,"failureMessages":[],"meta":{},"tags":[]},{"ancestorTitles":["byte-identical producer/backend corpus"],"fullName":"byte-identical producer/backend corpus canonicalizes every complete package row and verifies all dataset digests","status":"passed","title":"canonicalizes every complete package row and verifies all dataset digests","duration":5.563499999999976,"failureMessages":[],"meta":{},"tags":[]},{"ancestorTitles":["byte-identical producer/backend corpus"],"fullName":"byte-identical producer/backend corpus preserves historical log leaves, roots and fractional checkpoint bytes","status":"passed","title":"preserves historical log leaves, roots and fractional checkpoint bytes","duration":2.885291999999936,"failureMessages":[],"meta":{},"tags":[]},{"ancestorTitles":["byte-identical producer/backend corpus"],"fullName":"byte-identical producer/backend corpus matches cross-format logical rows and integral-decimal digests","status":"passed","title":"matches cross-format logical rows and integral-decimal digests","duration":5.922250000000076,"failureMessages":[],"meta":{},"tags":[]},{"ancestorTitles":["byte-identical producer/backend corpus"],"fullName":"byte-identical producer/backend corpus verifies platform before resolving seller keys and validates all seller signatures","status":"passed","title":"verifies platform before resolving seller keys and validates all seller signatures","duration":47.81441700000005,"failureMessages":[],"meta":{},"tags":[]},{"ancestorTitles":["byte-identical producer/backend corpus"],"fullName":"byte-identical producer/backend corpus verifies consecutive independently trusted checkpoints","status":"passed","title":"verifies consecutive independently trusted checkpoints","duration":10.813792000000035,"failureMessages":[],"meta":{},"tags":[]},{"ancestorTitles":["canonical parser and row admission"],"fullName":"canonical parser and row admission uses the pinned strict fallback only for unsupported Ed25519","status":"passed","title":"uses the pinned strict fallback only for unsupported Ed25519","duration":126.68599999999992,"failureMessages":[],"meta":{},"tags":[]},{"ancestorTitles":["canonical parser and row admission"],"fullName":"canonical parser and row admission preserves nanosecond UTC offsets and nested exact decimals","status":"passed","title":"preserves nanosecond UTC offsets and nested exact decimals","duration":1.297916999999984,"failureMessages":[],"meta":{},"tags":[]},{"ancestorTitles":["canonical parser and row admission"],"fullName":"canonical parser and row admission rejects 63/64 sibling paths incompatible with admitted safe-integer trees","status":"passed","title":"rejects 63/64 sibling paths incompatible with admitted safe-integer trees","duration":0.3806659999999056,"failureMessages":[],"meta":{},"tags":[]},{"ancestorTitles":["canonical parser and row admission"],"fullName":"canonical parser and row admission rejects malformed JSON {\"a\":1,\"a\":2}","status":"passed","title":"rejects malformed JSON {\"a\":1,\"a\":2}","duration":1.018083000000047,"failureMessages":[],"meta":{},"tags":[]},{"ancestorTitles":["canonical parser and row admission"],"fullName":"canonical parser and row admission rejects malformed JSON {\"e\\u0301\":1,\"é\":2}","status":"passed","title":"rejects malformed JSON {\"e\\u0301\":1,\"é\":2}","duration":0.5905420000000277,"failureMessages":[],"meta":{},"tags":[]},{"ancestorTitles":["canonical parser and row admission"],"fullName":"canonical parser and row admission rejects malformed JSON {\"n\":9007199254740993}","status":"passed","title":"rejects malformed JSON {\"n\":9007199254740993}","duration":0.26279199999999037,"failureMessages":[],"meta":{},"tags":[]},{"ancestorTitles":["canonical parser and row admission"],"fullName":"canonical parser and row admission rejects malformed JSON {\"n\":1.5}","status":"passed","title":"rejects malformed JSON {\"n\":1.5}","duration":0.22212500000000546,"failureMessages":[],"meta":{},"tags":[]},{"ancestorTitles":["canonical parser and row admission"],"fullName":"canonical parser and row admission rejects malformed JSON [1,]","status":"passed","title":"rejects malformed JSON [1,]","duration":0.2735419999999067,"failureMessages":[],"meta":{},"tags":[]},{"ancestorTitles":["canonical parser and row admission"],"fullName":"canonical parser and row admission rejects malformed JSON {\"a\":1,}","status":"passed","title":"rejects malformed JSON {\"a\":1,}","duration":0.2795419999999922,"failureMessages":[],"meta":{},"tags":[]},{"ancestorTitles":["canonical parser and row admission"],"fullName":"canonical parser and row admission rejects malformed JSON true false","status":"passed","title":"rejects malformed JSON true false","duration":0.2986670000000231,"failureMessages":[],"meta":{},"tags":[]},{"ancestorTitles":["canonical parser and row admission"],"fullName":"canonical parser and row admission preserves integer-looking key ordering and exact large typed values","status":"passed","title":"preserves integer-looking key ordering and exact large typed values","duration":0.3912919999999076,"failureMessages":[],"meta":{},"tags":[]},{"ancestorTitles":["canonical parser and row admission"],"fullName":"canonical parser and row admission distinguishes missing, null, empty string and normalizes nested types","status":"passed","title":"distinguishes missing, null, empty string and normalizes nested types","duration":0.21620799999993778,"failureMessages":[],"meta":{},"tags":[]},{"ancestorTitles":["canonical parser and row admission"],"fullName":"canonical parser and row admission checks package content and sample hash without issuing a display handle","status":"passed","title":"checks package content and sample hash without issuing a display handle","duration":23.325207999999975,"failureMessages":[],"meta":{},"tags":[]}],"startTime":1789689287807,"endTime":1789689288170.3252,"status":"passed","message":"","name":"/private/var/tmp/koskadeux/minimal-bridge-worktrees/3cdeae8792ea-853fd0/lib/listing-preview/verifier.test.ts"}]}