{
  "numTotalTests": 879,
  "numPassedTests": 878,
  "numFailedTests": 1,
  "numPendingTests": 0,
  "numTotalTestSuites": 183,
  "startTime": 1789686951832,
  "success": false,
  "raw_sha256": "5223e6e235cf46f1c066c31832dcb4b05a4f11892ddceddf57e55607932ccc78",
  "failures": [
    {
      "file": "app/login/LoginForm.test.tsx",
      "name": "shares one flight between a manual click and subsequent hinted hydration",
      "status": "failed",
      "duration_ms": 117.13820900000019,
      "failure_first_line": "AssertionError: expected [] to deeply equal [ [ 'oauth_nonce', 'only-nonce' ] ]",
      "failure_sha256": "e29789a7f0bd0604f65286603f75a476565499ba276d124f66b8829e0b191206"
    }
  ],
  "assertions": [
    {
      "file": "middleware.test.ts",
      "name": "AI crawler middleware sends exactly one POST for GPTBot and returns next before the beacon settles",
      "status": "passed",
      "duration_ms": 15.82891600000005
    },
    {
      "file": "middleware.test.ts",
      "name": "AI crawler middleware does not send a beacon for Chrome",
      "status": "passed",
      "duration_ms": 3.0992499999999836
    },
    {
      "file": "middleware.test.ts",
      "name": "AI crawler middleware excludes /dashboard even for GPTBot",
      "status": "passed",
      "duration_ms": 11.50933299999997
    },
    {
      "file": "middleware.test.ts",
      "name": "AI crawler middleware excludes /listings-private even for GPTBot",
      "status": "passed",
      "duration_ms": 7.310834
    },
    {
      "file": "middleware.test.ts",
      "name": "AI crawler middleware excludes /requests-private even for GPTBot",
      "status": "passed",
      "duration_ms": 2.990415999999982
    },
    {
      "file": "middleware.test.ts",
      "name": "AI crawler middleware matches and reports public route /",
      "status": "passed",
      "duration_ms": 5.433374999999955
    },
    {
      "file": "middleware.test.ts",
      "name": "AI crawler middleware matches and reports public route /listings",
      "status": "passed",
      "duration_ms": 1.7079159999999547
    },
    {
      "file": "middleware.test.ts",
      "name": "AI crawler middleware matches and reports public route /listings/some-slug",
      "status": "passed",
      "duration_ms": 1.205791999999974
    },
    {
      "file": "middleware.test.ts",
      "name": "AI crawler middleware matches and reports public route /requests",
      "status": "passed",
      "duration_ms": 1.6778330000000778
    },
    {
      "file": "middleware.test.ts",
      "name": "AI crawler middleware matches and reports public route /requests/some-slug",
      "status": "passed",
      "duration_ms": 1.9242080000000215
    },
    {
      "file": "middleware.test.ts",
      "name": "AI crawler middleware matches and reports public route /llms.txt",
      "status": "passed",
      "duration_ms": 1.3365420000000086
    },
    {
      "file": "middleware.test.ts",
      "name": "AI crawler middleware matches and reports public route /llms-full.txt",
      "status": "passed",
      "duration_ms": 1.125458999999978
    },
    {
      "file": "middleware.test.ts",
      "name": "AI crawler middleware matches and reports public route /sitemap.xml",
      "status": "passed",
      "duration_ms": 0.9476250000000164
    },
    {
      "file": "middleware.test.ts",
      "name": "AI crawler middleware matches and reports public route /sitemap-listings.xml",
      "status": "passed",
      "duration_ms": 4.039625000000001
    },
    {
      "file": "middleware.test.ts",
      "name": "AI crawler middleware uses the server-side API URL fallback",
      "status": "passed",
      "duration_ms": 1.5997079999999642
    },
    {
      "file": "middleware.test.ts",
      "name": "AI crawler middleware skips the beacon when the key is missing",
      "status": "passed",
      "duration_ms": 1.223041999999964
    },
    {
      "file": "middleware.test.ts",
      "name": "AI crawler middleware skips the beacon when the base is missing",
      "status": "passed",
      "duration_ms": 1.6389580000000024
    },
    {
      "file": "middleware.test.ts",
      "name": "AI crawler middleware does not use the internal API key when the beacon key is unset",
      "status": "passed",
      "duration_ms": 1.231416999999965
    },
    {
      "file": "middleware.test.ts",
      "name": "AI crawler middleware swallows a rejected beacon",
      "status": "passed",
      "duration_ms": 3.880999999999972
    },
    {
      "file": "middleware.test.ts",
      "name": "AI crawler middleware swallows a synchronous fetch failure",
      "status": "passed",
      "duration_ms": 1.6596250000000055
    },
    {
      "file": "middleware.test.ts",
      "name": "AI crawler middleware preserves Keystatic header rewriting without a beacon",
      "status": "passed",
      "duration_ms": 2.337291999999934
    },
    {
      "file": "next.config.test.ts",
      "name": "next.config request discovery rewrites proxies root and well-known requests.txt when API URL is configured",
      "status": "passed",
      "duration_ms": 9.203291999999976
    },
    {
      "file": "next.config.test.ts",
      "name": "next.config request discovery rewrites uses localhost fallback for requests.txt outside production",
      "status": "passed",
      "duration_ms": 1.8066249999999968
    },
    {
      "file": "next.config.test.ts",
      "name": "next.config request discovery rewrites proxies the share card image to the backend when API URL is configured",
      "status": "passed",
      "duration_ms": 1.3196250000000305
    },
    {
      "file": "next.config.test.ts",
      "name": "next.config request discovery rewrites uses localhost fallback for the share card image outside production",
      "status": "passed",
      "duration_ms": 0.9499170000000277
    },
    {
      "file": "api/anonymousChat.test.ts",
      "name": "anonymous chat API lifecycle keeps createAnonymousSession backwards compatible when no options are supplied",
      "status": "passed",
      "duration_ms": 9.848582999999962
    },
    {
      "file": "api/anonymousChat.test.ts",
      "name": "anonymous chat API lifecycle cancels the reader, releases its lock, and removes the abort listener",
      "status": "passed",
      "duration_ms": 5.890541999999982
    },
    {
      "file": "api/auth.test.ts",
      "name": "auth register API defaults registrations to buyer while preserving the backend payload shape",
      "status": "passed",
      "duration_ms": 5.091000000000008
    },
    {
      "file": "api/auth.test.ts",
      "name": "auth reauthentication API uses the deployed /auth/reauth contract and preserves its token field",
      "status": "passed",
      "duration_ms": 2.560624999999959
    },
    {
      "file": "api/checkout.test.ts",
      "name": "createCheckout includes version_id when a version is selected",
      "status": "passed",
      "duration_ms": 6.502624999999966
    },
    {
      "file": "api/checkout.test.ts",
      "name": "createCheckout omits version_id for legacy/latest checkout",
      "status": "passed",
      "duration_ms": 1.4448750000000246
    },
    {
      "file": "api/client.test.ts",
      "name": "refreshAccessToken waits for Retry-After delta-seconds without retrying early",
      "status": "passed",
      "duration_ms": 26.07095800000002
    },
    {
      "file": "api/client.test.ts",
      "name": "refreshAccessToken parses Retry-After HTTP-date",
      "status": "passed",
      "duration_ms": 10.87804200000005
    },
    {
      "file": "api/client.test.ts",
      "name": "refreshAccessToken falls back to 60 seconds for invalid Retry-After",
      "status": "passed",
      "duration_ms": 7.131415999999945
    },
    {
      "file": "api/client.test.ts",
      "name": "refreshAccessToken falls back to 60 seconds for fractional numeric Retry-After",
      "status": "passed",
      "duration_ms": 5.807542000000012
    },
    {
      "file": "api/client.test.ts",
      "name": "refreshAccessToken falls back to 60 seconds for negative numeric Retry-After",
      "status": "passed",
      "duration_ms": 4.14104199999997
    },
    {
      "file": "api/client.test.ts",
      "name": "refreshAccessToken falls back to 60 seconds for explicitly positive numeric Retry-After",
      "status": "passed",
      "duration_ms": 3.6733330000000706
    },
    {
      "file": "api/client.test.ts",
      "name": "refreshAccessToken falls back to 60 seconds for missing Retry-After",
      "status": "passed",
      "duration_ms": 3.389250000000061
    },
    {
      "file": "api/client.test.ts",
      "name": "refreshAccessToken clamps zero Retry-After to the supported bound",
      "status": "passed",
      "duration_ms": 3.761833000000024
    },
    {
      "file": "api/client.test.ts",
      "name": "refreshAccessToken clamps above maximum Retry-After to the supported bound",
      "status": "passed",
      "duration_ms": 3.9683339999999134
    },
    {
      "file": "api/client.test.ts",
      "name": "refreshAccessToken keeps concurrent callers on one single-flight through the wait and retry",
      "status": "passed",
      "duration_ms": 5.0490839999999935
    },
    {
      "file": "api/client.test.ts",
      "name": "refreshAccessToken retries exactly once and treats a second 429 as transient",
      "status": "passed",
      "duration_ms": 3.90625
    },
    {
      "file": "api/client.test.ts",
      "name": "refreshAccessToken clears auth and redirects for terminal refresh 401",
      "status": "passed",
      "duration_ms": 3.5567089999999553
    },
    {
      "file": "api/client.test.ts",
      "name": "refreshAccessToken clears auth and redirects for terminal refresh 403",
      "status": "passed",
      "duration_ms": 2.72199999999998
    },
    {
      "file": "api/client.test.ts",
      "name": "refreshAccessToken clears auth without redirecting an anonymous visitor after a terminal 401",
      "status": "passed",
      "duration_ms": 3.524084000000016
    },
    {
      "file": "api/client.test.ts",
      "name": "refreshAccessToken preserves auth for transient network failure",
      "status": "passed",
      "duration_ms": 2.419332999999938
    },
    {
      "file": "api/client.test.ts",
      "name": "refreshAccessToken preserves auth for transient server failure",
      "status": "passed",
      "duration_ms": 2.3247499999999945
    },
    {
      "file": "api/client.test.ts",
      "name": "api client response handling rejects the transient refresh error without redirecting",
      "status": "passed",
      "duration_ms": 10.62991599999998
    },
    {
      "file": "api/connect.test.ts",
      "name": "Stripe Connect onboarding redirect redirects to hosted onboarding_url responses",
      "status": "passed",
      "duration_ms": 6.017749999999978
    },
    {
      "file": "api/connect.test.ts",
      "name": "Stripe Connect onboarding redirect redirects to legacy url responses",
      "status": "passed",
      "duration_ms": 0.7673340000000053
    },
    {
      "file": "api/connect.test.ts",
      "name": "Stripe Connect onboarding redirect rejects missing and invalid onboarding URLs",
      "status": "passed",
      "duration_ms": 2.7271670000000086
    },
    {
      "file": "api/connect.test.ts",
      "name": "Stripe Connect onboarding redirect identifies the 403 2FA detail used for the info toast branch",
      "status": "passed",
      "duration_ms": 1.2531660000000215
    },
    {
      "file": "api/connect.test.ts",
      "name": "Stripe Connect onboarding redirect does not classify other 403 responses as 2FA-required",
      "status": "passed",
      "duration_ms": 0.5867079999999874
    },
    {
      "file": "api/dataVerificationPayin.test.ts",
      "name": "dataVerificationPayin API uses authenticated api/client for the exact readiness URL",
      "status": "passed",
      "duration_ms": 9.48458400000004
    },
    {
      "file": "api/dataVerificationPayin.test.ts",
      "name": "dataVerificationPayin API sends the exact versioned setup body and reauth header",
      "status": "passed",
      "duration_ms": 2.715332999999987
    },
    {
      "file": "api/dataVerificationPayin.test.ts",
      "name": "dataVerificationPayin API accepts real RFC3339 UTC instants and rejects normalized impossible dates",
      "status": "passed",
      "duration_ms": 5.384250000000009
    },
    {
      "file": "api/dataVerificationPayin.test.ts",
      "name": "dataVerificationPayin API sends the exact versioned reconcile body and fresh reauth header",
      "status": "passed",
      "duration_ms": 1.9412499999999682
    },
    {
      "file": "api/dataVerificationPayin.test.ts",
      "name": "dataVerificationPayin API rejects wrong versions, unknown keys, invalid states, and inconsistent readiness booleans",
      "status": "passed",
      "duration_ms": 2.682666999999981
    },
    {
      "file": "api/dataVerificationPayin.test.ts",
      "name": "dataVerificationPayin API rejects prototype-chain readiness state names",
      "status": "passed",
      "duration_ms": 1.0730409999999893
    },
    {
      "file": "api/dataVerificationPayin.test.ts",
      "name": "dataVerificationPayin API accepts only opaque setup-attempt and Checkout-session identifiers",
      "status": "passed",
      "duration_ms": 1.5042499999999563
    },
    {
      "file": "api/dataVerificationPayin.test.ts",
      "name": "dataVerificationPayin API navigates exactly once through the top-level location boundary",
      "status": "passed",
      "duration_ms": 1.3997499999999832
    },
    {
      "file": "api/dataVerificationPayin.test.ts",
      "name": "dataVerificationPayin API classifies disabled and ineligible surfaces without exposing response details",
      "status": "passed",
      "duration_ms": 0.6838750000000005
    },
    {
      "file": "api/dataVerificationPayin.test.ts",
      "name": "dataVerificationPayin API never imports the public lib/api transport",
      "status": "passed",
      "duration_ms": 1.792209000000014
    },
    {
      "file": "api/listings.test.ts",
      "name": "getMarketplaceCategoryFacets returns facets.categories from the public search payload",
      "status": "passed",
      "duration_ms": 7.275458000000015
    },
    {
      "file": "api/listings.test.ts",
      "name": "getMarketplaceCategoryFacets fails when the search payload has no category facet data",
      "status": "passed",
      "duration_ms": 2.250583000000006
    },
    {
      "file": "api/notifications.test.ts",
      "name": "notifications API requests the notification list with its filters",
      "status": "passed",
      "duration_ms": 4.568707999999958
    },
    {
      "file": "api/notifications.test.ts",
      "name": "notifications API requests the unread notification count",
      "status": "passed",
      "duration_ms": 0.40837499999997817
    },
    {
      "file": "api/orders.workspace.test.ts",
      "name": "displays list amounts from backend cents while preserving legacy amounts and purchase access",
      "status": "passed",
      "duration_ms": 5.830833999999982
    },
    {
      "file": "api/orders.workspace.test.ts",
      "name": "uses the stored purchase title and cents for Workspace order display",
      "status": "passed",
      "duration_ms": 3.441291999999976
    },
    {
      "file": "api/seller.test.ts",
      "name": "seller API passes the Awaiting delivery query to seller orders",
      "status": "passed",
      "duration_ms": 6.1884169999999585
    },
    {
      "file": "api/seller.test.ts",
      "name": "seller API omits status_filter for All",
      "status": "passed",
      "duration_ms": 2.133624999999995
    },
    {
      "file": "api/seller.test.ts",
      "name": "seller API requests typed seller stats",
      "status": "passed",
      "duration_ms": 1.880790999999988
    },
    {
      "file": "api/sellerListingAssistant.test.ts",
      "name": "reuses the request identity after an unknown response and uses a new identity after success",
      "status": "passed",
      "duration_ms": 8.95029199999999
    },
    {
      "file": "api/sellerListingAssistant.test.ts",
      "name": "does not discard a newer retry identity when an older response arrives",
      "status": "passed",
      "duration_ms": 1.3079589999999826
    },
    {
      "file": "api/sellerListingPublication.test.ts",
      "name": "publishes only the approval binding and stable request identity",
      "status": "passed",
      "duration_ms": 6.006458000000009
    },
    {
      "file": "api/sellerListingPublication.test.ts",
      "name": "refuses a receipt from a different approved render",
      "status": "passed",
      "duration_ms": 2.141208000000006
    },
    {
      "file": "api/sellerListingPublication.test.ts",
      "name": "rejects a page for a different request and ignores cancelled responses",
      "status": "passed",
      "duration_ms": 1.8125420000000076
    },
    {
      "file": "api/sellerListingPublication.test.ts",
      "name": "checks that visibility changes return the same immutable listing",
      "status": "passed",
      "duration_ms": 1.1297500000000014
    },
    {
      "file": "api/sellerListingReview.test.ts",
      "name": "returns only the exact render whose digest was prepared by the backend",
      "status": "passed",
      "duration_ms": 8.241790999999978
    },
    {
      "file": "api/sellerListingReview.test.ts",
      "name": "rejects changed, unsupported or unbounded rendered reviews",
      "status": "passed",
      "duration_ms": 1.5462079999999787
    },
    {
      "file": "api/sellerListingReview.test.ts",
      "name": "rejects changed, unsupported or unbounded rendered reviews",
      "status": "passed",
      "duration_ms": 0.33987500000000637
    },
    {
      "file": "api/sellerListingReview.test.ts",
      "name": "rejects changed, unsupported or unbounded rendered reviews",
      "status": "passed",
      "duration_ms": 0.223083000000031
    },
    {
      "file": "api/sellerListingReview.test.ts",
      "name": "rejects changed, unsupported or unbounded rendered reviews",
      "status": "passed",
      "duration_ms": 0.26074999999997317
    },
    {
      "file": "api/sellerListingReview.test.ts",
      "name": "does not return a render after navigation cancels the request",
      "status": "passed",
      "duration_ms": 1.047124999999994
    },
    {
      "file": "api/sellerListingReview.test.ts",
      "name": "sends only exact review identities and explicit confirmations, never source or HTML payloads",
      "status": "passed",
      "duration_ms": 1.079999999999984
    },
    {
      "file": "api/sellerListingReview.test.ts",
      "name": "accepts a bounded first page for the full 22,000-file review",
      "status": "passed",
      "duration_ms": 1.3206250000000068
    },
    {
      "file": "api/sellerListingReview.test.ts",
      "name": "refuses a mismatched or incomplete subsequent page: {\"source_hash\":\"cccccccccccccccccccccccccccccccccccccccccccccccccccccccccccccccc\"}",
      "status": "passed",
      "duration_ms": 1.0125409999999988
    },
    {
      "file": "api/sellerListingReview.test.ts",
      "name": "refuses a mismatched or incomplete subsequent page: {\"source_version\":2}",
      "status": "passed",
      "duration_ms": 0.9259999999999877
    },
    {
      "file": "api/sellerListingReview.test.ts",
      "name": "refuses a mismatched or incomplete subsequent page: {\"review_hash\":\"cccccccccccccccccccccccccccccccccccccccccccccccccccccccccccccccc\"}",
      "status": "passed",
      "duration_ms": 1.0422080000000165
    },
    {
      "file": "api/sellerListingReview.test.ts",
      "name": "refuses a mismatched or incomplete subsequent page: {\"total_count\":21999}",
      "status": "passed",
      "duration_ms": 0.9884579999999801
    },
    {
      "file": "api/sellerListingReview.test.ts",
      "name": "refuses a mismatched or incomplete subsequent page: {\"total_size_bytes\":21999}",
      "status": "passed",
      "duration_ms": 0.6849169999999845
    },
    {
      "file": "api/sellerListingReview.test.ts",
      "name": "refuses a mismatched or incomplete subsequent page: {\"offset\":51}",
      "status": "passed",
      "duration_ms": 0.6639999999999873
    },
    {
      "file": "api/sellerListingReview.test.ts",
      "name": "refuses a mismatched or incomplete subsequent page: {\"files\":[]}",
      "status": "passed",
      "duration_ms": 0.37945799999999963
    },
    {
      "file": "api/sellerListingReview.test.ts",
      "name": "refuses a mismatched or incomplete subsequent page: {\"next_cursor\":null}",
      "status": "passed",
      "duration_ms": 0.44274999999998954
    },
    {
      "file": "api/sellerListingReview.test.ts",
      "name": "refuses a mismatched or incomplete subsequent page: {\"files\":[{\"key\":\"private/0.csv\",\"size\":1,\"etag\":\"e\",\"version_id\":null},{\"key\":\"private/0.csv\",\"size\":1,\"etag\":\"e\",\"version_id\":null}]}",
      "status": "passed",
      "duration_ms": 0.3422919999999863
    },
    {
      "file": "api/sellerListingReview.test.ts",
      "name": "refuses a mismatched or incomplete subsequent page: {\"page_size\":50001}",
      "status": "passed",
      "duration_ms": 0.31241600000004155
    },
    {
      "file": "api/sellerListingReview.test.ts",
      "name": "requests one cursor-bound page and refuses a cancelled response",
      "status": "passed",
      "duration_ms": 1.747000000000014
    },
    {
      "file": "api/sellerWorkspace.test.ts",
      "name": "Seller Workspace capability truth does not enable profiling from connect availability or contradictory flags",
      "status": "passed",
      "duration_ms": 4.435083999999961
    },
    {
      "file": "api/sellerWorkspace.test.ts",
      "name": "Seller Workspace capability truth does not require profiling for source discovery or infer discovery from profiling",
      "status": "passed",
      "duration_ms": 0.8836250000000518
    },
    {
      "file": "api/sellerWorkspace.test.ts",
      "name": "Seller Workspace capability truth uses only the frozen capability endpoint",
      "status": "passed",
      "duration_ms": 4.73395899999997
    },
    {
      "file": "api/sellerWorkspace.test.ts",
      "name": "Seller Workspace capability truth defaults off unless both master and AWS connect are explicitly available",
      "status": "passed",
      "duration_ms": 0.9148329999999874
    },
    {
      "file": "api/sellerWorkspace.test.ts",
      "name": "Seller Workspace frozen routes passes object scope and opaque cursor as query parameters",
      "status": "passed",
      "duration_ms": 1.8370419999999967
    },
    {
      "file": "api/sellerWorkspace.test.ts",
      "name": "Seller Workspace frozen routes binds cancellation to the observed job version and idempotency key",
      "status": "passed",
      "duration_ms": 0.8012079999999742
    },
    {
      "file": "api/sellerWorkspace.test.ts",
      "name": "Seller Workspace frozen routes lists connections and retrieves open authorization without mutation headers",
      "status": "passed",
      "duration_ms": 1.1847499999999513
    },
    {
      "file": "api/sellerWorkspace.test.ts",
      "name": "Seller Workspace frozen routes sends a safe Idempotency-Key on every mutation and never sends principal or ExternalId",
      "status": "passed",
      "duration_ms": 2.0405830000000265
    },
    {
      "file": "api/sellerWorkspace.test.ts",
      "name": "Seller Workspace frozen routes generates a backend-safe collision-resistant idempotency key",
      "status": "passed",
      "duration_ms": 2.4180829999999673
    },
    {
      "file": "api/sellerWorkspace.test.ts",
      "name": "Seller Workspace frozen routes rejects unsafe caller-provided idempotency keys before any mutation",
      "status": "passed",
      "duration_ms": 1.4920830000000365
    },
    {
      "file": "api/sellerWorkspace.test.ts",
      "name": "Seller Workspace safe errors reduces status 403 to a safe code",
      "status": "passed",
      "duration_ms": 3.1622919999999795
    },
    {
      "file": "api/sellerWorkspace.test.ts",
      "name": "Seller Workspace safe errors reduces status 409 to a safe code",
      "status": "passed",
      "duration_ms": 0.980083000000036
    },
    {
      "file": "api/sellerWorkspace.test.ts",
      "name": "Seller Workspace safe errors reduces status 422 to a safe code",
      "status": "passed",
      "duration_ms": 0.4975420000000099
    },
    {
      "file": "api/sellerWorkspace.test.ts",
      "name": "Seller Workspace safe errors reduces status 422 to a safe code",
      "status": "passed",
      "duration_ms": 0.6663749999999595
    },
    {
      "file": "api/sellerWorkspace.test.ts",
      "name": "Seller Workspace safe errors reduces status 503 to a safe code",
      "status": "passed",
      "duration_ms": 0.8940000000000055
    },
    {
      "file": "api/sellerWorkspace.test.ts",
      "name": "Seller Workspace safe errors reduces status 503 to a safe code",
      "status": "passed",
      "duration_ms": 1.016666999999984
    },
    {
      "file": "api/sellerWorkspaceDownload.test.ts",
      "name": "accepts the fixed R2  endpoint",
      "status": "passed",
      "duration_ms": 6.411624999999958
    },
    {
      "file": "api/sellerWorkspaceDownload.test.ts",
      "name": "accepts the fixed R2 eu. endpoint",
      "status": "passed",
      "duration_ms": 1.0905830000000378
    },
    {
      "file": "api/sellerWorkspaceDownload.test.ts",
      "name": "accepts the fixed R2 us. endpoint",
      "status": "passed",
      "duration_ms": 0.44299999999998363
    },
    {
      "file": "api/sellerWorkspaceDownload.test.ts",
      "name": "accepts the fixed R2 fedramp. endpoint",
      "status": "passed",
      "duration_ms": 0.4107500000000073
    },
    {
      "file": "api/sellerWorkspaceDownload.test.ts",
      "name": "rejects unapproved R2 host evil.r2.cloudflarestorage.com",
      "status": "passed",
      "duration_ms": 1.4808750000000828
    },
    {
      "file": "api/sellerWorkspaceDownload.test.ts",
      "name": "rejects unapproved R2 host dddddddddddddddddddddddddddddddd.r2.cloudflarestorage.com.evil.example",
      "status": "passed",
      "duration_ms": 0.4565420000000131
    },
    {
      "file": "api/sellerWorkspaceDownload.test.ts",
      "name": "rejects unapproved R2 host dddddddddddddddddddddddddddddddd.evil.r2.cloudflarestorage.com",
      "status": "passed",
      "duration_ms": 0.34020799999996143
    },
    {
      "file": "api/sellerWorkspaceDownload.test.ts",
      "name": "waits for 429 then retries the same file in the same session without allocating another download",
      "status": "passed",
      "duration_ms": 10.709208999999987
    },
    {
      "file": "api/sellerWorkspaceDownload.test.ts",
      "name": "cancels a pending wait without another request",
      "status": "passed",
      "duration_ms": 6.43100000000004
    },
    {
      "file": "api/sellerWorkspaceDownload.test.ts",
      "name": "stops after three rate retries",
      "status": "passed",
      "duration_ms": 1.4655830000000378
    },
    {
      "file": "api/sellerWorkspaceDownload.test.ts",
      "name": "does not replay a 403 response",
      "status": "passed",
      "duration_ms": 0.5465000000000373
    },
    {
      "file": "api/sellerWorkspaceDownload.test.ts",
      "name": "does not replay a 404 response",
      "status": "passed",
      "duration_ms": 0.18037500000002638
    },
    {
      "file": "api/sellerWorkspaceDownload.test.ts",
      "name": "does not replay a 409 response",
      "status": "passed",
      "duration_ms": 0.18999999999994088
    },
    {
      "file": "api/sellerWorkspaceDownload.test.ts",
      "name": "does not replay a 503 response",
      "status": "passed",
      "duration_ms": 0.5021659999999883
    },
    {
      "file": "api/sellerWorkspaceDownload.test.ts",
      "name": "does not shorten or guess unsupported Retry-After 120",
      "status": "passed",
      "duration_ms": 0.5272919999999885
    },
    {
      "file": "api/sellerWorkspaceDownload.test.ts",
      "name": "does not shorten or guess unsupported Retry-After nonsense",
      "status": "passed",
      "duration_ms": 0.19420900000000074
    },
    {
      "file": "api/sellerWorkspaceDownload.test.ts",
      "name": "does not shorten or guess unsupported Retry-After -1",
      "status": "passed",
      "duration_ms": 0.16687500000000455
    },
    {
      "file": "api/sellerWorkspaceDownload.test.ts",
      "name": "honors an HTTP-date Retry-After",
      "status": "passed",
      "duration_ms": 1.1219170000000531
    },
    {
      "file": "app/page.test.tsx",
      "name": "homepage buyer requests server-renders three genuine requests as live buyer demand",
      "status": "passed",
      "duration_ms": 90.62370899999996
    },
    {
      "file": "app/page.test.tsx",
      "name": "homepage buyer requests shows an invitation without claiming live demand below three requests",
      "status": "passed",
      "duration_ms": 4.043000000000006
    },
    {
      "file": "app/page.test.tsx",
      "name": "homepage buyer requests keeps the homepage available when the request feed is unavailable",
      "status": "passed",
      "duration_ms": 4.9513749999999845
    },
    {
      "file": "app/sitemap.test.ts",
      "name": "sitemap appends request pages without removing listing pages",
      "status": "passed",
      "duration_ms": 23.179332999999986
    },
    {
      "file": "app/sitemap.test.ts",
      "name": "sitemap redirects legacy download root and suffix URLs to AIM Data without dropping attribution",
      "status": "passed",
      "duration_ms": 10.674125000000004
    },
    {
      "file": "hooks/useSearchListings.test.ts",
      "name": "filterDiscoverableItems pins unlisted listings as hidden from browse/search surfaces",
      "status": "passed",
      "duration_ms": 6.764250000000004
    },
    {
      "file": "components/BuyButton.test.tsx",
      "name": "SignedOutPurchase keeps Buy Now available and explains that sign-in does not charge the buyer",
      "status": "passed",
      "duration_ms": 53.4682499999999
    },
    {
      "file": "components/BuyButton.test.tsx",
      "name": "SignedOutPurchase previews known purchase facts and omits unavailable facts",
      "status": "passed",
      "duration_ms": 3.5380830000000287
    },
    {
      "file": "components/InquiryWidget.test.tsx",
      "name": "InquiryWidget creates an anonymous session, sends listing context, and renders streamed deltas",
      "status": "passed",
      "duration_ms": 374.93816700000025
    },
    {
      "file": "components/InquiryWidget.test.tsx",
      "name": "InquiryWidget drops a cached session after a message 404 and creates a fresh session on retry",
      "status": "passed",
      "duration_ms": 62.89687499999991
    },
    {
      "file": "components/InquiryWidget.test.tsx",
      "name": "InquiryWidget shows an actionable still-working state after eight seconds and resets on completion",
      "status": "passed",
      "duration_ms": 69.27037500000006
    },
    {
      "file": "components/InquiryWidget.test.tsx",
      "name": "InquiryWidget keeps the anonymous wait label and notice coherent through an auth hydration flip",
      "status": "passed",
      "duration_ms": 50.264624999999796
    },
    {
      "file": "components/InquiryWidget.test.tsx",
      "name": "InquiryWidget keeps a completed anonymous thread visible when auth hydrates mid-attempt",
      "status": "passed",
      "duration_ms": 37.00404199999957
    },
    {
      "file": "components/InquiryWidget.test.tsx",
      "name": "InquiryWidget ends an anonymous attempt at exactly 45 seconds with retry and sign-in recovery",
      "status": "passed",
      "duration_ms": 60.796540999999706
    },
    {
      "file": "components/InquiryWidget.test.tsx",
      "name": "InquiryWidget preserves a nonempty textarea edit rather than the submitted snapshot on timeout sign-in",
      "status": "passed",
      "duration_ms": 40.54212499999994
    },
    {
      "file": "components/InquiryWidget.test.tsx",
      "name": "InquiryWidget retries with a new session after session creation itself reaches the deadline",
      "status": "passed",
      "duration_ms": 53.54358299999967
    },
    {
      "file": "components/InquiryWidget.test.tsx",
      "name": "InquiryWidget accepts a successful anonymous response immediately before the overall deadline",
      "status": "passed",
      "duration_ms": 34.306290999999874
    },
    {
      "file": "components/InquiryWidget.test.tsx",
      "name": "InquiryWidget does not let a cleared deadline from an ordinary error abort a retry",
      "status": "passed",
      "duration_ms": 47.53670899999997
    },
    {
      "file": "components/InquiryWidget.test.tsx",
      "name": "InquiryWidget shows only the timeout recovery CTA after a successful attempt then a timed-out attempt",
      "status": "passed",
      "duration_ms": 55.93120799999997
    },
    {
      "file": "components/InquiryWidget.test.tsx",
      "name": "InquiryWidget resets the anonymous wait state when a terminal error arrives after eight seconds",
      "status": "passed",
      "duration_ms": 38.97683300000017
    },
    {
      "file": "components/InquiryWidget.test.tsx",
      "name": "InquiryWidget cleans up without stale timers or state warnings when unmounted before the wait fires",
      "status": "passed",
      "duration_ms": 20.43679199999997
    },
    {
      "file": "components/InquiryWidget.test.tsx",
      "name": "InquiryWidget cleans up without stale timers or state warnings when unmounted after the wait fires",
      "status": "passed",
      "duration_ms": 20.144958000000315
    },
    {
      "file": "components/InquiryWidget.test.tsx",
      "name": "InquiryWidget cancels and releases a pending SSE reader without stale updates on unmount",
      "status": "passed",
      "duration_ms": 127.79308400000036
    },
    {
      "file": "components/InquiryWidget.test.tsx",
      "name": "InquiryWidget keeps authenticated submission on the existing inquiry path",
      "status": "passed",
      "duration_ms": 31.160083000000213
    },
    {
      "file": "components/InquiryWidget.test.tsx",
      "name": "InquiryWidget keeps an authenticated mediation rejection visible after submission ends",
      "status": "passed",
      "duration_ms": 27.76287500000035
    },
    {
      "file": "components/InquiryWidget.test.tsx",
      "name": "InquiryWidget uses a safe fallback for structured validation details",
      "status": "passed",
      "duration_ms": 21.769999999999982
    },
    {
      "file": "components/InquiryWidget.test.tsx",
      "name": "InquiryWidget surfaces an anonymous failure and preserves the typed question",
      "status": "passed",
      "duration_ms": 24.441833000000315
    },
    {
      "file": "components/Layout.test.tsx",
      "name": "Layout registration links restores a validated listing redirect from both desktop and mobile terms Sign up actions",
      "status": "passed",
      "duration_ms": 433.10349999999994
    },
    {
      "file": "components/Layout.test.tsx",
      "name": "Layout registration links keeps both terms Sign up actions generic for an ordinary terms visit",
      "status": "passed",
      "duration_ms": 122.68833399999994
    },
    {
      "file": "components/Layout.test.tsx",
      "name": "Layout registration links keeps both terms Sign up actions generic for an external redirect",
      "status": "passed",
      "duration_ms": 101.53208399999994
    },
    {
      "file": "components/Layout.test.tsx",
      "name": "Layout registration links keeps both terms Sign up actions generic for a protocol-relative redirect",
      "status": "passed",
      "duration_ms": 87.83262500000001
    },
    {
      "file": "components/Layout.test.tsx",
      "name": "Layout registration links keeps both terms Sign up actions generic for a malformed redirect",
      "status": "passed",
      "duration_ms": 102.31420799999978
    },
    {
      "file": "components/Layout.test.tsx",
      "name": "Layout registration links keeps both terms Sign up actions generic for a valid non-listing redirect",
      "status": "passed",
      "duration_ms": 112.7200829999997
    },
    {
      "file": "components/Layout.test.tsx",
      "name": "Layout registration links keeps both terms Sign up actions generic for a non-detail listing redirect",
      "status": "passed",
      "duration_ms": 84.43954099999974
    },
    {
      "file": "components/Layout.test.tsx",
      "name": "Layout registration links keeps both terms Sign up actions generic for a nested listing path",
      "status": "passed",
      "duration_ms": 82.79012499999999
    },
    {
      "file": "components/Layout.test.tsx",
      "name": "Layout registration links keeps global Sign up actions generic on the exact path /pricing",
      "status": "passed",
      "duration_ms": 81.00145900000007
    },
    {
      "file": "components/Layout.test.tsx",
      "name": "Layout registration links keeps global Sign up actions generic on the exact path /legal/terms/accept",
      "status": "passed",
      "duration_ms": 84.6421250000003
    },
    {
      "file": "components/Layout.test.tsx",
      "name": "Layout registration links keeps global Sign up actions generic on the exact path /legal/terms/",
      "status": "passed",
      "duration_ms": 82.44162499999993
    },
    {
      "file": "components/ListingPurchaseAdvisory.test.tsx",
      "name": "ListingPurchaseAdvisory does not render on a free listing",
      "status": "passed",
      "duration_ms": 12.345292000000029
    },
    {
      "file": "components/ListingPurchaseAdvisory.test.tsx",
      "name": "ListingPurchaseAdvisory states honestly when no active findings are published",
      "status": "passed",
      "duration_ms": 6.9775000000000205
    },
    {
      "file": "components/ListingPurchaseAdvisory.test.tsx",
      "name": "ListingPurchaseAdvisory describes published findings as point-in-time and not a guarantee",
      "status": "passed",
      "duration_ms": 0.9386250000000018
    },
    {
      "file": "components/ListingPurchaseAdvisory.test.tsx",
      "name": "ListingPurchaseAdvisory does not treat a withdrawal marker as active findings",
      "status": "passed",
      "duration_ms": 0.7029580000000237
    },
    {
      "file": "components/ListingPurchasePanel.test.tsx",
      "name": "VersionSelector renders a single active version with metadata",
      "status": "passed",
      "duration_ms": 65.375
    },
    {
      "file": "components/ListingPurchasePanel.test.tsx",
      "name": "VersionSelector defaults to the latest active version and keeps superseded versions visible",
      "status": "passed",
      "duration_ms": 3.3560830000000124
    },
    {
      "file": "components/ListingPurchasePanel.test.tsx",
      "name": "VersionSelector hides quarantined versions defensively",
      "status": "passed",
      "duration_ms": 3.052958999999987
    },
    {
      "file": "components/ListingPurchasePanel.test.tsx",
      "name": "VersionSelector honors an explicit selected superseded version without making it latest",
      "status": "passed",
      "duration_ms": 0.26575000000002547
    },
    {
      "file": "components/NotificationCenter.test.tsx",
      "name": "NotificationList renders support ticket notification types and read/unread states",
      "status": "passed",
      "duration_ms": 62.104791999999975
    },
    {
      "file": "components/NotificationCenter.test.tsx",
      "name": "NotificationList routes support ticket notification clicks to allAI instead of the portal URL",
      "status": "passed",
      "duration_ms": 1.8911659999999983
    },
    {
      "file": "components/NotificationCenter.test.tsx",
      "name": "NotificationList keeps generic notification links routable",
      "status": "passed",
      "duration_ms": 0.6700000000000728
    },
    {
      "file": "components/SellDataCta.test.tsx",
      "name": "SellDataCta keeps registration for signed-out hero CTAs",
      "status": "passed",
      "duration_ms": 246.26208300000008
    },
    {
      "file": "components/SellDataCta.test.tsx",
      "name": "SellDataCta keeps registration for signed-out inline CTAs",
      "status": "passed",
      "duration_ms": 14.864708000000064
    },
    {
      "file": "components/SellDataCta.test.tsx",
      "name": "SellDataCta keeps registration for signed-out final CTAs",
      "status": "passed",
      "duration_ms": 19.514165999999932
    },
    {
      "file": "components/SellDataCta.test.tsx",
      "name": "SellDataCta keeps the existing final-section copy when unauthenticated",
      "status": "passed",
      "duration_ms": 25.096624999999904
    },
    {
      "file": "components/SellDataCta.test.tsx",
      "name": "SellDataCta renders seller paths and authenticated final-section copy without a registration link",
      "status": "passed",
      "duration_ms": 26.340875000000324
    },
    {
      "file": "components/SellDataCta.test.tsx",
      "name": "SellDataCta offers both paths in the authenticated inline variant",
      "status": "passed",
      "duration_ms": 19.760499999999865
    },
    {
      "file": "components/SellDataCta.test.tsx",
      "name": "SellDataCta keeps the how-it-works anchor in the authenticated hero variant",
      "status": "passed",
      "duration_ms": 19.742999999999938
    },
    {
      "file": "components/TwoFactorChallenge.test.tsx",
      "name": "TwoFactorChallenge countdown helpers computes remaining time from an absolute expiry timestamp",
      "status": "passed",
      "duration_ms": 3.2159169999999904
    },
    {
      "file": "components/TwoFactorChallenge.test.tsx",
      "name": "TwoFactorChallenge countdown helpers clamps expired sessions to 0 and formats mm:ss",
      "status": "passed",
      "duration_ms": 0.6029160000000502
    },
    {
      "file": "lib/aiBot.test.ts",
      "name": "detectAiBot detects GPTBot case-insensitively within a user agent",
      "status": "passed",
      "duration_ms": 4.298999999999978
    },
    {
      "file": "lib/aiBot.test.ts",
      "name": "detectAiBot detects OAI-SearchBot case-insensitively within a user agent",
      "status": "passed",
      "duration_ms": 0.3647910000000252
    },
    {
      "file": "lib/aiBot.test.ts",
      "name": "detectAiBot detects ChatGPT-User case-insensitively within a user agent",
      "status": "passed",
      "duration_ms": 0.2509170000000154
    },
    {
      "file": "lib/aiBot.test.ts",
      "name": "detectAiBot detects ClaudeBot case-insensitively within a user agent",
      "status": "passed",
      "duration_ms": 0.44258300000001327
    },
    {
      "file": "lib/aiBot.test.ts",
      "name": "detectAiBot detects Claude-Web case-insensitively within a user agent",
      "status": "passed",
      "duration_ms": 0.431083000000001
    },
    {
      "file": "lib/aiBot.test.ts",
      "name": "detectAiBot detects Anthropic-AI case-insensitively within a user agent",
      "status": "passed",
      "duration_ms": 0.29604100000000244
    },
    {
      "file": "lib/aiBot.test.ts",
      "name": "detectAiBot detects PerplexityBot case-insensitively within a user agent",
      "status": "passed",
      "duration_ms": 0.285082999999986
    },
    {
      "file": "lib/aiBot.test.ts",
      "name": "detectAiBot detects Perplexity-User case-insensitively within a user agent",
      "status": "passed",
      "duration_ms": 0.35745800000000827
    },
    {
      "file": "lib/aiBot.test.ts",
      "name": "detectAiBot detects Google-Extended case-insensitively within a user agent",
      "status": "passed",
      "duration_ms": 0.5098749999999654
    },
    {
      "file": "lib/aiBot.test.ts",
      "name": "detectAiBot detects Cohere-AI case-insensitively within a user agent",
      "status": "passed",
      "duration_ms": 0.4387919999999781
    },
    {
      "file": "lib/aiBot.test.ts",
      "name": "detectAiBot detects Meta-ExternalAgent case-insensitively within a user agent",
      "status": "passed",
      "duration_ms": 0.2512500000000273
    },
    {
      "file": "lib/aiBot.test.ts",
      "name": "detectAiBot ignores non-AI user agent null",
      "status": "passed",
      "duration_ms": 0.2178750000000491
    },
    {
      "file": "lib/aiBot.test.ts",
      "name": "detectAiBot ignores non-AI user agent ",
      "status": "passed",
      "duration_ms": 0.14845900000000256
    },
    {
      "file": "lib/aiBot.test.ts",
      "name": "detectAiBot ignores non-AI user agent Mozilla/5.0 Chrome/130.0.0.0 Safari/537.36",
      "status": "passed",
      "duration_ms": 0.147041999999999
    },
    {
      "file": "lib/aiBot.test.ts",
      "name": "detectAiBot ignores non-AI user agent Googlebot",
      "status": "passed",
      "duration_ms": 0.13283300000000509
    },
    {
      "file": "lib/aiBot.test.ts",
      "name": "detectAiBot ignores non-AI user agent bingbot",
      "status": "passed",
      "duration_ms": 0.11733399999997118
    },
    {
      "file": "lib/api.summary.test.ts",
      "name": "uses all four owner routes, encodes IDs and sends exact bodies and abort signals",
      "status": "passed",
      "duration_ms": 14.47591600000004
    },
    {
      "file": "lib/api.summary.test.ts",
      "name": "fetches public summaries without browser caching or credentials and omits absent summaries",
      "status": "passed",
      "duration_ms": 6.1442499999999995
    },
    {
      "file": "lib/api.test.ts",
      "name": "fetchPublicListing bypasses the Next data cache for the mutable public scan projection",
      "status": "passed",
      "duration_ms": 10.81450000000001
    },
    {
      "file": "lib/marketplaceCategories.test.ts",
      "name": "getMarketplaceCategories keeps only categories with public inventory and preserves their counts",
      "status": "passed",
      "duration_ms": 5.3932080000000155
    },
    {
      "file": "lib/marketplaceCategories.test.ts",
      "name": "getMarketplaceCategories uses the one full static catalog when facet data is unavailable",
      "status": "passed",
      "duration_ms": 1.6272910000000138
    },
    {
      "file": "lib/marketplaceCategories.test.ts",
      "name": "getMarketplaceCategories does not render categories whose available facet count is zero",
      "status": "passed",
      "duration_ms": 0.3004579999999919
    },
    {
      "file": "lib/redirect.test.ts",
      "name": "validateRedirect validates the payment-method return path with its query intact",
      "status": "passed",
      "duration_ms": 3.488458000000037
    },
    {
      "file": "lib/redirect.test.ts",
      "name": "validateListingRedirect accepts a single listing detail with a query and fragment",
      "status": "passed",
      "duration_ms": 1.1765829999999937
    },
    {
      "file": "lib/redirect.test.ts",
      "name": "validateListingRedirect rejects a decoded TAB anywhere in the redirect",
      "status": "passed",
      "duration_ms": 0.4712499999999977
    },
    {
      "file": "lib/redirect.test.ts",
      "name": "validateListingRedirect rejects a decoded NUL anywhere in the redirect",
      "status": "passed",
      "duration_ms": 0.3774579999999901
    },
    {
      "file": "lib/redirect.test.ts",
      "name": "validateListingRedirect rejects a decoded C0 control anywhere in the redirect",
      "status": "passed",
      "duration_ms": 0.24041699999997945
    },
    {
      "file": "lib/redirect.test.ts",
      "name": "validateListingRedirect rejects a decoded DEL anywhere in the redirect",
      "status": "passed",
      "duration_ms": 0.23270899999999983
    },
    {
      "file": "lib/redirect.test.ts",
      "name": "validateListingRedirect rejects a decoded C1 control anywhere in the redirect",
      "status": "passed",
      "duration_ms": 0.540916999999979
    },
    {
      "file": "lib/redirect.test.ts",
      "name": "validateListingRedirect rejects a decoded CRLF anywhere in the redirect",
      "status": "passed",
      "duration_ms": 0.3116669999999999
    },
    {
      "file": "lib/redirect.test.ts",
      "name": "validateListingRedirect rejects a decoded Unicode line separator anywhere in the redirect",
      "status": "passed",
      "duration_ms": 0.3900830000000042
    },
    {
      "file": "lib/redirect.test.ts",
      "name": "validateListingRedirect rejects a decoded Unicode paragraph separator anywhere in the redirect",
      "status": "passed",
      "duration_ms": 0.32345800000001645
    },
    {
      "file": "lib/redirect.test.ts",
      "name": "validateListingRedirect rejects malformed encoding",
      "status": "passed",
      "duration_ms": 0.5358339999999657
    },
    {
      "file": "lib/redirect.test.ts",
      "name": "validateListingRedirect rejects protocol-relative URL",
      "status": "passed",
      "duration_ms": 0.38466600000003837
    },
    {
      "file": "lib/redirect.test.ts",
      "name": "validateListingRedirect rejects external URL",
      "status": "passed",
      "duration_ms": 0.14858300000003055
    },
    {
      "file": "lib/redirect.test.ts",
      "name": "validateListingRedirect rejects backslash",
      "status": "passed",
      "duration_ms": 0.1499170000000163
    },
    {
      "file": "lib/redirect.test.ts",
      "name": "validateListingRedirect rejects nested listing route",
      "status": "passed",
      "duration_ms": 0.13333399999999074
    },
    {
      "file": "store/auth.test.ts",
      "name": "auth store login-time 2FA detects a challenge, stores only pending 2FA state, and withholds auth",
      "status": "passed",
      "duration_ms": 14.151291000000015
    },
    {
      "file": "store/auth.test.ts",
      "name": "auth store login-time 2FA completes the same session path after successful 2FA verification",
      "status": "passed",
      "duration_ms": 3.0667910000000234
    },
    {
      "file": "store/auth.test.ts",
      "name": "auth store login-time 2FA keeps the challenge open and returns an inline-error reason on 400",
      "status": "passed",
      "duration_ms": 2.0352909999999724
    },
    {
      "file": "store/auth.test.ts",
      "name": "auth store login-time 2FA clears the challenge and signals return to login on 401",
      "status": "passed",
      "duration_ms": 1.152417000000014
    },
    {
      "file": "store/auth.test.ts",
      "name": "auth store login-time 2FA uses completeSession parity for magic link and OAuth token responses",
      "status": "passed",
      "duration_ms": 1.049250000000029
    },
    {
      "file": "store/auth.test.ts",
      "name": "auth store login-time 2FA resolves registration after the backend creates the account without auto-login",
      "status": "passed",
      "duration_ms": 2.967624999999998
    },
    {
      "file": "store/auth.test.ts",
      "name": "auth store login-time 2FA treats email-verification-required from a leftover registration login path as pending verification",
      "status": "passed",
      "duration_ms": 1.0629169999999704
    },
    {
      "file": "store/auth.test.ts",
      "name": "auth store login-time 2FA marks hydrate complete after successful refresh and user load",
      "status": "passed",
      "duration_ms": 1.0720420000000104
    },
    {
      "file": "store/auth.test.ts",
      "name": "auth store login-time 2FA marks anonymous hydrate complete without throwing after a 401 refresh failure",
      "status": "passed",
      "duration_ms": 0.9480000000000359
    },
    {
      "file": "store/auth.test.ts",
      "name": "auth store login-time 2FA preserves an authenticated store during transient 429 refresh failure",
      "status": "passed",
      "duration_ms": 4.023083999999983
    },
    {
      "file": "store/auth.test.ts",
      "name": "auth store login-time 2FA preserves an authenticated store during transient network failure refresh failure",
      "status": "passed",
      "duration_ms": 1.0009170000000154
    },
    {
      "file": "store/auth.test.ts",
      "name": "auth store login-time 2FA preserves an authenticated store during transient 5xx refresh failure",
      "status": "passed",
      "duration_ms": 0.8641250000000014
    },
    {
      "file": "store/auth.test.ts",
      "name": "auth store login-time 2FA does not persist or log the pre-auth token or submitted code",
      "status": "passed",
      "duration_ms": 1.191665999999998
    },
    {
      "file": "tests/aim-data-continuation.test.ts",
      "name": "exact_continuation_matrix enables continuation when the environment variable is true",
      "status": "passed",
      "duration_ms": 7.689750000000004
    },
    {
      "file": "tests/aim-data-continuation.test.ts",
      "name": "exact_continuation_matrix enables continuation when the environment variable is undefined",
      "status": "passed",
      "duration_ms": 0.7798330000000533
    },
    {
      "file": "tests/aim-data-continuation.test.ts",
      "name": "exact_continuation_matrix accepts exact /oauth/authorize?request=aaaaaaaaaaaaaaaaaaaaaaaaaaaaaaaaaaaaaaaaaaa",
      "status": "passed",
      "duration_ms": 0.5557080000003225
    },
    {
      "file": "tests/aim-data-continuation.test.ts",
      "name": "exact_continuation_matrix accepts exact /oauth/authorize?request=___________________________________________",
      "status": "passed",
      "duration_ms": 0.3569580000003043
    },
    {
      "file": "tests/aim-data-continuation.test.ts",
      "name": "exact_continuation_matrix accepts exact /oauth/authorize?request=-------------------------------------------",
      "status": "passed",
      "duration_ms": 0.2840839999998934
    },
    {
      "file": "tests/aim-data-continuation.test.ts",
      "name": "exact_continuation_matrix rejects /oauth",
      "status": "passed",
      "duration_ms": 0.30012500000020736
    },
    {
      "file": "tests/aim-data-continuation.test.ts",
      "name": "exact_continuation_matrix rejects /oauth/authorize",
      "status": "passed",
      "duration_ms": 0.20841699999982666
    },
    {
      "file": "tests/aim-data-continuation.test.ts",
      "name": "exact_continuation_matrix rejects /oauth/authorize?request=aaaaaaaaaaaaaaaaaaaaaaaaaaaaaaaaaaaaaaaaaaa&extra=1",
      "status": "passed",
      "duration_ms": 0.18204100000002654
    },
    {
      "file": "tests/aim-data-continuation.test.ts",
      "name": "exact_continuation_matrix rejects /oauth/authorize?request=aaaaaaaaaaaaaaaaaaaaaaaaaaaaaaaaaaaaaaaaaaa&request=aaaaaaaaaaaaaaaaaaaaaaaaaaaaaaaaaaaaaaaaaaa",
      "status": "passed",
      "duration_ms": 0.4557919999997466
    },
    {
      "file": "tests/aim-data-continuation.test.ts",
      "name": "exact_continuation_matrix rejects /oauth/authorize?request=aaaaaaaaaaaaaaaaaaaaaaaaaaaaaaaaaaaaaaaaaaa#fragment",
      "status": "passed",
      "duration_ms": 0.7111670000003869
    },
    {
      "file": "tests/aim-data-continuation.test.ts",
      "name": "exact_continuation_matrix rejects /oauth/authorize?%72equest=aaaaaaaaaaaaaaaaaaaaaaaaaaaaaaaaaaaaaaaaaaa",
      "status": "passed",
      "duration_ms": 0.5542919999998048
    },
    {
      "file": "tests/aim-data-continuation.test.ts",
      "name": "exact_continuation_matrix rejects /oauth/authorize?request=%61aaaaaaaaaaaaaaaaaaaaaaaaaaaaaaaaaaaaaaaaaa",
      "status": "passed",
      "duration_ms": 0.47283299999980954
    },
    {
      "file": "tests/aim-data-continuation.test.ts",
      "name": "exact_continuation_matrix rejects https://ai.market/oauth/authorize?request=aaaaaaaaaaaaaaaaaaaaaaaaaaaaaaaaaaaaaaaaaaa",
      "status": "passed",
      "duration_ms": 0.2933749999997417
    },
    {
      "file": "tests/aim-data-continuation.test.ts",
      "name": "exact_continuation_matrix rejects //evil.test/oauth/authorize?request=aaaaaaaaaaaaaaaaaaaaaaaaaaaaaaaaaaaaaaaaaaa",
      "status": "passed",
      "duration_ms": 0.2911250000001928
    },
    {
      "file": "tests/aim-data-continuation.test.ts",
      "name": "exact_continuation_matrix rejects %2Foauth%2Fauthorize%3Frequest%3Daaaaaaaaaaaaaaaaaaaaaaaaaaaaaaaaaaaaaaaaaaa",
      "status": "passed",
      "duration_ms": 0.3073340000000826
    },
    {
      "file": "tests/aim-data-continuation.test.ts",
      "name": "exact_continuation_matrix rejects %252Foauth%252Fauthorize%253Frequest%253Daaaaaaaaaaaaaaaaaaaaaaaaaaaaaaaaaaaaaaaaaaa",
      "status": "passed",
      "duration_ms": 0.49729200000001583
    },
    {
      "file": "tests/aim-data-continuation.test.ts",
      "name": "exact_continuation_matrix rejects /%6fauth/authorize?request=aaaaaaaaaaaaaaaaaaaaaaaaaaaaaaaaaaaaaaaaaaa",
      "status": "passed",
      "duration_ms": 0.3827089999999771
    },
    {
      "file": "tests/aim-data-continuation.test.ts",
      "name": "exact_continuation_matrix rejects /oauth/authorize?request=aaaaaaaaaaaaaaaaaaaaaaaaaaaaaaaaaaaaaaaaaaa\n",
      "status": "passed",
      "duration_ms": 0.19158399999969333
    },
    {
      "file": "tests/aim-data-continuation.test.ts",
      "name": "exact_continuation_matrix rejects /oauth/authorize?request=aaaaaaaaaaaaaaaaaaaaaaaaaaaaaaaaaaaaaaaaaa",
      "status": "passed",
      "duration_ms": 0.10037499999998545
    },
    {
      "file": "tests/aim-data-continuation.test.ts",
      "name": "exact_continuation_matrix rejects /oauth/authorize?request=aaaaaaaaaaaaaaaaaaaaaaaaaaaaaaaaaaaaaaaaaaaa",
      "status": "passed",
      "duration_ms": 0.20745800000031522
    },
    {
      "file": "tests/aim-data-continuation.test.ts",
      "name": "exact_continuation_matrix rejects /oauth/other",
      "status": "passed",
      "duration_ms": 0.197041999999783
    },
    {
      "file": "tests/aim-data-continuation.test.ts",
      "name": "exact_continuation_matrix rejects %",
      "status": "passed",
      "duration_ms": 0.251582999999755
    },
    {
      "file": "tests/aim-data-continuation.test.ts",
      "name": "exact_continuation_matrix expires without extending on reload and clears consumed state",
      "status": "passed",
      "duration_ms": 4.133582999999817
    },
    {
      "file": "tests/aim-data-continuation.test.ts",
      "name": "exact_continuation_matrix rejects corrupt storage {\"request\":\"bad\",\"deadline\":9999999999999}",
      "status": "passed",
      "duration_ms": 0.690791999999874
    },
    {
      "file": "tests/aim-data-continuation.test.ts",
      "name": "exact_continuation_matrix rejects corrupt storage {}",
      "status": "passed",
      "duration_ms": 0.6887090000000171
    },
    {
      "file": "tests/aim-data-continuation.test.ts",
      "name": "exact_continuation_matrix rejects corrupt storage not-json",
      "status": "passed",
      "duration_ms": 0.7989169999996193
    },
    {
      "file": "tests/aim-data-continuation.test.ts",
      "name": "exact_continuation_matrix disables stored and direct OAuth continuation for false while preserving normal navigation",
      "status": "passed",
      "duration_ms": 0.4473330000000715
    },
    {
      "file": "tests/aim-data-continuation.test.ts",
      "name": "exact_continuation_matrix disables stored and direct OAuth continuation for FALSE while preserving normal navigation",
      "status": "passed",
      "duration_ms": 0.24874999999974534
    },
    {
      "file": "tests/aim-data-continuation.test.ts",
      "name": "exact_continuation_matrix disables stored and direct OAuth continuation for  false  while preserving normal navigation",
      "status": "passed",
      "duration_ms": 0.2325829999999769
    },
    {
      "file": "tests/aim-data-continuation.test.ts",
      "name": "exact_continuation_matrix disables stored and direct OAuth continuation for 0 while preserving normal navigation",
      "status": "passed",
      "duration_ms": 0.6947079999999914
    },
    {
      "file": "tests/aim-data-continuation.test.ts",
      "name": "exact_continuation_matrix disables stored and direct OAuth continuation for off while preserving normal navigation",
      "status": "passed",
      "duration_ms": 0.6364590000002863
    },
    {
      "file": "tests/aim-data-continuation.test.ts",
      "name": "website_storage_unchanged",
      "status": "passed",
      "duration_ms": 25.43695800000023
    },
    {
      "file": "tests/aim-data-continuation.test.ts",
      "name": "accepts canonical loopback port 1024",
      "status": "passed",
      "duration_ms": 0.9880410000000666
    },
    {
      "file": "tests/aim-data-continuation.test.ts",
      "name": "accepts canonical loopback port 8080",
      "status": "passed",
      "duration_ms": 0.36275000000023283
    },
    {
      "file": "tests/aim-data-continuation.test.ts",
      "name": "accepts canonical loopback port 8099",
      "status": "passed",
      "duration_ms": 0.1518750000000182
    },
    {
      "file": "tests/aim-data-continuation.test.ts",
      "name": "accepts canonical loopback port 18081",
      "status": "passed",
      "duration_ms": 0.1056669999998121
    },
    {
      "file": "tests/aim-data-continuation.test.ts",
      "name": "accepts canonical loopback port 65535",
      "status": "passed",
      "duration_ms": 0.07804200000009587
    },
    {
      "file": "tests/aim-data-continuation.test.ts",
      "name": "rejects unsafe callback http://127.0.0.1:08099/api/auth/aim-market/callback?code=aaaaaaaaaaaaaaaaaaaaaaaaaaaaaaaaaaaaaaaaaaa&state=aaaaaaaaaaaaaaaaaaaaaaaaaaaaaaaaaaaaaaaaaaa",
      "status": "passed",
      "duration_ms": 0.27337500000021464
    },
    {
      "file": "tests/aim-data-continuation.test.ts",
      "name": "rejects unsafe callback http://127.0.0.1:1023/api/auth/aim-market/callback?code=aaaaaaaaaaaaaaaaaaaaaaaaaaaaaaaaaaaaaaaaaaa&state=aaaaaaaaaaaaaaaaaaaaaaaaaaaaaaaaaaaaaaaaaaa",
      "status": "passed",
      "duration_ms": 0.15254200000026685
    },
    {
      "file": "tests/aim-data-continuation.test.ts",
      "name": "rejects unsafe callback http://127.0.0.1:65536/api/auth/aim-market/callback?code=aaaaaaaaaaaaaaaaaaaaaaaaaaaaaaaaaaaaaaaaaaa&state=aaaaaaaaaaaaaaaaaaaaaaaaaaaaaaaaaaaaaaaaaaa",
      "status": "passed",
      "duration_ms": 0.4859169999999722
    },
    {
      "file": "tests/aim-data-continuation.test.ts",
      "name": "rejects unsafe callback http://localhost:8099/api/auth/aim-market/callback?code=aaaaaaaaaaaaaaaaaaaaaaaaaaaaaaaaaaaaaaaaaaa&state=aaaaaaaaaaaaaaaaaaaaaaaaaaaaaaaaaaaaaaaaaaa",
      "status": "passed",
      "duration_ms": 0.47187499999972715
    },
    {
      "file": "tests/aim-data-continuation.test.ts",
      "name": "rejects unsafe callback http://[::1]:8099/api/auth/aim-market/callback?code=aaaaaaaaaaaaaaaaaaaaaaaaaaaaaaaaaaaaaaaaaaa&state=aaaaaaaaaaaaaaaaaaaaaaaaaaaaaaaaaaaaaaaaaaa",
      "status": "passed",
      "duration_ms": 0.20929200000000492
    },
    {
      "file": "tests/aim-data-continuation.test.ts",
      "name": "rejects unsafe callback http://127.1:8099/api/auth/aim-market/callback?code=aaaaaaaaaaaaaaaaaaaaaaaaaaaaaaaaaaaaaaaaaaa&state=aaaaaaaaaaaaaaaaaaaaaaaaaaaaaaaaaaaaaaaaaaa",
      "status": "passed",
      "duration_ms": 0.11850000000004002
    },
    {
      "file": "tests/aim-data-continuation.test.ts",
      "name": "rejects unsafe callback http://evil@127.0.0.1:8099/api/auth/aim-market/callback?code=aaaaaaaaaaaaaaaaaaaaaaaaaaaaaaaaaaaaaaaaaaa&state=aaaaaaaaaaaaaaaaaaaaaaaaaaaaaaaaaaaaaaaaaaa",
      "status": "passed",
      "duration_ms": 0.16408300000011877
    },
    {
      "file": "tests/aim-data-continuation.test.ts",
      "name": "rejects unsafe callback http://127.0.0.1:8099/%61pi/auth/aim-market/callback?code=aaaaaaaaaaaaaaaaaaaaaaaaaaaaaaaaaaaaaaaaaaa&state=aaaaaaaaaaaaaaaaaaaaaaaaaaaaaaaaaaaaaaaaaaa",
      "status": "passed",
      "duration_ms": 0.156416000000263
    },
    {
      "file": "tests/aim-data-continuation.test.ts",
      "name": "rejects unsafe callback https://127.0.0.1:8099/api/auth/aim-market/callback?code=aaaaaaaaaaaaaaaaaaaaaaaaaaaaaaaaaaaaaaaaaaa&state=aaaaaaaaaaaaaaaaaaaaaaaaaaaaaaaaaaaaaaaaaaa",
      "status": "passed",
      "duration_ms": 0.14379199999984849
    },
    {
      "file": "tests/aim-data-continuation.test.ts",
      "name": "rejects unsafe callback http://127.0.0.1:8099/api/auth/aim-market/callback?code=aaaaaaaaaaaaaaaaaaaaaaaaaaaaaaaaaaaaaaaaaaa&state=aaaaaaaaaaaaaaaaaaaaaaaaaaaaaaaaaaaaaaaaaaa&token=secret",
      "status": "passed",
      "duration_ms": 0.11662500000011278
    },
    {
      "file": "tests/aim-data-continuation.test.ts",
      "name": "rejects unsafe callback http://127.0.0.1:8099/api/auth/aim-market/callback?code=aaaaaaaaaaaaaaaaaaaaaaaaaaaaaaaaaaaaaaaaaaa&state=aaaaaaaaaaaaaaaaaaaaaaaaaaaaaaaaaaaaaaaaaaa#fragment",
      "status": "passed",
      "duration_ms": 0.10087500000008731
    },
    {
      "file": "tests/aim-data-continuation.test.ts",
      "name": "rejects unsafe callback http://127.0.0.1:8099/api/auth/aim-market/callback?code=aaaaaaaaaaaaaaaaaaaaaaaaaaaaaaaaaaaaaaaaaaa&state=aaaaaaaaaaaaaaaaaaaaaaaaaaaaaaaaaaaaaaaaaaa&state=aaaaaaaaaaaaaaaaaaaaaaaaaaaaaaaaaaaaaaaaaaa",
      "status": "passed",
      "duration_ms": 1.4956250000000182
    },
    {
      "file": "tests/aim-data-continuation.test.ts",
      "name": "rejects unsafe callback http://127.0.0.1:8099/api/auth/aim-market/callback?code=aaaaaaaaaaaaaaaaaaaaaaaaaaaaaaaaaaaaaaaaaaa&state=aaaaaaaaaaaaaaaaaaaaaaaaaaaaaaaaaaaaaaaaaaa\n",
      "status": "passed",
      "duration_ms": 0.6512080000002243
    },
    {
      "file": "tests/aim-data-continuation.test.ts",
      "name": "accepts cancellation with only an allowed error and state",
      "status": "passed",
      "duration_ms": 1.3276249999998981
    },
    {
      "file": "tests/aim-data-oauth.test.tsx",
      "name": "enables confirmation when the environment variable is unset",
      "status": "passed",
      "duration_ms": 252.79829100000006
    },
    {
      "file": "tests/aim-data-oauth.test.tsx",
      "name": "no_code_before_continue",
      "status": "passed",
      "duration_ms": 79.10374999999976
    },
    {
      "file": "tests/aim-data-oauth.test.tsx",
      "name": "explicit_account_confirm_cancel: Continue",
      "status": "passed",
      "duration_ms": 40.65470899999991
    },
    {
      "file": "tests/aim-data-oauth.test.tsx",
      "name": "explicit_account_confirm_cancel: Cancel",
      "status": "passed",
      "duration_ms": 28.971542000000227
    },
    {
      "file": "tests/aim-data-oauth.test.tsx",
      "name": "original_tab_resumes_other_browser_rejected",
      "status": "passed",
      "duration_ms": 37.82108299999982
    },
    {
      "file": "tests/aim-data-oauth.test.tsx",
      "name": "disabled_expired_error_ui",
      "status": "passed",
      "duration_ms": 35.18879099999958
    },
    {
      "file": "tests/aim-data-oauth.test.tsx",
      "name": "offers explicit reauthentication for login_required",
      "status": "passed",
      "duration_ms": 49.246042000000216
    },
    {
      "file": "tests/aim-data-oauth.test.tsx",
      "name": "offers explicit reauthentication for invalid_session",
      "status": "passed",
      "duration_ms": 36.200209000000086
    },
    {
      "file": "tests/aim-data-oauth.test.tsx",
      "name": "offers explicit reauthentication for insufficient_assurance",
      "status": "passed",
      "duration_ms": 35.66912500000035
    },
    {
      "file": "tests/aim-data-oauth.test.tsx",
      "name": "password_provider_magic_link_2fa_resume resumes password with and without 2FA",
      "status": "passed",
      "duration_ms": 58.351624999999785
    },
    {
      "file": "tests/aim-data-oauth.test.tsx",
      "name": "password_provider_magic_link_2fa_resume resumes provider with and without 2FA",
      "status": "passed",
      "duration_ms": 28.007959000000028
    },
    {
      "file": "tests/aim-data-oauth.test.tsx",
      "name": "password_provider_magic_link_2fa_resume resumes magic-link with and without 2FA",
      "status": "passed",
      "duration_ms": 18.9392499999999
    },
    {
      "file": "tests/aim-data-oauth.test.tsx",
      "name": "password_provider_magic_link_2fa_resume rehydrates the waiting login tab after a magic link",
      "status": "passed",
      "duration_ms": 10.748250000000098
    },
    {
      "file": "tests/aim-data-oauth.test.tsx",
      "name": "consumes continuation and navigates the validated callback after Continue",
      "status": "passed",
      "duration_ms": 14.569499999999607
    },
    {
      "file": "tests/aim-data-oauth.test.tsx",
      "name": "consumes continuation and navigates the validated callback after Cancel",
      "status": "passed",
      "duration_ms": 19.182000000000244
    },
    {
      "file": "tests/aim-data-oauth.test.tsx",
      "name": "rejects raw page URL /oauth/authorize?request=aaaaaaaaaaaaaaaaaaaaaaaaaaaaaaaaaaaaaaaaaaa&extra=1",
      "status": "passed",
      "duration_ms": 11.061832999999751
    },
    {
      "file": "tests/aim-data-oauth.test.tsx",
      "name": "rejects raw page URL /oauth/authorize?request=aaaaaaaaaaaaaaaaaaaaaaaaaaaaaaaaaaaaaaaaaaa&request=aaaaaaaaaaaaaaaaaaaaaaaaaaaaaaaaaaaaaaaaaaa",
      "status": "passed",
      "duration_ms": 6.2112090000000535
    },
    {
      "file": "tests/aim-data-oauth.test.tsx",
      "name": "rejects raw page URL /oauth/authorize?%72equest=aaaaaaaaaaaaaaaaaaaaaaaaaaaaaaaaaaaaaaaaaaa",
      "status": "passed",
      "duration_ms": 7.277125000000069
    },
    {
      "file": "tests/aim-data-oauth.test.tsx",
      "name": "rejects raw page URL /oauth/authorize?request=aaaaaaaaaaaaaaaaaaaaaaaaaaaaaaaaaaaaaaaaaaa#fragment",
      "status": "passed",
      "duration_ms": 11.514874999999847
    },
    {
      "file": "tests/aim-data-oauth.test.tsx",
      "name": "expires visible confirmation before a late click",
      "status": "passed",
      "duration_ms": 23.785709000000224
    },
    {
      "file": "tests/aim-data-oauth.test.tsx",
      "name": "passes only a valid google provider hint to login without saving it",
      "status": "passed",
      "duration_ms": 57.2095419999996
    },
    {
      "file": "tests/aim-data-oauth.test.tsx",
      "name": "passes only a valid github provider hint to login without saving it",
      "status": "passed",
      "duration_ms": 55.58704099999977
    },
    {
      "file": "tests/aim-data-oauth.test.tsx",
      "name": "passes only a valid invalid provider hint to login without saving it",
      "status": "passed",
      "duration_ms": 56.758749999999964
    },
    {
      "file": "tests/aim-data-oauth.test.tsx",
      "name": "passes only a valid google provider hint to reauthentication",
      "status": "passed",
      "duration_ms": 23.800125000000207
    },
    {
      "file": "tests/aim-data-oauth.test.tsx",
      "name": "passes only a valid github provider hint to reauthentication",
      "status": "passed",
      "duration_ms": 27.93987500000003
    },
    {
      "file": "tests/aim-data-oauth.test.tsx",
      "name": "passes only a valid invalid provider hint to reauthentication",
      "status": "passed",
      "duration_ms": 31.3957919999998
    },
    {
      "file": "app/dashboard/layout.test.tsx",
      "name": "DashboardLayout hydration guard shows the spinner and does not push login from a pristine store",
      "status": "passed",
      "duration_ms": 50.93162500000017
    },
    {
      "file": "app/dashboard/layout.test.tsx",
      "name": "DashboardLayout hydration guard preserves /dashboard/stripe-return in the login redirect after unauthenticated hydration",
      "status": "passed",
      "duration_ms": 14.612707999999884
    },
    {
      "file": "app/dashboard/layout.test.tsx",
      "name": "DashboardLayout hydration guard preserves /dashboard/data-verification/payment-method/return?attempt=9bd1c6b2-1472-4a6c-9d6c-e61d14023163&session_id=cs_test_a1AbCdEf in the login redirect after unauthenticated hydration",
      "status": "passed",
      "duration_ms": 7.562457999999879
    },
    {
      "file": "app/dashboard/layout.test.tsx",
      "name": "DashboardLayout hydration guard renders children after hydrate resolves authenticated",
      "status": "passed",
      "duration_ms": 16.998624999999947
    },
    {
      "file": "app/dashboard/layout.test.tsx",
      "name": "DashboardLayout hydration guard uses a neutral title and overview navigation for a buyer without a display name",
      "status": "passed",
      "duration_ms": 170.68720900000017
    },
    {
      "file": "app/dashboard/layout.test.tsx",
      "name": "DashboardLayout hydration guard uses buyer purchase context for a provisioning seller-capable user without a display name",
      "status": "passed",
      "duration_ms": 12.736166999999796
    },
    {
      "file": "app/dashboard/layout.test.tsx",
      "name": "DashboardLayout hydration guard keeps seller context on a seller route for a provisioning seller-capable user",
      "status": "passed",
      "duration_ms": 13.295166999999992
    },
    {
      "file": "app/dashboard/layout.test.tsx",
      "name": "DashboardLayout hydration guard renders exact active seller navigation",
      "status": "passed",
      "duration_ms": 31.784124999999904
    },
    {
      "file": "app/dashboard/layout.test.tsx",
      "name": "DashboardLayout hydration guard omits Sales for provisioning sellers but keeps Purchases",
      "status": "passed",
      "duration_ms": 27.41362500000014
    },
    {
      "file": "app/dashboard/layout.test.tsx",
      "name": "DashboardLayout hydration guard omits Seller Workspace when the master is default-off",
      "status": "passed",
      "duration_ms": 28.10787500000015
    },
    {
      "file": "app/dashboard/layout.test.tsx",
      "name": "DashboardLayout hydration guard omits Seller Workspace when AWS connect is unavailable",
      "status": "passed",
      "duration_ms": 21.002457999999933
    },
    {
      "file": "app/dashboard/layout.test.tsx",
      "name": "DashboardLayout hydration guard removes a stale Seller Workspace link when the capability request fails",
      "status": "passed",
      "duration_ms": 56.9440840000002
    },
    {
      "file": "app/dashboard/layout.test.tsx",
      "name": "DashboardLayout hydration guard renders exact buyer navigation",
      "status": "passed",
      "duration_ms": 18.96237499999961
    },
    {
      "file": "app/dashboard/layout.test.tsx",
      "name": "DashboardLayout hydration guard redirects a buyer direct visit to /dashboard/sales",
      "status": "passed",
      "duration_ms": 4.2241250000001855
    },
    {
      "file": "app/dashboard/layout.test.tsx",
      "name": "DashboardLayout hydration guard redirects a buyer direct visit to /dashboard/listings",
      "status": "passed",
      "duration_ms": 2.5854999999996835
    },
    {
      "file": "app/dashboard/layout.test.tsx",
      "name": "DashboardLayout hydration guard redirects a buyer direct visit to /dashboard/seller-workspace",
      "status": "passed",
      "duration_ms": 4.001874999999927
    },
    {
      "file": "app/dashboard/page.test.tsx",
      "name": "DashboardOverview seller setup 2FA state renders provisioning seller setup from capability state alone",
      "status": "passed",
      "duration_ms": 284.87529100000006
    },
    {
      "file": "app/dashboard/page.test.tsx",
      "name": "DashboardOverview seller setup 2FA state renders active seller stats from the real contract shape",
      "status": "passed",
      "duration_ms": 68.96916699999974
    },
    {
      "file": "app/dashboard/page.test.tsx",
      "name": "DashboardOverview seller setup 2FA state renders purchases and order rows for an active seller",
      "status": "passed",
      "duration_ms": 121.74408399999993
    },
    {
      "file": "app/dashboard/page.test.tsx",
      "name": "DashboardOverview seller setup 2FA state renders purchases for a provisioning seller",
      "status": "passed",
      "duration_ms": 88.71162499999991
    },
    {
      "file": "app/dashboard/page.test.tsx",
      "name": "DashboardOverview seller setup 2FA state renders purchases first and an explicit empty state for a buyer",
      "status": "passed",
      "duration_ms": 37.47283400000015
    },
    {
      "file": "app/dashboard/page.test.tsx",
      "name": "DashboardOverview seller setup 2FA state summarizes recent buyer orders with status and an orders entry point",
      "status": "passed",
      "duration_ms": 37.52816699999994
    },
    {
      "file": "app/dashboard/page.test.tsx",
      "name": "DashboardOverview seller setup 2FA state keeps active seller dashboard content when purchases fail to load",
      "status": "passed",
      "duration_ms": 34.04554199999984
    },
    {
      "file": "app/dashboard/page.test.tsx",
      "name": "DashboardOverview seller setup 2FA state renders zero Sales awaiting delivery from the real contract shape",
      "status": "passed",
      "duration_ms": 24.983500000000276
    },
    {
      "file": "app/login/LoginForm.test.tsx",
      "name": "auto-starts google once under StrictMode and across rerenders",
      "status": "passed",
      "duration_ms": 600.0070830000002
    },
    {
      "file": "app/login/LoginForm.test.tsx",
      "name": "auto-starts github once under StrictMode and across rerenders",
      "status": "passed",
      "duration_ms": 118.329792
    },
    {
      "file": "app/login/LoginForm.test.tsx",
      "name": "auto-starts google from a saved continuation without reauth",
      "status": "passed",
      "duration_ms": 70.03933400000005
    },
    {
      "file": "app/login/LoginForm.test.tsx",
      "name": "auto-starts github from a saved continuation without reauth",
      "status": "passed",
      "duration_ms": 66.92845799999986
    },
    {
      "file": "app/login/LoginForm.test.tsx",
      "name": "ignores invalid provider invalid",
      "status": "passed",
      "duration_ms": 14.206083000000035
    },
    {
      "file": "app/login/LoginForm.test.tsx",
      "name": "ignores invalid provider Google",
      "status": "passed",
      "duration_ms": 14.856249999999818
    },
    {
      "file": "app/login/LoginForm.test.tsx",
      "name": "ignores invalid provider ",
      "status": "passed",
      "duration_ms": 13.079874999999902
    },
    {
      "file": "app/login/LoginForm.test.tsx",
      "name": "ignores invalid provider https://provider.example",
      "status": "passed",
      "duration_ms": 12.6657909999999
    },
    {
      "file": "app/login/LoginForm.test.tsx",
      "name": "does not auto-start google for an authenticated user",
      "status": "passed",
      "duration_ms": 14.641458000000057
    },
    {
      "file": "app/login/LoginForm.test.tsx",
      "name": "does not auto-start github for an authenticated user",
      "status": "passed",
      "duration_ms": 10.640375000000404
    },
    {
      "file": "app/login/LoginForm.test.tsx",
      "name": "does not auto-start outside AIM Data",
      "status": "passed",
      "duration_ms": 12.431499999999687
    },
    {
      "file": "app/login/LoginForm.test.tsx",
      "name": "shows the normal form and existing error after google fails without retrying",
      "status": "passed",
      "duration_ms": 137.85241599999972
    },
    {
      "file": "app/login/LoginForm.test.tsx",
      "name": "shows the normal form and existing error after github fails without retrying",
      "status": "passed",
      "duration_ms": 119.347667
    },
    {
      "file": "app/login/LoginForm.test.tsx",
      "name": "still starts google from its button with the nonce and authorization URL",
      "status": "passed",
      "duration_ms": 71.19083300000011
    },
    {
      "file": "app/login/LoginForm.test.tsx",
[...]
      "status": "passed",
      "duration_ms": 72.33079099999986
    },
    {
      "file": "app/listings/[slug]/page.test.tsx",
      "name": "S1717 member_files and verification scope keeps workspace null carriers byte-identical to absent carriers",
      "status": "passed",
      "duration_ms": 8.02325000000019
    },
    {
      "file": "app/listings/[slug]/page.test.tsx",
      "name": "S1717 member_files and verification scope renders the exact scope sentence beside workspace scan findings",
      "status": "passed",
      "duration_ms": 40.545250000000124
    },
    {
      "file": "app/listings/[slug]/page.test.tsx",
      "name": "S1717 member_files and verification scope ignores extra private sample metadata on the workspace carrier",
      "status": "passed",
      "duration_ms": 9.807667000000038
    },
    {
      "file": "app/listings/[slug]/page.test.tsx",
      "name": "S1717 member_files and verification scope renders scope without sample files or scan findings",
      "status": "passed",
      "duration_ms": 4.826208999999835
    },
    {
      "file": "app/l/[code]/page.test.tsx",
      "name": "SharePage generates published listing metadata with OG, Twitter, canonical, and card image fields",
      "status": "passed",
      "duration_ms": 10.718000000000018
    },
    {
      "file": "app/l/[code]/page.test.tsx",
      "name": "SharePage renders the JSON-LD script, card preview, and View listing CTA for published shares",
      "status": "passed",
      "duration_ms": 19.90891700000003
    },
    {
      "file": "app/l/[code]/page.test.tsx",
      "name": "SharePage returns generic noindex metadata and renders the friendly unavailable page for 410 shares",
      "status": "passed",
      "duration_ms": 1.7352919999999585
    },
    {
      "file": "app/l/[code]/page.test.tsx",
      "name": "SharePage returns a minimal OG fallback without throwing when the metadata fetch fails",
      "status": "passed",
      "duration_ms": 0.4386250000000018
    },
    {
      "file": "app/requests/[slug]/DataRequestDetailClient.test.tsx",
      "name": "DataRequestDetailClient authenticated fallback loading renders an owner draft and its open action after the authenticated fetch succeeds",
      "status": "passed",
      "duration_ms": 390.21670800000015
    },
    {
      "file": "app/requests/[slug]/DataRequestDetailClient.test.tsx",
      "name": "DataRequestDetailClient authenticated fallback loading renders an explicit not-found state with a requests link when the authenticated fetch fails",
      "status": "passed",
      "duration_ms": 26.099334
    },
    {
      "file": "app/requests/[slug]/DataRequestDetailClient.test.tsx",
      "name": "DataRequestDetailClient authenticated fallback loading shows the authoritative reason and confirms the exact current request text",
      "status": "passed",
      "duration_ms": 47.52037500000006
    },
    {
      "file": "app/requests/[slug]/DataRequestDetailClient.test.tsx",
      "name": "DataRequestDetailClient authenticated fallback loading does not claim the request is public when a later automatic check is still pending",
      "status": "passed",
      "duration_ms": 41.362708999999995
    },
    {
      "file": "app/requests/[slug]/DataRequestDetailClient.test.tsx",
      "name": "DataRequestDetailClient authenticated fallback loading withdraws public consent without deleting the request",
      "status": "passed",
      "duration_ms": 55.621000000000095
    },
    {
      "file": "app/requests/[slug]/DataRequestDetailClient.test.tsx",
      "name": "DataRequestDetailClient authenticated fallback loading does not ask the buyer to act while an automatic safety retry is pending",
      "status": "passed",
      "duration_ms": 21.625208000000384
    },
    {
      "file": "app/requests/[slug]/DataRequestDetailClient.test.tsx",
      "name": "DataRequestDetailClient authenticated fallback loading does not describe a genuine safety exception as an automatic retry",
      "status": "passed",
      "duration_ms": 13.068667000000005
    },
    {
      "file": "app/requests/[slug]/page.test.tsx",
      "name": "DataRequestDetailPage Demand JSON-LD server-renders exactly one Demand JSON-LD script from the backend payload",
      "status": "passed",
      "duration_ms": 29.942417000000034
    },
    {
      "file": "app/requests/[slug]/page.test.tsx",
      "name": "DataRequestDetailPage Demand JSON-LD suppresses Demand JSON-LD when the request flag is false",
      "status": "passed",
      "duration_ms": 3.0219169999999735
    },
    {
      "file": "app/requests/[slug]/page.test.tsx",
      "name": "DataRequestDetailPage Demand JSON-LD suppresses Demand JSON-LD for noindex responses",
      "status": "passed",
      "duration_ms": 1.533124999999984
    },
    {
      "file": "app/requests/[slug]/page.test.tsx",
      "name": "DataRequestDetailPage Demand JSON-LD renders the client loader instead of calling notFound when the anonymous fetch misses",
      "status": "passed",
      "duration_ms": 2.4075840000000426
    },
    {
      "file": "app/requests/[slug]/page.test.tsx",
      "name": "DataRequestDetailPage Demand JSON-LD returns neutral noindex metadata when the anonymous fetch misses",
      "status": "passed",
      "duration_ms": 1.4153329999999755
    },
    {
      "file": "app/dashboard/data-verification/payment-method/page.test.tsx",
      "name": "data-verification payment-method page renders fixed setup copy, reauthenticates, and uses direct top-level navigation",
      "status": "passed",
      "duration_ms": 343.86504200000013
    },
    {
      "file": "app/dashboard/data-verification/payment-method/page.test.tsx",
      "name": "data-verification payment-method page restores normal cancel focus to the connected setup opener",
      "status": "passed",
      "duration_ms": 53.620082999999795
    },
    {
      "file": "app/dashboard/data-verification/payment-method/page.test.tsx",
      "name": "data-verification payment-method page focuses Back to settings after a deferred setup creation failure removes the opener",
      "status": "passed",
      "duration_ms": 82.42212500000005
    },
    {
      "file": "app/dashboard/data-verification/payment-method/page.test.tsx",
      "name": "data-verification payment-method page hides all pay-in content and focuses only generic settings navigation after setup creation 403",
      "status": "passed",
      "duration_ms": 69.51054199999999
    },
    {
      "file": "app/dashboard/data-verification/payment-method/page.test.tsx",
      "name": "data-verification payment-method page renders the route inside exactly one outer dashboard main landmark",
      "status": "passed",
      "duration_ms": 19.02520800000002
    },
    {
      "file": "app/dashboard/data-verification/payment-method/page.test.tsx",
      "name": "data-verification payment-method page uses the replacement label and fixed ready copy",
      "status": "passed",
      "duration_ms": 16.28924999999981
    },
    {
      "file": "app/dashboard/data-verification/payment-method/page.test.tsx",
      "name": "data-verification payment-method page uses stable page live regions for a deferred setup_required setup-readiness outcome",
      "status": "passed",
      "duration_ms": 24.333374999999705
    },
    {
      "file": "app/dashboard/data-verification/payment-method/page.test.tsx",
      "name": "data-verification payment-method page uses stable page live regions for a deferred ready setup-readiness outcome",
      "status": "passed",
      "duration_ms": 21.34375
    },
    {
      "file": "app/dashboard/data-verification/payment-method/page.test.tsx",
      "name": "data-verification payment-method page uses stable page live regions for a deferred setup_pending setup-readiness outcome",
      "status": "passed",
      "duration_ms": 18.312792000000172
    },
    {
      "file": "app/dashboard/data-verification/payment-method/page.test.tsx",
      "name": "data-verification payment-method page uses stable page live regions for a deferred network_error setup-readiness outcome",
      "status": "passed",
      "duration_ms": 19.948374999999942
    },
    {
      "file": "app/dashboard/data-verification/payment-method/page.test.tsx",
      "name": "data-verification payment-method page renders fixed setup_pending copy without an action button",
      "status": "passed",
      "duration_ms": 8.359207999999853
    },
    {
      "file": "app/dashboard/data-verification/payment-method/page.test.tsx",
      "name": "data-verification payment-method page renders fixed blocked copy without an action button",
      "status": "passed",
      "duration_ms": 6.054458999999952
    },
    {
      "file": "app/dashboard/data-verification/payment-method/page.test.tsx",
      "name": "data-verification payment-method page removes cancellation queries before readiness and renders fixed cancel copy",
      "status": "passed",
      "duration_ms": 9.577666999999565
    },
    {
      "file": "app/dashboard/data-verification/payment-method/page.test.tsx",
      "name": "data-verification payment-method page uses fixed failure copy for a network error and hides a not-found surface",
      "status": "passed",
      "duration_ms": 26.253584000000046
    },
    {
      "file": "app/dashboard/data-verification/payment-method/page.test.tsx",
      "name": "data-verification payment-method page hides the dedicated surface for an authenticated but ineligible seller",
      "status": "passed",
      "duration_ms": 14.490334000000075
    },
    {
      "file": "app/dashboard/data-verification/payment-method/page.test.tsx",
      "name": "data-verification payment-method page does not render identifiers, card metadata, or Connect status from server text",
      "status": "passed",
      "duration_ms": 14.832666999999674
    },
    {
      "file": "app/dashboard/data-verification/payment-method/page.test.tsx",
      "name": "data-verification payment-method page has no embedded payment, secret, persistence, analytics, or Stripe dependency surface",
      "status": "passed",
      "duration_ms": 2.740541000000121
    },
    {
      "file": "app/dashboard/orders/[id]/page.test.tsx",
      "name": "OrderDetailPage viewer relationship gating does not offer Mark Delivered to a buyer of record who also has global seller role",
      "status": "passed",
      "duration_ms": 216.4860000000001
    },
    {
      "file": "app/dashboard/orders/[id]/page.test.tsx",
      "name": "OrderDetailPage viewer relationship gating offers Mark Delivered to the seller of record",
      "status": "passed",
      "duration_ms": 187.34137499999997
    },
    {
      "file": "app/dashboard/orders/[id]/page.test.tsx",
      "name": "OrderDetailPage viewer relationship gating discards a participant-authorized transaction that belongs to another order",
      "status": "passed",
      "duration_ms": 34.28450000000021
    },
    {
      "file": "app/dashboard/orders/[id]/page.test.tsx",
      "name": "OrderDetailPage viewer relationship gating renders a transaction that belongs to the current order",
      "status": "passed",
      "duration_ms": 40.46562500000027
    },
    {
      "file": "app/dashboard/orders/[id]/page.test.tsx",
      "name": "OrderDetailPage viewer relationship gating hides buyer actions and download preparation from a seller of record",
      "status": "passed",
      "duration_ms": 20.5815419999999
    },
    {
      "file": "app/dashboard/orders/[id]/page.test.tsx",
      "name": "OrderDetailPage viewer relationship gating offers Confirm Receipt to the buyer of record",
      "status": "passed",
      "duration_ms": 22.445666999999958
    },
    {
      "file": "app/dashboard/orders/[id]/page.test.tsx",
      "name": "OrderDetailPage viewer relationship gating prepares fulfilled downloads exactly once for the buyer of record",
      "status": "passed",
      "duration_ms": 57.47766599999977
    },
    {
      "file": "app/dashboard/orders/[id]/page.test.tsx",
      "name": "OrderDetailPage viewer relationship gating shows Workspace downloads without automatically consuming an allowance",
      "status": "passed",
      "duration_ms": 57.279583
    },
    {
      "file": "app/dashboard/data-verification/payment-method/return/page.test.tsx",
      "name": "data-verification payment-method return page maps the return URL query to the initial payment-method props intact",
      "status": "passed",
      "duration_ms": 18.06316700000002
    },
    {
      "file": "app/dashboard/data-verification/payment-method/return/page.test.tsx",
      "name": "data-verification payment-method return page renders the return route inside exactly one outer dashboard main landmark",
      "status": "passed",
      "duration_ms": 229.48887500000023
    },
    {
      "file": "app/dashboard/data-verification/payment-method/return/page.test.tsx",
      "name": "data-verification payment-method return page uses server-captured values when hydration has already removed the query",
      "status": "passed",
      "duration_ms": 130.80795799999987
    },
    {
      "file": "app/dashboard/data-verification/payment-method/return/page.test.tsx",
      "name": "data-verification payment-method return page removes query values before network work and reconciles only with a fresh token",
      "status": "passed",
      "duration_ms": 100.0512090000002
    },
    {
      "file": "app/dashboard/data-verification/payment-method/return/page.test.tsx",
      "name": "data-verification payment-method return page reschedules the scrub under React StrictMode and removes a query restored by Next",
      "status": "passed",
      "duration_ms": 73.52929199999971
    },
    {
      "file": "app/dashboard/data-verification/payment-method/return/page.test.tsx",
      "name": "data-verification payment-method return page announces a deferred ready reconcile outcome through stable page live regions",
      "status": "passed",
      "duration_ms": 105.7180830000002
    },
    {
      "file": "app/dashboard/data-verification/payment-method/return/page.test.tsx",
      "name": "data-verification payment-method return page announces a deferred pending reconcile outcome through stable page live regions",
      "status": "passed",
      "duration_ms": 97.66258300000027
    },
    {
      "file": "app/dashboard/data-verification/payment-method/return/page.test.tsx",
      "name": "data-verification payment-method return page announces a deferred failed reconcile outcome through stable page live regions",
      "status": "passed",
      "duration_ms": 92.98266599999988
    },
    {
      "file": "app/dashboard/data-verification/payment-method/return/page.test.tsx",
      "name": "data-verification payment-method return page announces a deferred network_error reconcile outcome through stable page live regions",
      "status": "passed",
      "duration_ms": 85.86379199999965
    },
    {
      "file": "app/dashboard/data-verification/payment-method/return/page.test.tsx",
      "name": "data-verification payment-method return page renders fixed pending reconcile copy",
      "status": "passed",
      "duration_ms": 111.71233299999994
    },
    {
      "file": "app/dashboard/data-verification/payment-method/return/page.test.tsx",
      "name": "data-verification payment-method return page renders fixed failed reconcile copy",
      "status": "passed",
      "duration_ms": 83.13045800000009
    },
    {
      "file": "app/dashboard/data-verification/payment-method/return/page.test.tsx",
      "name": "data-verification payment-method return page uses fixed failure copy after network loss",
      "status": "passed",
      "duration_ms": 79.964833
    },
    {
      "file": "app/dashboard/data-verification/payment-method/return/page.test.tsx",
      "name": "data-verification payment-method return page keeps opaque values only in memory and requires fresh reauth on two retries",
      "status": "passed",
      "duration_ms": 188.34062500000027
    },
    {
      "file": "app/dashboard/data-verification/payment-method/return/page.test.tsx",
      "name": "data-verification payment-method return page focuses Back to settings after a deferred terminal retry removes its opener",
      "status": "passed",
      "duration_ms": 129.98374999999987
    },
    {
      "file": "app/dashboard/data-verification/payment-method/return/page.test.tsx",
      "name": "data-verification payment-method return page hides all pay-in content and focuses only generic settings navigation after reconciliation 403",
      "status": "passed",
      "duration_ms": 77.27374999999984
    },
    {
      "file": "app/dashboard/data-verification/payment-method/return/page.test.tsx",
      "name": "data-verification payment-method return page focuses Back to settings after cancelling a retry opened by a deferred preflight",
      "status": "passed",
      "duration_ms": 104.27154199999995
    },
    {
      "file": "app/dashboard/data-verification/payment-method/return/page.test.tsx",
      "name": "data-verification payment-method return page issues only one readiness request for two rapid retry clicks",
      "status": "passed",
      "duration_ms": 89.37016600000015
    },
    {
      "file": "app/dashboard/data-verification/payment-method/return/page.test.tsx",
      "name": "data-verification payment-method return page hides the return surface if the endpoint becomes unavailable",
      "status": "passed",
      "duration_ms": 46.51825000000008
    },
    {
      "file": "app/dashboard/data-verification/payment-method/return/page.test.tsx",
      "name": "data-verification payment-method return page renders fixed cancellation copy when the return rechallenge is closed",
      "status": "passed",
      "duration_ms": 117.97629099999995
    },
    {
      "file": "app/dashboard/data-verification/payment-method/return/page.test.tsx",
      "name": "data-verification payment-method return page checks availability before showing fixed failure copy for invalid return values",
      "status": "passed",
      "duration_ms": 43.16670900000008
    },
    {
      "file": "app/dashboard/data-verification/payment-method/return/page.test.tsx",
      "name": "data-verification payment-method return page hides an unavailable return surface even when callback values are invalid",
      "status": "passed",
      "duration_ms": 48.148791000000074
    },
    {
      "file": "app/dashboard/listings/[id]/edit/page.test.tsx",
      "name": "EditListingPage shows Publish and not Unpublish for unlisted listings, then marks publish success locally",
      "status": "passed",
      "duration_ms": 409.6167079999998
    },
    {
      "file": "app/dashboard/listings/[id]/edit/page.test.tsx",
      "name": "EditListingPage shows Unpublish and not Publish for published listings, then switches local status to unlisted",
      "status": "passed",
      "duration_ms": 209.3993330000003
    },
    {
      "file": "app/dashboard/listings/[id]/edit/page.test.tsx",
      "name": "EditListingPage falls back to row_count and saves it with the compliance fields",
      "status": "passed",
      "duration_ms": 80.16550000000007
    },
    {
      "file": "app/dashboard/listings/[id]/edit/page.test.tsx",
      "name": "EditListingPage prefers source_row_count when both row count fields are present",
      "status": "passed",
      "duration_ms": 78.64191699999992
    },
    {
      "file": "app/dashboard/listings/[id]/edit/page.test.tsx",
      "name": "EditListingPage preserves an explicit zero source_row_count over row_count",
      "status": "passed",
      "duration_ms": 61.91125000000011
    },
    {
      "file": "app/dashboard/listings/[id]/edit/page.test.tsx",
      "name": "EditListingPage defaults an absent row count to zero and keeps it in the update payload",
      "status": "passed",
      "duration_ms": 64.7859169999997
    }
  ]
}
